[ 2017-08-13T13:34:29+08:00 ] 45.76.170.105 112.10.171.131 GET /Group/authorization?gid=36&groupname=snw
[ log ] www.sunaiwen.com/Group/authorization?gid=36&groupname=snw [运行时间：0.073461s][吞吐率：13.61req/s] [内存消耗：3,607.19kb] [文件加载：57]
[ info ] [ LANG ] /home/wwwroot/default/blog/blog/thinkphp/lang/zh-cn.php
[ info ] [ BIND ] 'admin'
[ info ] [ ROUTE ] array (
  'type' => 'module',
  'module' => 
  array (
    0 => 'admin',
    1 => 'Group',
    2 => 'authorization',
  ),
)
[ info ] [ HEADER ] array (
  'host' => 'www.sunaiwen.com',
  'connection' => 'keep-alive',
  'upgrade-insecure-requests' => '1',
  'user-agent' => 'Mozilla/5.0 (Windows NT 10.0; Win64; x64) AppleWebKit/537.36 (KHTML, like Gecko) Chrome/60.0.3112.90 Safari/537.36',
  'accept' => 'text/html,application/xhtml+xml,application/xml;q=0.9,image/webp,image/apng,*/*;q=0.8',
  'referer' => 'http://www.sunaiwen.com/Group/groupauthorization',
  'accept-encoding' => 'gzip, deflate',
  'accept-language' => 'zh-CN,zh;q=0.8',
  'cookie' => 'thinkphp_show_page_trace=0|0; PHPSESSID=ldf58bqb226l084ihsv315gsf2; thinkphp_show_page_trace=0|0',
  'content-type' => '',
  'content-length' => '',
)
[ info ] [ PARAM ] array (
  'gid' => '36',
  'groupname' => 'snw',
)
[ info ] [ SESSION ] INIT array (
  'id' => '',
  'var_session_id' => '',
  'prefix' => 'think',
  'type' => '',
  'auto_start' => true,
)
[ info ] [ RUN ] app\admin\controller\Group->authorization[ /home/wwwroot/default/blog/blog/app/admin/controller/Group.php ]
[ info ] [ DB ] INIT mysql
[ info ] [ DB ] INIT mysql
[ info ] [ DB ] INIT mysql
[ info ] [ DB ] INIT mysql
[ info ] [ DB ] INIT mysql
[ info ] [ DB ] INIT mysql
[ info ] [ DB ] INIT mysql
[ info ] [ DB ] INIT mysql
[ info ] [ DB ] INIT mysql
[ info ] [ DB ] INIT mysql
[ info ] [ DB ] INIT mysql
[ info ] [ DB ] INIT mysql
[ info ] [ DB ] INIT mysql
[ info ] [ VIEW ] /home/wwwroot/default/blog/blog/public/../app/admin/view/group/authorization.html [ array (
  0 => 'gid',
  1 => 'groupname',
  2 => 'aut',
) ]
[ info ] [ LOG ] INIT File
[ sql ] [ DB ] CONNECT:[ UseTime:0.000967s ] mysql:dbname=blog;host=127.0.0.1;charset=utf8
[ sql ] [ SQL ] SHOW COLUMNS FROM `module_menu` [ RunTime:0.001699s ]
[ sql ] [ SQL ] SELECT `u`.`groupname`,`u`.`statue`,`m`.`controller`,`m`.`method`,`m`.`menu_name`,`m`.`id`,`m`.`module` FROM `module_menu` `m` INNER JOIN `user_role_priv` `u` ON `m`.`controller`=`u`.`controller` AND `m`.`method`=`u`.`method` WHERE  `u`.`groupname` = 'snw'  AND `m`.`parent_id` = 0 [ RunTime:0.000536s ]
[ sql ] [ DB ] CONNECT:[ UseTime:0.000359s ] mysql:dbname=blog;host=127.0.0.1;charset=utf8
[ sql ] [ SQL ] SELECT `u`.`groupname`,`u`.`statue`,`m`.`controller`,`m`.`method`,`m`.`menu_name`,`m`.`id`,`m`.`module` FROM `module_menu` `m` INNER JOIN `user_role_priv` `u` ON `m`.`controller`=`u`.`controller` AND `m`.`method`=`u`.`method` WHERE  `u`.`groupname` = 'snw'  AND `m`.`parent_id` = 1 [ RunTime:0.000267s ]
[ sql ] [ DB ] CONNECT:[ UseTime:0.000289s ] mysql:dbname=blog;host=127.0.0.1;charset=utf8
[ sql ] [ SQL ] SELECT `u`.`groupname`,`u`.`statue`,`m`.`controller`,`m`.`method`,`m`.`menu_name`,`m`.`id`,`m`.`module` FROM `module_menu` `m` INNER JOIN `user_role_priv` `u` ON `m`.`controller`=`u`.`controller` AND `m`.`method`=`u`.`method` WHERE  `u`.`groupname` = 'snw'  AND `m`.`parent_id` = 2 [ RunTime:0.000334s ]
[ sql ] [ DB ] CONNECT:[ UseTime:0.000297s ] mysql:dbname=blog;host=127.0.0.1;charset=utf8
[ sql ] [ SQL ] SELECT `u`.`groupname`,`u`.`statue`,`m`.`controller`,`m`.`method`,`m`.`menu_name`,`m`.`id`,`m`.`module` FROM `module_menu` `m` INNER JOIN `user_role_priv` `u` ON `m`.`controller`=`u`.`controller` AND `m`.`method`=`u`.`method` WHERE  `u`.`groupname` = 'snw'  AND `m`.`parent_id` = 3 [ RunTime:0.000274s ]
[ sql ] [ DB ] CONNECT:[ UseTime:0.000448s ] mysql:dbname=blog;host=127.0.0.1;charset=utf8
[ sql ] [ SQL ] SELECT `u`.`groupname`,`u`.`statue`,`m`.`controller`,`m`.`method`,`m`.`menu_name`,`m`.`id`,`m`.`module` FROM `module_menu` `m` INNER JOIN `user_role_priv` `u` ON `m`.`controller`=`u`.`controller` AND `m`.`method`=`u`.`method` WHERE  `u`.`groupname` = 'snw'  AND `m`.`parent_id` = 4 [ RunTime:0.000278s ]
[ sql ] [ DB ] CONNECT:[ UseTime:0.000299s ] mysql:dbname=blog;host=127.0.0.1;charset=utf8
[ sql ] [ SQL ] SELECT `u`.`groupname`,`u`.`statue`,`m`.`controller`,`m`.`method`,`m`.`menu_name`,`m`.`id`,`m`.`module` FROM `module_menu` `m` INNER JOIN `user_role_priv` `u` ON `m`.`controller`=`u`.`controller` AND `m`.`method`=`u`.`method` WHERE  `u`.`groupname` = 'snw'  AND `m`.`parent_id` = 5 [ RunTime:0.000321s ]
[ sql ] [ DB ] CONNECT:[ UseTime:0.000328s ] mysql:dbname=blog;host=127.0.0.1;charset=utf8
[ sql ] [ SQL ] SELECT `u`.`groupname`,`u`.`statue`,`m`.`controller`,`m`.`method`,`m`.`menu_name`,`m`.`id`,`m`.`module` FROM `module_menu` `m` INNER JOIN `user_role_priv` `u` ON `m`.`controller`=`u`.`controller` AND `m`.`method`=`u`.`method` WHERE  `u`.`groupname` = 'snw'  AND `m`.`parent_id` = 6 [ RunTime:0.000321s ]
[ sql ] [ DB ] CONNECT:[ UseTime:0.000266s ] mysql:dbname=blog;host=127.0.0.1;charset=utf8
[ sql ] [ SQL ] SELECT `u`.`groupname`,`u`.`statue`,`m`.`controller`,`m`.`method`,`m`.`menu_name`,`m`.`id`,`m`.`module` FROM `module_menu` `m` INNER JOIN `user_role_priv` `u` ON `m`.`controller`=`u`.`controller` AND `m`.`method`=`u`.`method` WHERE  `u`.`groupname` = 'snw'  AND `m`.`parent_id` = 7 [ RunTime:0.000275s ]
[ sql ] [ DB ] CONNECT:[ UseTime:0.000459s ] mysql:dbname=blog;host=127.0.0.1;charset=utf8
[ sql ] [ SQL ] SELECT `u`.`groupname`,`u`.`statue`,`m`.`controller`,`m`.`method`,`m`.`menu_name`,`m`.`id`,`m`.`module` FROM `module_menu` `m` INNER JOIN `user_role_priv` `u` ON `m`.`controller`=`u`.`controller` AND `m`.`method`=`u`.`method` WHERE  `u`.`groupname` = 'snw'  AND `m`.`parent_id` = 8 [ RunTime:0.000272s ]
[ sql ] [ DB ] CONNECT:[ UseTime:0.000307s ] mysql:dbname=blog;host=127.0.0.1;charset=utf8
[ sql ] [ SQL ] SELECT `u`.`groupname`,`u`.`statue`,`m`.`controller`,`m`.`method`,`m`.`menu_name`,`m`.`id`,`m`.`module` FROM `module_menu` `m` INNER JOIN `user_role_priv` `u` ON `m`.`controller`=`u`.`controller` AND `m`.`method`=`u`.`method` WHERE  `u`.`groupname` = 'snw'  AND `m`.`parent_id` = 9 [ RunTime:0.000297s ]
[ sql ] [ DB ] CONNECT:[ UseTime:0.000257s ] mysql:dbname=blog;host=127.0.0.1;charset=utf8
[ sql ] [ SQL ] SELECT `u`.`groupname`,`u`.`statue`,`m`.`controller`,`m`.`method`,`m`.`menu_name`,`m`.`id`,`m`.`module` FROM `module_menu` `m` INNER JOIN `user_role_priv` `u` ON `m`.`controller`=`u`.`controller` AND `m`.`method`=`u`.`method` WHERE  `u`.`groupname` = 'snw'  AND `m`.`parent_id` = 10 [ RunTime:0.000218s ]
[ sql ] [ DB ] CONNECT:[ UseTime:0.000273s ] mysql:dbname=blog;host=127.0.0.1;charset=utf8
[ sql ] [ SQL ] SELECT `u`.`groupname`,`u`.`statue`,`m`.`controller`,`m`.`method`,`m`.`menu_name`,`m`.`id`,`m`.`module` FROM `module_menu` `m` INNER JOIN `user_role_priv` `u` ON `m`.`controller`=`u`.`controller` AND `m`.`method`=`u`.`method` WHERE  `u`.`groupname` = 'snw'  AND `m`.`parent_id` = 11 [ RunTime:0.000253s ]
[ sql ] [ DB ] CONNECT:[ UseTime:0.000303s ] mysql:dbname=blog;host=127.0.0.1;charset=utf8
[ sql ] [ SQL ] SELECT `u`.`groupname`,`u`.`statue`,`m`.`controller`,`m`.`method`,`m`.`menu_name`,`m`.`id`,`m`.`module` FROM `module_menu` `m` INNER JOIN `user_role_priv` `u` ON `m`.`controller`=`u`.`controller` AND `m`.`method`=`u`.`method` WHERE  `u`.`groupname` = 'snw'  AND `m`.`parent_id` = 12 [ RunTime:0.000319s ]

---------------------------------------------------------------
[ 2017-08-13T13:34:53+08:00 ] 45.76.170.105 112.10.171.131 GET /
[ log ] www.sunaiwen.com/ [运行时间：0.028578s][吞吐率：34.99req/s] [内存消耗：3,243.34kb] [文件加载：57]
[ info ] [ LANG ] /home/wwwroot/default/blog/blog/thinkphp/lang/zh-cn.php
[ info ] [ BIND ] 'admin'
[ info ] [ ROUTE ] array (
  'type' => 'module',
  'module' => 
  array (
    0 => 'admin',
    1 => NULL,
    2 => NULL,
  ),
)
[ info ] [ HEADER ] array (
  'host' => 'www.sunaiwen.com',
  'connection' => 'keep-alive',
  'upgrade-insecure-requests' => '1',
  'user-agent' => 'Mozilla/5.0 (Windows NT 10.0; Win64; x64) AppleWebKit/537.36 (KHTML, like Gecko) Chrome/60.0.3112.90 Safari/537.36',
  'accept' => 'text/html,application/xhtml+xml,application/xml;q=0.9,image/webp,image/apng,*/*;q=0.8',
  'accept-encoding' => 'gzip, deflate',
  'accept-language' => 'zh-CN,zh;q=0.8',
  'cookie' => 'PHPSESSID=ldf58bqb226l084ihsv315gsf2; thinkphp_show_page_trace=0|0',
  'content-type' => '',
  'content-length' => '',
)
[ info ] [ PARAM ] array (
)
[ info ] [ SESSION ] INIT array (
  'id' => '',
  'var_session_id' => '',
  'prefix' => 'think',
  'type' => '',
  'auto_start' => true,
)
[ info ] [ RUN ] app\admin\controller\Index->index[ /home/wwwroot/default/blog/blog/app/admin/controller/Index.php ]
[ info ] [ DB ] INIT mysql
[ info ] [ VIEW ] /home/wwwroot/default/blog/blog/public/../app/admin/view/index/index.html [ array (
  0 => 'article',
) ]
[ info ] [ LOG ] INIT File
[ sql ] [ DB ] CONNECT:[ UseTime:0.000331s ] mysql:dbname=blog;host=127.0.0.1;charset=utf8
[ sql ] [ SQL ] SHOW COLUMNS FROM `article` [ RunTime:0.000702s ]
[ sql ] [ SQL ] SELECT * FROM `article` ORDER BY create_time desc [ RunTime:0.000209s ]

---------------------------------------------------------------
[ 2017-08-13T17:14:37+08:00 ] 45.76.170.105 112.10.171.131 GET /Group/authorization?gid=36&groupname=snw
[ log ] www.sunaiwen.com/Group/authorization?gid=36&groupname=snw [运行时间：0.071246s][吞吐率：14.04req/s] [内存消耗：3,607.23kb] [文件加载：57]
[ info ] [ LANG ] /home/wwwroot/default/blog/blog/thinkphp/lang/zh-cn.php
[ info ] [ BIND ] 'admin'
[ info ] [ ROUTE ] array (
  'type' => 'module',
  'module' => 
  array (
    0 => 'admin',
    1 => 'Group',
    2 => 'authorization',
  ),
)
[ info ] [ HEADER ] array (
  'host' => 'www.sunaiwen.com',
  'connection' => 'keep-alive',
  'cache-control' => 'max-age=0',
  'upgrade-insecure-requests' => '1',
  'user-agent' => 'Mozilla/5.0 (Windows NT 10.0; Win64; x64) AppleWebKit/537.36 (KHTML, like Gecko) Chrome/60.0.3112.90 Safari/537.36',
  'accept' => 'text/html,application/xhtml+xml,application/xml;q=0.9,image/webp,image/apng,*/*;q=0.8',
  'referer' => 'http://www.sunaiwen.com/Group/groupauthorization',
  'accept-encoding' => 'gzip, deflate',
  'accept-language' => 'zh-CN,zh;q=0.8',
  'cookie' => 'thinkphp_show_page_trace=0|0; PHPSESSID=ldf58bqb226l084ihsv315gsf2; thinkphp_show_page_trace=0|0',
  'content-type' => '',
  'content-length' => '',
)
[ info ] [ PARAM ] array (
  'gid' => '36',
  'groupname' => 'snw',
)
[ info ] [ SESSION ] INIT array (
  'id' => '',
  'var_session_id' => '',
  'prefix' => 'think',
  'type' => '',
  'auto_start' => true,
)
[ info ] [ RUN ] app\admin\controller\Group->authorization[ /home/wwwroot/default/blog/blog/app/admin/controller/Group.php ]
[ info ] [ DB ] INIT mysql
[ info ] [ DB ] INIT mysql
[ info ] [ DB ] INIT mysql
[ info ] [ DB ] INIT mysql
[ info ] [ DB ] INIT mysql
[ info ] [ DB ] INIT mysql
[ info ] [ DB ] INIT mysql
[ info ] [ DB ] INIT mysql
[ info ] [ DB ] INIT mysql
[ info ] [ DB ] INIT mysql
[ info ] [ DB ] INIT mysql
[ info ] [ DB ] INIT mysql
[ info ] [ DB ] INIT mysql
[ info ] [ VIEW ] /home/wwwroot/default/blog/blog/public/../app/admin/view/group/authorization.html [ array (
  0 => 'gid',
  1 => 'groupname',
  2 => 'aut',
) ]
[ info ] [ LOG ] INIT File
[ sql ] [ DB ] CONNECT:[ UseTime:0.003198s ] mysql:dbname=blog;host=127.0.0.1;charset=utf8
[ sql ] [ SQL ] SHOW COLUMNS FROM `module_menu` [ RunTime:0.001864s ]
[ sql ] [ SQL ] SELECT `u`.`groupname`,`u`.`statue`,`m`.`controller`,`m`.`method`,`m`.`menu_name`,`m`.`id`,`m`.`module` FROM `module_menu` `m` INNER JOIN `user_role_priv` `u` ON `m`.`controller`=`u`.`controller` AND `m`.`method`=`u`.`method` WHERE  `u`.`groupname` = 'snw'  AND `m`.`parent_id` = 0 [ RunTime:0.000412s ]
[ sql ] [ DB ] CONNECT:[ UseTime:0.000377s ] mysql:dbname=blog;host=127.0.0.1;charset=utf8
[ sql ] [ SQL ] SELECT `u`.`groupname`,`u`.`statue`,`m`.`controller`,`m`.`method`,`m`.`menu_name`,`m`.`id`,`m`.`module` FROM `module_menu` `m` INNER JOIN `user_role_priv` `u` ON `m`.`controller`=`u`.`controller` AND `m`.`method`=`u`.`method` WHERE  `u`.`groupname` = 'snw'  AND `m`.`parent_id` = 1 [ RunTime:0.000245s ]
[ sql ] [ DB ] CONNECT:[ UseTime:0.000283s ] mysql:dbname=blog;host=127.0.0.1;charset=utf8
[ sql ] [ SQL ] SELECT `u`.`groupname`,`u`.`statue`,`m`.`controller`,`m`.`method`,`m`.`menu_name`,`m`.`id`,`m`.`module` FROM `module_menu` `m` INNER JOIN `user_role_priv` `u` ON `m`.`controller`=`u`.`controller` AND `m`.`method`=`u`.`method` WHERE  `u`.`groupname` = 'snw'  AND `m`.`parent_id` = 2 [ RunTime:0.000304s ]
[ sql ] [ DB ] CONNECT:[ UseTime:0.000461s ] mysql:dbname=blog;host=127.0.0.1;charset=utf8
[ sql ] [ SQL ] SELECT `u`.`groupname`,`u`.`statue`,`m`.`controller`,`m`.`method`,`m`.`menu_name`,`m`.`id`,`m`.`module` FROM `module_menu` `m` INNER JOIN `user_role_priv` `u` ON `m`.`controller`=`u`.`controller` AND `m`.`method`=`u`.`method` WHERE  `u`.`groupname` = 'snw'  AND `m`.`parent_id` = 3 [ RunTime:0.000321s ]
[ sql ] [ DB ] CONNECT:[ UseTime:0.000366s ] mysql:dbname=blog;host=127.0.0.1;charset=utf8
[ sql ] [ SQL ] SELECT `u`.`groupname`,`u`.`statue`,`m`.`controller`,`m`.`method`,`m`.`menu_name`,`m`.`id`,`m`.`module` FROM `module_menu` `m` INNER JOIN `user_role_priv` `u` ON `m`.`controller`=`u`.`controller` AND `m`.`method`=`u`.`method` WHERE  `u`.`groupname` = 'snw'  AND `m`.`parent_id` = 4 [ RunTime:0.000370s ]
[ sql ] [ DB ] CONNECT:[ UseTime:0.000369s ] mysql:dbname=blog;host=127.0.0.1;charset=utf8
[ sql ] [ SQL ] SELECT `u`.`groupname`,`u`.`statue`,`m`.`controller`,`m`.`method`,`m`.`menu_name`,`m`.`id`,`m`.`module` FROM `module_menu` `m` INNER JOIN `user_role_priv` `u` ON `m`.`controller`=`u`.`controller` AND `m`.`method`=`u`.`method` WHERE  `u`.`groupname` = 'snw'  AND `m`.`parent_id` = 5 [ RunTime:0.000267s ]
[ sql ] [ DB ] CONNECT:[ UseTime:0.000260s ] mysql:dbname=blog;host=127.0.0.1;charset=utf8
[ sql ] [ SQL ] SELECT `u`.`groupname`,`u`.`statue`,`m`.`controller`,`m`.`method`,`m`.`menu_name`,`m`.`id`,`m`.`module` FROM `module_menu` `m` INNER JOIN `user_role_priv` `u` ON `m`.`controller`=`u`.`controller` AND `m`.`method`=`u`.`method` WHERE  `u`.`groupname` = 'snw'  AND `m`.`parent_id` = 6 [ RunTime:0.000290s ]
[ sql ] [ DB ] CONNECT:[ UseTime:0.000260s ] mysql:dbname=blog;host=127.0.0.1;charset=utf8
[ sql ] [ SQL ] SELECT `u`.`groupname`,`u`.`statue`,`m`.`controller`,`m`.`method`,`m`.`menu_name`,`m`.`id`,`m`.`module` FROM `module_menu` `m` INNER JOIN `user_role_priv` `u` ON `m`.`controller`=`u`.`controller` AND `m`.`method`=`u`.`method` WHERE  `u`.`groupname` = 'snw'  AND `m`.`parent_id` = 7 [ RunTime:0.000275s ]
[ sql ] [ DB ] CONNECT:[ UseTime:0.000425s ] mysql:dbname=blog;host=127.0.0.1;charset=utf8
[ sql ] [ SQL ] SELECT `u`.`groupname`,`u`.`statue`,`m`.`controller`,`m`.`method`,`m`.`menu_name`,`m`.`id`,`m`.`module` FROM `module_menu` `m` INNER JOIN `user_role_priv` `u` ON `m`.`controller`=`u`.`controller` AND `m`.`method`=`u`.`method` WHERE  `u`.`groupname` = 'snw'  AND `m`.`parent_id` = 8 [ RunTime:0.000231s ]
[ sql ] [ DB ] CONNECT:[ UseTime:0.000345s ] mysql:dbname=blog;host=127.0.0.1;charset=utf8
[ sql ] [ SQL ] SELECT `u`.`groupname`,`u`.`statue`,`m`.`controller`,`m`.`method`,`m`.`menu_name`,`m`.`id`,`m`.`module` FROM `module_menu` `m` INNER JOIN `user_role_priv` `u` ON `m`.`controller`=`u`.`controller` AND `m`.`method`=`u`.`method` WHERE  `u`.`groupname` = 'snw'  AND `m`.`parent_id` = 9 [ RunTime:0.000224s ]
[ sql ] [ DB ] CONNECT:[ UseTime:0.000279s ] mysql:dbname=blog;host=127.0.0.1;charset=utf8
[ sql ] [ SQL ] SELECT `u`.`groupname`,`u`.`statue`,`m`.`controller`,`m`.`method`,`m`.`menu_name`,`m`.`id`,`m`.`module` FROM `module_menu` `m` INNER JOIN `user_role_priv` `u` ON `m`.`controller`=`u`.`controller` AND `m`.`method`=`u`.`method` WHERE  `u`.`groupname` = 'snw'  AND `m`.`parent_id` = 10 [ RunTime:0.000241s ]
[ sql ] [ DB ] CONNECT:[ UseTime:0.000332s ] mysql:dbname=blog;host=127.0.0.1;charset=utf8
[ sql ] [ SQL ] SELECT `u`.`groupname`,`u`.`statue`,`m`.`controller`,`m`.`method`,`m`.`menu_name`,`m`.`id`,`m`.`module` FROM `module_menu` `m` INNER JOIN `user_role_priv` `u` ON `m`.`controller`=`u`.`controller` AND `m`.`method`=`u`.`method` WHERE  `u`.`groupname` = 'snw'  AND `m`.`parent_id` = 11 [ RunTime:0.000325s ]
[ sql ] [ DB ] CONNECT:[ UseTime:0.000282s ] mysql:dbname=blog;host=127.0.0.1;charset=utf8
[ sql ] [ SQL ] SELECT `u`.`groupname`,`u`.`statue`,`m`.`controller`,`m`.`method`,`m`.`menu_name`,`m`.`id`,`m`.`module` FROM `module_menu` `m` INNER JOIN `user_role_priv` `u` ON `m`.`controller`=`u`.`controller` AND `m`.`method`=`u`.`method` WHERE  `u`.`groupname` = 'snw'  AND `m`.`parent_id` = 12 [ RunTime:0.000307s ]

---------------------------------------------------------------
[ 2017-08-13T18:15:15+08:00 ] 45.76.170.105 112.10.171.131 GET /Tags/getalltags
[ log ] www.sunaiwen.com/Tags/getalltags [运行时间：0.040422s][吞吐率：24.74req/s] [内存消耗：3,227.26kb] [文件加载：57]
[ info ] [ LANG ] /home/wwwroot/default/blog/blog/thinkphp/lang/zh-cn.php
[ info ] [ BIND ] 'admin'
[ info ] [ ROUTE ] array (
  'type' => 'module',
  'module' => 
  array (
    0 => 'admin',
    1 => 'Tags',
    2 => 'getalltags',
  ),
)
[ info ] [ HEADER ] array (
  'host' => 'www.sunaiwen.com',
  'connection' => 'keep-alive',
  'upgrade-insecure-requests' => '1',
  'user-agent' => 'Mozilla/5.0 (Windows NT 10.0; Win64; x64) AppleWebKit/537.36 (KHTML, like Gecko) Chrome/60.0.3112.90 Safari/537.36',
  'accept' => 'text/html,application/xhtml+xml,application/xml;q=0.9,image/webp,image/apng,*/*;q=0.8',
  'referer' => 'http://www.sunaiwen.com/Group/authorization?gid=36&groupname=snw',
  'accept-encoding' => 'gzip, deflate',
  'accept-language' => 'zh-CN,zh;q=0.8',
  'cookie' => 'thinkphp_show_page_trace=0|0; PHPSESSID=ldf58bqb226l084ihsv315gsf2; thinkphp_show_page_trace=0|0',
  'content-type' => '',
  'content-length' => '',
)
[ info ] [ PARAM ] array (
)
[ info ] [ SESSION ] INIT array (
  'id' => '',
  'var_session_id' => '',
  'prefix' => 'think',
  'type' => '',
  'auto_start' => true,
)
[ info ] [ RUN ] app\admin\controller\Tags->getalltags[ /home/wwwroot/default/blog/blog/app/admin/controller/Tags.php ]
[ info ] [ DB ] INIT mysql
[ info ] [ VIEW ] /home/wwwroot/default/blog/blog/public/../app/admin/view/tags/getalltags.html [ array (
  0 => 'tags',
) ]
[ info ] [ LOG ] INIT File
[ sql ] [ DB ] CONNECT:[ UseTime:0.000931s ] mysql:dbname=blog;host=127.0.0.1;charset=utf8
[ sql ] [ SQL ] SHOW COLUMNS FROM `tags` [ RunTime:0.001785s ]
[ sql ] [ SQL ] SELECT * FROM `tags` [ RunTime:0.000339s ]

---------------------------------------------------------------
[ 2017-08-13T18:15:17+08:00 ] 45.76.170.105 112.10.171.131 GET /Articles/tagarticles?tag=CSS
[ log ] www.sunaiwen.com/Articles/tagarticles?tag=CSS [运行时间：0.033130s][吞吐率：30.18req/s] [内存消耗：3,501.65kb] [文件加载：59]
[ info ] [ LANG ] /home/wwwroot/default/blog/blog/thinkphp/lang/zh-cn.php
[ info ] [ BIND ] 'admin'
[ info ] [ ROUTE ] array (
  'type' => 'module',
  'module' => 
  array (
    0 => 'admin',
    1 => 'Articles',
    2 => 'tagarticles',
  ),
)
[ info ] [ HEADER ] array (
  'host' => 'www.sunaiwen.com',
  'connection' => 'keep-alive',
  'upgrade-insecure-requests' => '1',
  'user-agent' => 'Mozilla/5.0 (Windows NT 10.0; Win64; x64) AppleWebKit/537.36 (KHTML, like Gecko) Chrome/60.0.3112.90 Safari/537.36',
  'accept' => 'text/html,application/xhtml+xml,application/xml;q=0.9,image/webp,image/apng,*/*;q=0.8',
  'referer' => 'http://www.sunaiwen.com/Tags/getalltags',
  'accept-encoding' => 'gzip, deflate',
  'accept-language' => 'zh-CN,zh;q=0.8',
  'cookie' => 'thinkphp_show_page_trace=0|0; PHPSESSID=ldf58bqb226l084ihsv315gsf2; thinkphp_show_page_trace=0|0',
  'content-type' => '',
  'content-length' => '',
)
[ info ] [ PARAM ] array (
  'tag' => 'CSS',
)
[ info ] [ SESSION ] INIT array (
  'id' => '',
  'var_session_id' => '',
  'prefix' => 'think',
  'type' => '',
  'auto_start' => true,
)
[ info ] [ RUN ] app\admin\controller\Articles->tagarticles[ /home/wwwroot/default/blog/blog/app/admin/controller/Articles.php ]
[ info ] [ DB ] INIT mysql
[ info ] [ VIEW ] /home/wwwroot/default/blog/blog/public/../app/admin/view/tags/tagarticle.html [ array (
  0 => 'article',
) ]
[ info ] [ LOG ] INIT File
[ sql ] [ DB ] CONNECT:[ UseTime:0.000461s ] mysql:dbname=blog;host=127.0.0.1;charset=utf8
[ sql ] [ SQL ] SHOW COLUMNS FROM `article` [ RunTime:0.000944s ]
[ sql ] [ SQL ] SELECT * FROM `article` WHERE  `tag` = 'CSS' [ RunTime:0.000430s ]

---------------------------------------------------------------
[ 2017-08-13T18:15:23+08:00 ] 45.76.170.105 112.10.171.131 GET /Tags/getalltags
[ log ] www.sunaiwen.com/Tags/getalltags [运行时间：0.027544s][吞吐率：36.31req/s] [内存消耗：3,227.26kb] [文件加载：57]
[ info ] [ LANG ] /home/wwwroot/default/blog/blog/thinkphp/lang/zh-cn.php
[ info ] [ BIND ] 'admin'
[ info ] [ ROUTE ] array (
  'type' => 'module',
  'module' => 
  array (
    0 => 'admin',
    1 => 'Tags',
    2 => 'getalltags',
  ),
)
[ info ] [ HEADER ] array (
  'host' => 'www.sunaiwen.com',
  'connection' => 'keep-alive',
  'upgrade-insecure-requests' => '1',
  'user-agent' => 'Mozilla/5.0 (Windows NT 10.0; Win64; x64) AppleWebKit/537.36 (KHTML, like Gecko) Chrome/60.0.3112.90 Safari/537.36',
  'accept' => 'text/html,application/xhtml+xml,application/xml;q=0.9,image/webp,image/apng,*/*;q=0.8',
  'referer' => 'http://www.sunaiwen.com/Group/authorization?gid=36&groupname=snw',
  'accept-encoding' => 'gzip, deflate',
  'accept-language' => 'zh-CN,zh;q=0.8',
  'cookie' => 'thinkphp_show_page_trace=0|0; PHPSESSID=ldf58bqb226l084ihsv315gsf2; thinkphp_show_page_trace=0|0',
  'content-type' => '',
  'content-length' => '',
)
[ info ] [ PARAM ] array (
)
[ info ] [ SESSION ] INIT array (
  'id' => '',
  'var_session_id' => '',
  'prefix' => 'think',
  'type' => '',
  'auto_start' => true,
)
[ info ] [ RUN ] app\admin\controller\Tags->getalltags[ /home/wwwroot/default/blog/blog/app/admin/controller/Tags.php ]
[ info ] [ DB ] INIT mysql
[ info ] [ VIEW ] /home/wwwroot/default/blog/blog/public/../app/admin/view/tags/getalltags.html [ array (
  0 => 'tags',
) ]
[ info ] [ LOG ] INIT File
[ sql ] [ DB ] CONNECT:[ UseTime:0.000415s ] mysql:dbname=blog;host=127.0.0.1;charset=utf8
[ sql ] [ SQL ] SHOW COLUMNS FROM `tags` [ RunTime:0.000757s ]
[ sql ] [ SQL ] SELECT * FROM `tags` [ RunTime:0.000150s ]

---------------------------------------------------------------
[ 2017-08-13T20:10:54+08:00 ] 45.76.170.105 112.10.171.131 GET /Index/index
[ log ] www.sunaiwen.com/Index/index [运行时间：0.036651s][吞吐率：27.28req/s] [内存消耗：3,243.91kb] [文件加载：57]
[ info ] [ LANG ] /home/wwwroot/default/blog/blog/thinkphp/lang/zh-cn.php
[ info ] [ BIND ] 'admin'
[ info ] [ ROUTE ] array (
  'type' => 'module',
  'module' => 
  array (
    0 => 'admin',
    1 => 'Index',
    2 => 'index',
  ),
)
[ info ] [ HEADER ] array (
  'host' => 'www.sunaiwen.com',
  'connection' => 'keep-alive',
  'upgrade-insecure-requests' => '1',
  'user-agent' => 'Mozilla/5.0 (Windows NT 10.0; Win64; x64) AppleWebKit/537.36 (KHTML, like Gecko) Chrome/60.0.3112.90 Safari/537.36',
  'accept' => 'text/html,application/xhtml+xml,application/xml;q=0.9,image/webp,image/apng,*/*;q=0.8',
  'referer' => 'http://www.sunaiwen.com/Tags/getalltags',
  'accept-encoding' => 'gzip, deflate',
  'accept-language' => 'zh-CN,zh;q=0.8',
  'cookie' => 'PHPSESSID=ldf58bqb226l084ihsv315gsf2; thinkphp_show_page_trace=0|0',
  'content-type' => '',
  'content-length' => '',
)
[ info ] [ PARAM ] array (
)
[ info ] [ SESSION ] INIT array (
  'id' => '',
  'var_session_id' => '',
  'prefix' => 'think',
  'type' => '',
  'auto_start' => true,
)
[ info ] [ RUN ] app\admin\controller\Index->index[ /home/wwwroot/default/blog/blog/app/admin/controller/Index.php ]
[ info ] [ DB ] INIT mysql
[ info ] [ VIEW ] /home/wwwroot/default/blog/blog/public/../app/admin/view/index/index.html [ array (
  0 => 'article',
) ]
[ info ] [ LOG ] INIT File
[ sql ] [ DB ] CONNECT:[ UseTime:0.000855s ] mysql:dbname=blog;host=127.0.0.1;charset=utf8
[ sql ] [ SQL ] SHOW COLUMNS FROM `article` [ RunTime:0.001539s ]
[ sql ] [ SQL ] SELECT * FROM `article` ORDER BY create_time desc [ RunTime:0.000248s ]

---------------------------------------------------------------
