[ 2017-08-15T10:21:45+08:00 ] 45.76.170.105 112.10.171.239 GET /User/adduser
[ log ] www.sunaiwen.com/User/adduser [运行时间：0.039516s][吞吐率：25.31req/s] [内存消耗：3,245.71kb] [文件加载：57]
[ info ] [ LANG ] /home/wwwroot/default/blog/blog/thinkphp/lang/zh-cn.php
[ info ] [ BIND ] 'admin'
[ info ] [ ROUTE ] array (
  'type' => 'module',
  'module' => 
  array (
    0 => 'admin',
    1 => 'User',
    2 => 'adduser',
  ),
)
[ info ] [ HEADER ] array (
  'host' => 'www.sunaiwen.com',
  'connection' => 'keep-alive',
  'upgrade-insecure-requests' => '1',
  'user-agent' => 'Mozilla/5.0 (Windows NT 10.0; Win64; x64) AppleWebKit/537.36 (KHTML, like Gecko) Chrome/60.0.3112.90 Safari/537.36',
  'accept' => 'text/html,application/xhtml+xml,application/xml;q=0.9,image/webp,image/apng,*/*;q=0.8',
  'referer' => 'http://www.sunaiwen.com/Articles/publish',
  'accept-encoding' => 'gzip, deflate',
  'accept-language' => 'zh-CN,zh;q=0.8',
  'cookie' => 'thinkphp_show_page_trace=0|0; PHPSESSID=ldf58bqb226l084ihsv315gsf2; thinkphp_show_page_trace=0|0',
  'content-type' => '',
  'content-length' => '',
)
[ info ] [ PARAM ] array (
)
[ info ] [ SESSION ] INIT array (
  'id' => '',
  'var_session_id' => '',
  'prefix' => 'think',
  'type' => '',
  'auto_start' => true,
)
[ info ] [ RUN ] app\admin\controller\User->adduser[ /home/wwwroot/default/blog/blog/app/admin/controller/User.php ]
[ info ] [ DB ] INIT mysql
[ info ] [ VIEW ] /home/wwwroot/default/blog/blog/public/../app/admin/view/user/adduser.html [ array (
  0 => 'group',
) ]
[ info ] [ LOG ] INIT File
[ sql ] [ DB ] CONNECT:[ UseTime:0.000929s ] mysql:dbname=blog;host=127.0.0.1;charset=utf8
[ sql ] [ SQL ] SHOW COLUMNS FROM `group` [ RunTime:0.001567s ]
[ sql ] [ SQL ] SELECT * FROM `group` [ RunTime:0.000225s ]

---------------------------------------------------------------
[ 2017-08-15T10:22:01+08:00 ] 45.76.170.105 112.10.171.239 GET /Index/index
[ log ] www.sunaiwen.com/Index/index [运行时间：0.049252s][吞吐率：20.30req/s] [内存消耗：3,243.97kb] [文件加载：57]
[ info ] [ LANG ] /home/wwwroot/default/blog/blog/thinkphp/lang/zh-cn.php
[ info ] [ BIND ] 'admin'
[ info ] [ ROUTE ] array (
  'type' => 'module',
  'module' => 
  array (
    0 => 'admin',
    1 => 'Index',
    2 => 'index',
  ),
)
[ info ] [ HEADER ] array (
  'host' => 'www.sunaiwen.com',
  'connection' => 'keep-alive',
  'upgrade-insecure-requests' => '1',
  'user-agent' => 'Mozilla/5.0 (Windows NT 10.0; Win64; x64) AppleWebKit/537.36 (KHTML, like Gecko) Chrome/60.0.3112.90 Safari/537.36',
  'accept' => 'text/html,application/xhtml+xml,application/xml;q=0.9,image/webp,image/apng,*/*;q=0.8',
  'referer' => 'http://www.sunaiwen.com/Tags/getalltags',
  'accept-encoding' => 'gzip, deflate',
  'accept-language' => 'zh-CN,zh;q=0.8',
  'cookie' => 'thinkphp_show_page_trace=0|0; PHPSESSID=ldf58bqb226l084ihsv315gsf2; thinkphp_show_page_trace=0|0',
  'content-type' => '',
  'content-length' => '',
)
[ info ] [ PARAM ] array (
)
[ info ] [ SESSION ] INIT array (
  'id' => '',
  'var_session_id' => '',
  'prefix' => 'think',
  'type' => '',
  'auto_start' => true,
)
[ info ] [ RUN ] app\admin\controller\Index->index[ /home/wwwroot/default/blog/blog/app/admin/controller/Index.php ]
[ info ] [ DB ] INIT mysql
[ info ] [ VIEW ] /home/wwwroot/default/blog/blog/public/../app/admin/view/index/index.html [ array (
  0 => 'article',
) ]
[ info ] [ LOG ] INIT File
[ sql ] [ DB ] CONNECT:[ UseTime:0.000673s ] mysql:dbname=blog;host=127.0.0.1;charset=utf8
[ sql ] [ SQL ] SHOW COLUMNS FROM `article` [ RunTime:0.001442s ]
[ sql ] [ SQL ] SELECT * FROM `article` ORDER BY create_time desc [ RunTime:0.000339s ]

---------------------------------------------------------------
[ 2017-08-15T21:18:14+08:00 ] 45.76.170.105 112.10.171.239 GET /Index/index
[ log ] www.sunaiwen.com/Index/index [运行时间：0.035749s][吞吐率：27.97req/s] [内存消耗：3,243.71kb] [文件加载：57]
[ info ] [ LANG ] /home/wwwroot/default/blog/blog/thinkphp/lang/zh-cn.php
[ info ] [ BIND ] 'admin'
[ info ] [ ROUTE ] array (
  'type' => 'module',
  'module' => 
  array (
    0 => 'admin',
    1 => 'Index',
    2 => 'index',
  ),
)
[ info ] [ HEADER ] array (
  'host' => 'www.sunaiwen.com',
  'connection' => 'keep-alive',
  'cache-control' => 'max-age=0',
  'upgrade-insecure-requests' => '1',
  'user-agent' => 'Mozilla/5.0 (Windows NT 10.0; Win64; x64) AppleWebKit/537.36 (KHTML, like Gecko) Chrome/60.0.3112.90 Safari/537.36',
  'accept' => 'text/html,application/xhtml+xml,application/xml;q=0.9,image/webp,image/apng,*/*;q=0.8',
  'referer' => 'http://www.sunaiwen.com/Tags/getalltags',
  'accept-encoding' => 'gzip, deflate',
  'accept-language' => 'zh-CN,zh;q=0.8',
  'cookie' => 'thinkphp_show_page_trace=0|0; PHPSESSID=ldf58bqb226l084ihsv315gsf2; thinkphp_show_page_trace=0|0',
  'content-type' => '',
  'content-length' => '',
)
[ info ] [ PARAM ] array (
)
[ info ] [ SESSION ] INIT array (
  'id' => '',
  'var_session_id' => '',
  'prefix' => 'think',
  'type' => '',
  'auto_start' => true,
)
[ info ] [ RUN ] app\admin\controller\Index->index[ /home/wwwroot/default/blog/blog/app/admin/controller/Index.php ]
[ info ] [ DB ] INIT mysql
[ info ] [ VIEW ] /home/wwwroot/default/blog/blog/public/../app/admin/view/index/index.html [ array (
  0 => 'article',
) ]
[ info ] [ LOG ] INIT File
[ sql ] [ DB ] CONNECT:[ UseTime:0.000888s ] mysql:dbname=blog;host=127.0.0.1;charset=utf8
[ sql ] [ SQL ] SHOW COLUMNS FROM `article` [ RunTime:0.001510s ]
[ sql ] [ SQL ] SELECT * FROM `article` ORDER BY create_time desc [ RunTime:0.000249s ]

---------------------------------------------------------------
