[ 2017-08-19T12:59:10+08:00 ] 45.76.170.105 112.10.171.239 GET /
[ log ] www.sunaiwen.com/ [运行时间：0.063227s][吞吐率：15.82req/s] [内存消耗：2,357.32kb] [文件加载：53]
[ info ] [ LANG ] /home/wwwroot/default/blog/blog/thinkphp/lang/zh-cn.php
[ info ] [ BIND ] 'admin'
[ info ] [ ROUTE ] array (
  'type' => 'module',
  'module' => 
  array (
    0 => 'admin',
    1 => NULL,
    2 => NULL,
  ),
)
[ info ] [ HEADER ] array (
  'host' => 'www.sunaiwen.com',
  'connection' => 'keep-alive',
  'upgrade-insecure-requests' => '1',
  'user-agent' => 'Mozilla/5.0 (Windows NT 10.0; Win64; x64) AppleWebKit/537.36 (KHTML, like Gecko) Chrome/60.0.3112.101 Safari/537.36',
  'accept' => 'text/html,application/xhtml+xml,application/xml;q=0.9,image/webp,image/apng,*/*;q=0.8',
  'accept-encoding' => 'gzip, deflate',
  'accept-language' => 'zh-CN,zh;q=0.8',
  'cookie' => 'PHPSESSID=ldf58bqb226l084ihsv315gsf2; thinkphp_show_page_trace=0|0',
  'content-type' => '',
  'content-length' => '',
)
[ info ] [ PARAM ] array (
)
[ info ] [ SESSION ] INIT array (
  'id' => '',
  'var_session_id' => '',
  'prefix' => 'think',
  'type' => '',
  'auto_start' => true,
)
[ info ] [ VIEW ] /home/wwwroot/default/blog/blog/thinkphp/tpl/dispatch_jump.tpl [ array (
  0 => 'code',
  1 => 'msg',
  2 => 'data',
  3 => 'url',
  4 => 'wait',
) ]
[ info ] [ LOG ] INIT File

---------------------------------------------------------------
[ 2017-08-19T12:59:12+08:00 ] 45.76.170.105 112.10.171.239 GET /login/login.html
[ log ] www.sunaiwen.com/login/login.html [运行时间：0.033897s][吞吐率：29.50req/s] [内存消耗：2,280.73kb] [文件加载：51]
[ info ] [ LANG ] /home/wwwroot/default/blog/blog/thinkphp/lang/zh-cn.php
[ info ] [ BIND ] 'admin'
[ info ] [ ROUTE ] array (
  'type' => 'module',
  'module' => 
  array (
    0 => 'admin',
    1 => 'login',
    2 => 'login',
  ),
)
[ info ] [ HEADER ] array (
  'host' => 'www.sunaiwen.com',
  'connection' => 'keep-alive',
  'upgrade-insecure-requests' => '1',
  'user-agent' => 'Mozilla/5.0 (Windows NT 10.0; Win64; x64) AppleWebKit/537.36 (KHTML, like Gecko) Chrome/60.0.3112.101 Safari/537.36',
  'accept' => 'text/html,application/xhtml+xml,application/xml;q=0.9,image/webp,image/apng,*/*;q=0.8',
  'referer' => 'http://www.sunaiwen.com/',
  'accept-encoding' => 'gzip, deflate',
  'accept-language' => 'zh-CN,zh;q=0.8',
  'cookie' => 'thinkphp_show_page_trace=0|0; PHPSESSID=ldf58bqb226l084ihsv315gsf2; thinkphp_show_page_trace=0|0',
  'content-type' => '',
  'content-length' => '',
)
[ info ] [ PARAM ] array (
)
[ info ] [ RUN ] app\admin\controller\Login->login[ /home/wwwroot/default/blog/blog/app/admin/controller/Login.php ]
[ info ] [ VIEW ] /home/wwwroot/default/blog/blog/public/../app/admin/view/login/login.html [ array (
) ]
[ info ] [ LOG ] INIT File

---------------------------------------------------------------
[ 2017-08-19T12:59:12+08:00 ] 45.76.170.105 112.10.171.239 GET /login/captcha
[ log ] www.sunaiwen.com/login/captcha [运行时间：0.030882s][吞吐率：32.38req/s] [内存消耗：2,296.74kb] [文件加载：48]
[ info ] [ LANG ] /home/wwwroot/default/blog/blog/thinkphp/lang/zh-cn.php
[ info ] [ BIND ] 'admin'
[ info ] [ ROUTE ] array (
  'type' => 'module',
  'module' => 
  array (
    0 => 'admin',
    1 => 'login',
    2 => 'captcha',
  ),
)
[ info ] [ HEADER ] array (
  'host' => 'www.sunaiwen.com',
  'connection' => 'keep-alive',
  'user-agent' => 'Mozilla/5.0 (Windows NT 10.0; Win64; x64) AppleWebKit/537.36 (KHTML, like Gecko) Chrome/60.0.3112.101 Safari/537.36',
  'accept' => 'image/webp,image/apng,image/*,*/*;q=0.8',
  'referer' => 'http://www.sunaiwen.com/login/login.html',
  'accept-encoding' => 'gzip, deflate',
  'accept-language' => 'zh-CN,zh;q=0.8',
  'cookie' => 'thinkphp_show_page_trace=0|0; PHPSESSID=ldf58bqb226l084ihsv315gsf2; thinkphp_show_page_trace=0|0',
  'content-type' => '',
  'content-length' => '',
)
[ info ] [ PARAM ] array (
)
[ info ] [ RUN ] app\admin\controller\Login->captcha[ /home/wwwroot/default/blog/blog/app/admin/controller/Login.php ]
[ info ] [ SESSION ] INIT array (
  'id' => '',
  'var_session_id' => '',
  'prefix' => 'think',
  'type' => '',
  'auto_start' => true,
)
[ info ] [ LOG ] INIT File

---------------------------------------------------------------
