[ 2017-08-24T00:13:49+08:00 ] 45.76.170.105 66.249.64.79 GET /
[ log ] www.sunaiwen.com/ [运行时间：0.044015s][吞吐率：22.72req/s] [内存消耗：2,357.28kb] [文件加载：53]
[ info ] [ LANG ] /home/wwwroot/default/blog/blog/thinkphp/lang/zh-cn.php
[ info ] [ BIND ] 'admin'
[ info ] [ ROUTE ] array (
  'type' => 'module',
  'module' => 
  array (
    0 => 'admin',
    1 => NULL,
    2 => NULL,
  ),
)
[ info ] [ HEADER ] array (
  'host' => 'www.sunaiwen.com',
  'connection' => 'Keep-alive',
  'accept' => 'text/html,application/xhtml+xml,application/xml;q=0.9,*/*;q=0.8',
  'from' => 'googlebot(at)googlebot.com',
  'user-agent' => 'Mozilla/5.0 (Linux; Android 6.0.1; Nexus 5X Build/MMB29P) AppleWebKit/537.36 (KHTML, like Gecko) Chrome/41.0.2272.96 Mobile Safari/537.36 (compatible; Googlebot/2.1; +http://www.google.com/bot.html)',
  'accept-encoding' => 'gzip,deflate,br',
  'content-type' => '',
  'content-length' => '',
)
[ info ] [ PARAM ] array (
)
[ info ] [ SESSION ] INIT array (
  'id' => '',
  'var_session_id' => '',
  'prefix' => 'think',
  'type' => '',
  'auto_start' => true,
)
[ info ] [ VIEW ] /home/wwwroot/default/blog/blog/thinkphp/tpl/dispatch_jump.tpl [ array (
  0 => 'code',
  1 => 'msg',
  2 => 'data',
  3 => 'url',
  4 => 'wait',
) ]
[ info ] [ LOG ] INIT File

---------------------------------------------------------------
[ 2017-08-24T00:14:00+08:00 ] 45.76.170.105 66.249.64.75 GET /login/login.html
[ log ] www.sunaiwen.com/login/login.html [运行时间：0.044904s][吞吐率：22.27req/s] [内存消耗：2,280.85kb] [文件加载：51]
[ info ] [ LANG ] /home/wwwroot/default/blog/blog/thinkphp/lang/zh-cn.php
[ info ] [ BIND ] 'admin'
[ info ] [ ROUTE ] array (
  'type' => 'module',
  'module' => 
  array (
    0 => 'admin',
    1 => 'login',
    2 => 'login',
  ),
)
[ info ] [ HEADER ] array (
  'host' => 'www.sunaiwen.com',
  'referer' => 'http://www.sunaiwen.com/',
  'cookie' => 'PHPSESSID=6rljgkc70tte6ut8busipcbkc3; thinkphp_show_page_trace=0|0',
  'accept-language' => 'en-US',
  'connection' => 'Keep-alive',
  'accept' => '*/*,text/html,application/xhtml+xml,application/xml;q=0.9,*/*;q=0.8',
  'from' => 'googlebot(at)googlebot.com',
  'user-agent' => 'Mozilla/5.0 (Linux; Android 6.0.1; Nexus 5X Build/MMB29P) AppleWebKit/537.36 (KHTML, like Gecko) Chrome/41.0.2272.96 Mobile Safari/537.36 (compatible; Googlebot/2.1; +http://www.google.com/bot.html)',
  'accept-encoding' => 'gzip,deflate,br',
  'content-type' => '',
  'content-length' => '',
)
[ info ] [ PARAM ] array (
)
[ info ] [ RUN ] app\admin\controller\Login->login[ /home/wwwroot/default/blog/blog/app/admin/controller/Login.php ]
[ info ] [ VIEW ] /home/wwwroot/default/blog/blog/public/../app/admin/view/login/login.html [ array (
) ]
[ info ] [ LOG ] INIT File

---------------------------------------------------------------
[ 2017-08-24T02:08:24+08:00 ] 45.76.170.105 23.92.113.71 GET /
[ log ] www.sunaiwen.com/ [运行时间：0.030889s][吞吐率：32.37req/s] [内存消耗：2,356.91kb] [文件加载：53]
[ info ] [ LANG ] /home/wwwroot/default/blog/blog/thinkphp/lang/zh-cn.php
[ info ] [ BIND ] 'admin'
[ info ] [ ROUTE ] array (
  'type' => 'module',
  'module' => 
  array (
    0 => 'admin',
    1 => NULL,
    2 => NULL,
  ),
)
[ info ] [ HEADER ] array (
  'user-agent' => 'Mozilla/5.0 (X11; Linux x86_64) AppleWebKit/537.36 (KHTML, like Gecko) Chrome/28.0.1500.71 Safari/537.36',
  'accept' => '*/*',
  'host' => 'www.sunaiwen.com',
  'connection' => 'keep-alive',
  'content-type' => '',
  'content-length' => '',
)
[ info ] [ PARAM ] array (
)
[ info ] [ SESSION ] INIT array (
  'id' => '',
  'var_session_id' => '',
  'prefix' => 'think',
  'type' => '',
  'auto_start' => true,
)
[ info ] [ VIEW ] /home/wwwroot/default/blog/blog/thinkphp/tpl/dispatch_jump.tpl [ array (
  0 => 'code',
  1 => 'msg',
  2 => 'data',
  3 => 'url',
  4 => 'wait',
) ]
[ info ] [ LOG ] INIT File

---------------------------------------------------------------
[ 2017-08-24T04:44:21+08:00 ] 45.76.170.105 66.249.79.48 GET /
[ log ] www.sunaiwen.com/ [运行时间：0.032947s][吞吐率：30.35req/s] [内存消耗：2,356.84kb] [文件加载：53]
[ info ] [ LANG ] /home/wwwroot/default/blog/blog/thinkphp/lang/zh-cn.php
[ info ] [ BIND ] 'admin'
[ info ] [ ROUTE ] array (
  'type' => 'module',
  'module' => 
  array (
    0 => 'admin',
    1 => NULL,
    2 => NULL,
  ),
)
[ info ] [ HEADER ] array (
  'host' => 'www.sunaiwen.com',
  'connection' => 'Keep-alive',
  'accept' => 'text/html,application/xhtml+xml,application/xml;q=0.9,*/*;q=0.8',
  'from' => 'googlebot(at)googlebot.com',
  'user-agent' => 'Mozilla/5.0 (compatible; Googlebot/2.1; +http://www.google.com/bot.html)',
  'accept-encoding' => 'gzip,deflate,br',
  'content-type' => '',
  'content-length' => '',
)
[ info ] [ PARAM ] array (
)
[ info ] [ SESSION ] INIT array (
  'id' => '',
  'var_session_id' => '',
  'prefix' => 'think',
  'type' => '',
  'auto_start' => true,
)
[ info ] [ VIEW ] /home/wwwroot/default/blog/blog/thinkphp/tpl/dispatch_jump.tpl [ array (
  0 => 'code',
  1 => 'msg',
  2 => 'data',
  3 => 'url',
  4 => 'wait',
) ]
[ info ] [ LOG ] INIT File

---------------------------------------------------------------
[ 2017-08-24T08:30:53+08:00 ] 45.76.170.105 50.117.89.222 GET /
[ log ] www.SUNAIWEN.com/ [运行时间：0.035408s][吞吐率：28.24req/s] [内存消耗：2,356.38kb] [文件加载：53]
[ info ] [ LANG ] /home/wwwroot/default/blog/blog/thinkphp/lang/zh-cn.php
[ info ] [ ROUTE ] array (
  'type' => 'module',
  'module' => 
  array (
    0 => '',
    1 => NULL,
    2 => NULL,
  ),
)
[ info ] [ HEADER ] array (
  'host' => 'www.SUNAIWEN.com',
  'accept' => 'text/html, */*',
  'accept-encoding' => 'identity',
  'user-agent' => 'Mozilla/4.0 (compatible; MSIE 8.0; Windows NT 6.0)',
  'content-type' => '',
  'content-length' => '',
)
[ info ] [ PARAM ] array (
)
[ info ] [ SESSION ] INIT array (
  'id' => '',
  'var_session_id' => '',
  'prefix' => 'think',
  'type' => '',
  'auto_start' => true,
)
[ info ] [ VIEW ] /home/wwwroot/default/blog/blog/thinkphp/tpl/dispatch_jump.tpl [ array (
  0 => 'code',
  1 => 'msg',
  2 => 'data',
  3 => 'url',
  4 => 'wait',
) ]
[ info ] [ LOG ] INIT File

---------------------------------------------------------------
[ 2017-08-24T11:35:32+08:00 ] 45.76.170.105 66.249.79.54 GET /
[ log ] www.sunaiwen.com/ [运行时间：0.039523s][吞吐率：25.30req/s] [内存消耗：2,356.84kb] [文件加载：53]
[ info ] [ LANG ] /home/wwwroot/default/blog/blog/thinkphp/lang/zh-cn.php
[ info ] [ BIND ] 'admin'
[ info ] [ ROUTE ] array (
  'type' => 'module',
  'module' => 
  array (
    0 => 'admin',
    1 => NULL,
    2 => NULL,
  ),
)
[ info ] [ HEADER ] array (
  'host' => 'www.sunaiwen.com',
  'connection' => 'Keep-alive',
  'accept' => 'text/html,application/xhtml+xml,application/xml;q=0.9,*/*;q=0.8',
  'from' => 'googlebot(at)googlebot.com',
  'user-agent' => 'Mozilla/5.0 (compatible; Googlebot/2.1; +http://www.google.com/bot.html)',
  'accept-encoding' => 'gzip,deflate,br',
  'content-type' => '',
  'content-length' => '',
)
[ info ] [ PARAM ] array (
)
[ info ] [ SESSION ] INIT array (
  'id' => '',
  'var_session_id' => '',
  'prefix' => 'think',
  'type' => '',
  'auto_start' => true,
)
[ info ] [ VIEW ] /home/wwwroot/default/blog/blog/thinkphp/tpl/dispatch_jump.tpl [ array (
  0 => 'code',
  1 => 'msg',
  2 => 'data',
  3 => 'url',
  4 => 'wait',
) ]
[ info ] [ LOG ] INIT File

---------------------------------------------------------------
[ 2017-08-24T13:34:45+08:00 ] 45.76.170.105 106.11.226.102 GET /
[ log ] www.sunaiwen.com/ [运行时间：0.032026s][吞吐率：31.22req/s] [内存消耗：2,357.31kb] [文件加载：53]
[ info ] [ LANG ] /home/wwwroot/default/blog/blog/thinkphp/lang/zh-cn.php
[ info ] [ BIND ] 'admin'
[ info ] [ ROUTE ] array (
  'type' => 'module',
  'module' => 
  array (
    0 => 'admin',
    1 => NULL,
    2 => NULL,
  ),
)
[ info ] [ HEADER ] array (
  'accept-encoding' => 'gzip',
  'user-agent' => 'Mozilla/5.0 (iPad; CPU OS 9_1 like Mac OS X) AppleWebKit/601.1.46 (KHTML, like Gecko) Version/9.0 Mobile/13B143 Safari/601.1',
  'cache-control' => 'no-cache',
  'pragma' => 'no-cache',
  'host' => 'www.sunaiwen.com',
  'accept' => 'text/html, image/gif, image/jpeg, *; q=.2, */*; q=.2',
  'connection' => 'keep-alive',
  'content-type' => '',
  'content-length' => '',
)
[ info ] [ PARAM ] array (
)
[ info ] [ SESSION ] INIT array (
  'id' => '',
  'var_session_id' => '',
  'prefix' => 'think',
  'type' => '',
  'auto_start' => true,
)
[ info ] [ VIEW ] /home/wwwroot/default/blog/blog/thinkphp/tpl/dispatch_jump.tpl [ array (
  0 => 'code',
  1 => 'msg',
  2 => 'data',
  3 => 'url',
  4 => 'wait',
) ]
[ info ] [ LOG ] INIT File

---------------------------------------------------------------
[ 2017-08-24T13:47:10+08:00 ] 45.76.170.105 66.249.79.48 GET /
[ log ] www.sunaiwen.com/ [运行时间：0.032923s][吞吐率：30.37req/s] [内存消耗：2,356.84kb] [文件加载：53]
[ info ] [ LANG ] /home/wwwroot/default/blog/blog/thinkphp/lang/zh-cn.php
[ info ] [ BIND ] 'admin'
[ info ] [ ROUTE ] array (
  'type' => 'module',
  'module' => 
  array (
    0 => 'admin',
    1 => NULL,
    2 => NULL,
  ),
)
[ info ] [ HEADER ] array (
  'host' => 'www.sunaiwen.com',
  'connection' => 'Keep-alive',
  'accept' => 'text/html,application/xhtml+xml,application/xml;q=0.9,*/*;q=0.8',
  'from' => 'googlebot(at)googlebot.com',
  'user-agent' => 'Mozilla/5.0 (compatible; Googlebot/2.1; +http://www.google.com/bot.html)',
  'accept-encoding' => 'gzip,deflate,br',
  'content-type' => '',
  'content-length' => '',
)
[ info ] [ PARAM ] array (
)
[ info ] [ SESSION ] INIT array (
  'id' => '',
  'var_session_id' => '',
  'prefix' => 'think',
  'type' => '',
  'auto_start' => true,
)
[ info ] [ VIEW ] /home/wwwroot/default/blog/blog/thinkphp/tpl/dispatch_jump.tpl [ array (
  0 => 'code',
  1 => 'msg',
  2 => 'data',
  3 => 'url',
  4 => 'wait',
) ]
[ info ] [ LOG ] INIT File

---------------------------------------------------------------
[ 2017-08-24T15:29:40+08:00 ] 45.76.170.105 112.95.157.178 GET /
[ log ] www.sunaiwen.com/ [运行时间：0.049869s][吞吐率：20.05req/s] [内存消耗：2,357.20kb] [文件加载：53]
[ info ] [ LANG ] /home/wwwroot/default/blog/blog/thinkphp/lang/zh-cn.php
[ info ] [ BIND ] 'admin'
[ info ] [ ROUTE ] array (
  'type' => 'module',
  'module' => 
  array (
    0 => 'admin',
    1 => NULL,
    2 => NULL,
  ),
)
[ info ] [ HEADER ] array (
  'host' => 'www.sunaiwen.com',
  'connection' => 'close',
  'accept-encoding' => 'gzip, deflate, br',
  'accept' => 'text/html,application/xhtml+xml,application/xml;q=0.9,image/webp,*/*;q=0.8',
  'user-agent' => 'Mozilla/4.0 (Windows NT 10.0; Win32; x86) AppleWebKit/531.36 (KHTML, like Gecko) Chrome/53.0.2785.143 Safari/537.36',
  'upgrade-insecure-requests' => '1',
  'pragma' => 'no-cache',
  'content-type' => 'application/x-www-form-urlencoded; charset=UTF-8',
  'content-length' => '',
)
[ info ] [ PARAM ] array (
)
[ info ] [ SESSION ] INIT array (
  'id' => '',
  'var_session_id' => '',
  'prefix' => 'think',
  'type' => '',
  'auto_start' => true,
)
[ info ] [ VIEW ] /home/wwwroot/default/blog/blog/thinkphp/tpl/dispatch_jump.tpl [ array (
  0 => 'code',
  1 => 'msg',
  2 => 'data',
  3 => 'url',
  4 => 'wait',
) ]
[ info ] [ LOG ] INIT File

---------------------------------------------------------------
[ 2017-08-24T16:04:10+08:00 ] 45.76.170.105 66.249.79.54 GET /
[ log ] www.sunaiwen.com/ [运行时间：0.037528s][吞吐率：26.65req/s] [内存消耗：2,356.84kb] [文件加载：53]
[ info ] [ LANG ] /home/wwwroot/default/blog/blog/thinkphp/lang/zh-cn.php
[ info ] [ BIND ] 'admin'
[ info ] [ ROUTE ] array (
  'type' => 'module',
  'module' => 
  array (
    0 => 'admin',
    1 => NULL,
    2 => NULL,
  ),
)
[ info ] [ HEADER ] array (
  'host' => 'www.sunaiwen.com',
  'connection' => 'Keep-alive',
  'accept' => 'text/html,application/xhtml+xml,application/xml;q=0.9,*/*;q=0.8',
  'from' => 'googlebot(at)googlebot.com',
  'user-agent' => 'Mozilla/5.0 (compatible; Googlebot/2.1; +http://www.google.com/bot.html)',
  'accept-encoding' => 'gzip,deflate,br',
  'content-type' => '',
  'content-length' => '',
)
[ info ] [ PARAM ] array (
)
[ info ] [ SESSION ] INIT array (
  'id' => '',
  'var_session_id' => '',
  'prefix' => 'think',
  'type' => '',
  'auto_start' => true,
)
[ info ] [ VIEW ] /home/wwwroot/default/blog/blog/thinkphp/tpl/dispatch_jump.tpl [ array (
  0 => 'code',
  1 => 'msg',
  2 => 'data',
  3 => 'url',
  4 => 'wait',
) ]
[ info ] [ LOG ] INIT File

---------------------------------------------------------------
[ 2017-08-24T18:37:49+08:00 ] 45.76.170.105 140.205.201.8 GET /
[ log ] www.sunaiwen.com/ [运行时间：0.031807s][吞吐率：31.44req/s] [内存消耗：2,357.20kb] [文件加载：53]
[ info ] [ LANG ] /home/wwwroot/default/blog/blog/thinkphp/lang/zh-cn.php
[ info ] [ BIND ] 'admin'
[ info ] [ ROUTE ] array (
  'type' => 'module',
  'module' => 
  array (
    0 => 'admin',
    1 => NULL,
    2 => NULL,
  ),
)
[ info ] [ HEADER ] array (
  'user-agent' => 'Mozilla/4.0 (compatible; MSIE 8.0; Trident/4.0; Windows NT 6.1; SLCC2 2.5.5231; .NET CLR 2.0.50727; .NET CLR 4.1.23457; .NET CLR 4.0.23457; Media Center PC 6.0; MS-WK 8)',
  'accept' => 'text/html,application/xhtml+xml,application/xml;q=0.9,*/*;q=0.8',
  'connection' => 'Keep-Alive',
  'accept-encoding' => 'gzip',
  'accept-language' => 'en-US,*',
  'host' => 'www.sunaiwen.com',
  'content-type' => '',
  'content-length' => '',
)
[ info ] [ PARAM ] array (
)
[ info ] [ SESSION ] INIT array (
  'id' => '',
  'var_session_id' => '',
  'prefix' => 'think',
  'type' => '',
  'auto_start' => true,
)
[ info ] [ VIEW ] /home/wwwroot/default/blog/blog/thinkphp/tpl/dispatch_jump.tpl [ array (
  0 => 'code',
  1 => 'msg',
  2 => 'data',
  3 => 'url',
  4 => 'wait',
) ]
[ info ] [ LOG ] INIT File

---------------------------------------------------------------
[ 2017-08-24T18:47:40+08:00 ] 45.76.170.105 112.10.170.172 GET /
[ log ] www.sunaiwen.com/ [运行时间：0.039647s][吞吐率：25.22req/s] [内存消耗：2,358.10kb] [文件加载：53]
[ info ] [ LANG ] /home/wwwroot/default/blog/blog/thinkphp/lang/zh-cn.php
[ info ] [ BIND ] 'admin'
[ info ] [ ROUTE ] array (
  'type' => 'module',
  'module' => 
  array (
    0 => 'admin',
    1 => NULL,
    2 => NULL,
  ),
)
[ info ] [ HEADER ] array (
  'host' => 'www.sunaiwen.com',
  'connection' => 'keep-alive',
  'upgrade-insecure-requests' => '1',
  'user-agent' => 'Mozilla/5.0 (Windows NT 10.0; Win64; x64) AppleWebKit/537.36 (KHTML, like Gecko) Chrome/60.0.3112.101 Safari/537.36',
  'accept' => 'text/html,application/xhtml+xml,application/xml;q=0.9,image/webp,image/apng,*/*;q=0.8',
  'accept-encoding' => 'gzip, deflate',
  'accept-language' => 'zh-CN,zh;q=0.8',
  'cookie' => 'PHPSESSID=ldf58bqb226l084ihsv315gsf2; thinkphp_show_page_trace=0|0',
  'content-type' => '',
  'content-length' => '',
)
[ info ] [ PARAM ] array (
)
[ info ] [ SESSION ] INIT array (
  'id' => '',
  'var_session_id' => '',
  'prefix' => 'think',
  'type' => '',
  'auto_start' => true,
)
[ info ] [ VIEW ] /home/wwwroot/default/blog/blog/thinkphp/tpl/dispatch_jump.tpl [ array (
  0 => 'code',
  1 => 'msg',
  2 => 'data',
  3 => 'url',
  4 => 'wait',
) ]
[ info ] [ LOG ] INIT File

---------------------------------------------------------------
[ 2017-08-24T18:47:42+08:00 ] 45.76.170.105 112.10.170.172 GET /login/login.html
[ log ] www.sunaiwen.com/login/login.html [运行时间：0.031148s][吞吐率：32.10req/s] [内存消耗：2,280.73kb] [文件加载：51]
[ info ] [ LANG ] /home/wwwroot/default/blog/blog/thinkphp/lang/zh-cn.php
[ info ] [ BIND ] 'admin'
[ info ] [ ROUTE ] array (
  'type' => 'module',
  'module' => 
  array (
    0 => 'admin',
    1 => 'login',
    2 => 'login',
  ),
)
[ info ] [ HEADER ] array (
  'host' => 'www.sunaiwen.com',
  'connection' => 'keep-alive',
  'upgrade-insecure-requests' => '1',
  'user-agent' => 'Mozilla/5.0 (Windows NT 10.0; Win64; x64) AppleWebKit/537.36 (KHTML, like Gecko) Chrome/60.0.3112.101 Safari/537.36',
  'accept' => 'text/html,application/xhtml+xml,application/xml;q=0.9,image/webp,image/apng,*/*;q=0.8',
  'referer' => 'http://www.sunaiwen.com/',
  'accept-encoding' => 'gzip, deflate',
  'accept-language' => 'zh-CN,zh;q=0.8',
  'cookie' => 'thinkphp_show_page_trace=0|0; PHPSESSID=ldf58bqb226l084ihsv315gsf2; thinkphp_show_page_trace=0|0',
  'content-type' => '',
  'content-length' => '',
)
[ info ] [ PARAM ] array (
)
[ info ] [ RUN ] app\admin\controller\Login->login[ /home/wwwroot/default/blog/blog/app/admin/controller/Login.php ]
[ info ] [ VIEW ] /home/wwwroot/default/blog/blog/public/../app/admin/view/login/login.html [ array (
) ]
[ info ] [ LOG ] INIT File

---------------------------------------------------------------
[ 2017-08-24T18:47:42+08:00 ] 45.76.170.105 112.10.170.172 GET /login/captcha
[ log ] www.sunaiwen.com/login/captcha [运行时间：0.035208s][吞吐率：28.40req/s] [内存消耗：2,296.66kb] [文件加载：48]
[ info ] [ LANG ] /home/wwwroot/default/blog/blog/thinkphp/lang/zh-cn.php
[ info ] [ BIND ] 'admin'
[ info ] [ ROUTE ] array (
  'type' => 'module',
  'module' => 
  array (
    0 => 'admin',
    1 => 'login',
    2 => 'captcha',
  ),
)
[ info ] [ HEADER ] array (
  'host' => 'www.sunaiwen.com',
  'connection' => 'keep-alive',
  'user-agent' => 'Mozilla/5.0 (Windows NT 10.0; Win64; x64) AppleWebKit/537.36 (KHTML, like Gecko) Chrome/60.0.3112.101 Safari/537.36',
  'accept' => 'image/webp,image/apng,image/*,*/*;q=0.8',
  'referer' => 'http://www.sunaiwen.com/login/login.html',
  'accept-encoding' => 'gzip, deflate',
  'accept-language' => 'zh-CN,zh;q=0.8',
  'cookie' => 'thinkphp_show_page_trace=0|0; PHPSESSID=ldf58bqb226l084ihsv315gsf2; thinkphp_show_page_trace=0|0',
  'content-type' => '',
  'content-length' => '',
)
[ info ] [ PARAM ] array (
)
[ info ] [ RUN ] app\admin\controller\Login->captcha[ /home/wwwroot/default/blog/blog/app/admin/controller/Login.php ]
[ info ] [ SESSION ] INIT array (
  'id' => '',
  'var_session_id' => '',
  'prefix' => 'think',
  'type' => '',
  'auto_start' => true,
)
[ info ] [ LOG ] INIT File

---------------------------------------------------------------
[ 2017-08-24T19:57:30+08:00 ] 45.76.170.105 66.249.79.48 GET /
[ log ] www.sunaiwen.com/ [运行时间：0.042193s][吞吐率：23.70req/s] [内存消耗：2,356.84kb] [文件加载：53]
[ info ] [ LANG ] /home/wwwroot/default/blog/blog/thinkphp/lang/zh-cn.php
[ info ] [ BIND ] 'admin'
[ info ] [ ROUTE ] array (
  'type' => 'module',
  'module' => 
  array (
    0 => 'admin',
    1 => NULL,
    2 => NULL,
  ),
)
[ info ] [ HEADER ] array (
  'host' => 'www.sunaiwen.com',
  'connection' => 'Keep-alive',
  'accept' => 'text/html,application/xhtml+xml,application/xml;q=0.9,*/*;q=0.8',
  'from' => 'googlebot(at)googlebot.com',
  'user-agent' => 'Mozilla/5.0 (compatible; Googlebot/2.1; +http://www.google.com/bot.html)',
  'accept-encoding' => 'gzip,deflate,br',
  'content-type' => '',
  'content-length' => '',
)
[ info ] [ PARAM ] array (
)
[ info ] [ SESSION ] INIT array (
  'id' => '',
  'var_session_id' => '',
  'prefix' => 'think',
  'type' => '',
  'auto_start' => true,
)
[ info ] [ VIEW ] /home/wwwroot/default/blog/blog/thinkphp/tpl/dispatch_jump.tpl [ array (
  0 => 'code',
  1 => 'msg',
  2 => 'data',
  3 => 'url',
  4 => 'wait',
) ]
[ info ] [ LOG ] INIT File

---------------------------------------------------------------
[ 2017-08-24T20:33:30+08:00 ] 45.76.170.105 112.10.170.172 GET /?openid=E21A05DB480281485FB634CF7F4CA06F&openkey=6562DD9B444F5B6A4FD3C7A105060F7A&pf=qzone&pfkey=057cec5f50f43d95205767c9d826d74a
[ log ] www.sunaiwen.com/?openid=E21A05DB480281485FB634CF7F4CA06F&openkey=6562DD9B444F5B6A4FD3C7A105060F7A&pf=qzone&pfkey=057cec5f50f43d95205767c9d826d74a [运行时间：0.033247s][吞吐率：30.08req/s] [内存消耗：2,359.63kb] [文件加载：53]
[ info ] [ LANG ] /home/wwwroot/default/blog/blog/thinkphp/lang/zh-cn.php
[ info ] [ BIND ] 'admin'
[ info ] [ ROUTE ] array (
  'type' => 'module',
  'module' => 
  array (
    0 => 'admin',
    1 => NULL,
    2 => NULL,
  ),
)
[ info ] [ HEADER ] array (
  'host' => 'www.sunaiwen.com',
  'connection' => 'keep-alive',
  'upgrade-insecure-requests' => '1',
  'user-agent' => 'Mozilla/5.0 (Windows NT 10.0; Win64; x64) AppleWebKit/537.36 (KHTML, like Gecko) Chrome/60.0.3112.101 Safari/537.36',
  'accept' => 'text/html,application/xhtml+xml,application/xml;q=0.9,image/webp,image/apng,*/*;q=0.8',
  'referer' => 'http://qzs.qq.com/open/fusion/app_redirect.htm',
  'accept-encoding' => 'gzip, deflate',
  'accept-language' => 'zh-CN,zh;q=0.8',
  'cookie' => 'PHPSESSID=ldf58bqb226l084ihsv315gsf2; thinkphp_show_page_trace=0|0',
  'content-type' => '',
  'content-length' => '',
)
[ info ] [ PARAM ] array (
  'openid' => 'E21A05DB480281485FB634CF7F4CA06F',
  'openkey' => '6562DD9B444F5B6A4FD3C7A105060F7A',
  'pf' => 'qzone',
  'pfkey' => '057cec5f50f43d95205767c9d826d74a',
)
[ info ] [ SESSION ] INIT array (
  'id' => '',
  'var_session_id' => '',
  'prefix' => 'think',
  'type' => '',
  'auto_start' => true,
)
[ info ] [ VIEW ] /home/wwwroot/default/blog/blog/thinkphp/tpl/dispatch_jump.tpl [ array (
  0 => 'code',
  1 => 'msg',
  2 => 'data',
  3 => 'url',
  4 => 'wait',
) ]
[ info ] [ LOG ] INIT File

---------------------------------------------------------------
[ 2017-08-24T20:33:32+08:00 ] 45.76.170.105 112.10.170.172 GET /login/login.html
[ log ] www.sunaiwen.com/login/login.html [运行时间：0.043737s][吞吐率：22.86req/s] [内存消耗：2,280.80kb] [文件加载：51]
[ info ] [ LANG ] /home/wwwroot/default/blog/blog/thinkphp/lang/zh-cn.php
[ info ] [ BIND ] 'admin'
[ info ] [ ROUTE ] array (
  'type' => 'module',
  'module' => 
  array (
    0 => 'admin',
    1 => 'login',
    2 => 'login',
  ),
)
[ info ] [ HEADER ] array (
  'host' => 'www.sunaiwen.com',
  'connection' => 'keep-alive',
  'upgrade-insecure-requests' => '1',
  'user-agent' => 'Mozilla/5.0 (Windows NT 10.0; Win64; x64) AppleWebKit/537.36 (KHTML, like Gecko) Chrome/60.0.3112.101 Safari/537.36',
  'accept' => 'text/html,application/xhtml+xml,application/xml;q=0.9,image/webp,image/apng,*/*;q=0.8',
  'referer' => 'http://www.sunaiwen.com/?openid=E21A05DB480281485FB634CF7F4CA06F&openkey=6562DD9B444F5B6A4FD3C7A105060F7A&pf=qzone&pfkey=057cec5f50f43d95205767c9d826d74a',
  'accept-encoding' => 'gzip, deflate',
  'accept-language' => 'zh-CN,zh;q=0.8',
  'cookie' => 'thinkphp_show_page_trace=0|0; PHPSESSID=ldf58bqb226l084ihsv315gsf2; thinkphp_show_page_trace=0|0',
  'content-type' => '',
  'content-length' => '',
)
[ info ] [ PARAM ] array (
)
[ info ] [ RUN ] app\admin\controller\Login->login[ /home/wwwroot/default/blog/blog/app/admin/controller/Login.php ]
[ info ] [ VIEW ] /home/wwwroot/default/blog/blog/public/../app/admin/view/login/login.html [ array (
) ]
[ info ] [ LOG ] INIT File

---------------------------------------------------------------
[ 2017-08-24T20:33:32+08:00 ] 45.76.170.105 112.10.170.172 GET /login/captcha
[ log ] www.sunaiwen.com/login/captcha [运行时间：0.031213s][吞吐率：32.04req/s] [内存消耗：2,296.64kb] [文件加载：48]
[ info ] [ LANG ] /home/wwwroot/default/blog/blog/thinkphp/lang/zh-cn.php
[ info ] [ BIND ] 'admin'
[ info ] [ ROUTE ] array (
  'type' => 'module',
  'module' => 
  array (
    0 => 'admin',
    1 => 'login',
    2 => 'captcha',
  ),
)
[ info ] [ HEADER ] array (
  'host' => 'www.sunaiwen.com',
  'connection' => 'keep-alive',
  'user-agent' => 'Mozilla/5.0 (Windows NT 10.0; Win64; x64) AppleWebKit/537.36 (KHTML, like Gecko) Chrome/60.0.3112.101 Safari/537.36',
  'accept' => 'image/webp,image/apng,image/*,*/*;q=0.8',
  'referer' => 'http://www.sunaiwen.com/login/login.html',
  'accept-encoding' => 'gzip, deflate',
  'accept-language' => 'zh-CN,zh;q=0.8',
  'cookie' => 'thinkphp_show_page_trace=0|0; PHPSESSID=ldf58bqb226l084ihsv315gsf2; thinkphp_show_page_trace=0|0',
  'content-type' => '',
  'content-length' => '',
)
[ info ] [ PARAM ] array (
)
[ info ] [ RUN ] app\admin\controller\Login->captcha[ /home/wwwroot/default/blog/blog/app/admin/controller/Login.php ]
[ info ] [ SESSION ] INIT array (
  'id' => '',
  'var_session_id' => '',
  'prefix' => 'think',
  'type' => '',
  'auto_start' => true,
)
[ info ] [ LOG ] INIT File

---------------------------------------------------------------
[ 2017-08-24T20:35:11+08:00 ] 45.76.170.105 112.10.170.172 GET /login/captcha?tm=0.5262013932915939
[ log ] www.sunaiwen.com/login/captcha?tm=0.5262013932915939 [运行时间：0.033237s][吞吐率：30.09req/s] [内存消耗：2,296.98kb] [文件加载：48]
[ info ] [ LANG ] /home/wwwroot/default/blog/blog/thinkphp/lang/zh-cn.php
[ info ] [ BIND ] 'admin'
[ info ] [ ROUTE ] array (
  'type' => 'module',
  'module' => 
  array (
    0 => 'admin',
    1 => 'login',
    2 => 'captcha',
  ),
)
[ info ] [ HEADER ] array (
  'host' => 'www.sunaiwen.com',
  'connection' => 'keep-alive',
  'user-agent' => 'Mozilla/5.0 (Windows NT 10.0; Win64; x64) AppleWebKit/537.36 (KHTML, like Gecko) Chrome/60.0.3112.101 Safari/537.36',
  'accept' => 'image/webp,image/apng,image/*,*/*;q=0.8',
  'referer' => 'http://www.sunaiwen.com/login/login.html',
  'accept-encoding' => 'gzip, deflate',
  'accept-language' => 'zh-CN,zh;q=0.8',
  'cookie' => 'thinkphp_show_page_trace=0|0; PHPSESSID=ldf58bqb226l084ihsv315gsf2; thinkphp_show_page_trace=0|0',
  'content-type' => '',
  'content-length' => '',
)
[ info ] [ PARAM ] array (
  'tm' => '0.5262013932915939',
)
[ info ] [ RUN ] app\admin\controller\Login->captcha[ /home/wwwroot/default/blog/blog/app/admin/controller/Login.php ]
[ info ] [ SESSION ] INIT array (
  'id' => '',
  'var_session_id' => '',
  'prefix' => 'think',
  'type' => '',
  'auto_start' => true,
)
[ info ] [ LOG ] INIT File

---------------------------------------------------------------
[ 2017-08-24T20:35:12+08:00 ] 45.76.170.105 112.10.170.172 GET /login/captcha?tm=0.5262013932915939?tm=0.9252396845589583
[ log ] www.sunaiwen.com/login/captcha?tm=0.5262013932915939?tm=0.9252396845589583 [运行时间：0.040382s][吞吐率：24.76req/s] [内存消耗：2,297.13kb] [文件加载：48]
[ info ] [ LANG ] /home/wwwroot/default/blog/blog/thinkphp/lang/zh-cn.php
[ info ] [ BIND ] 'admin'
[ info ] [ ROUTE ] array (
  'type' => 'module',
  'module' => 
  array (
    0 => 'admin',
    1 => 'login',
    2 => 'captcha',
  ),
)
[ info ] [ HEADER ] array (
  'host' => 'www.sunaiwen.com',
  'connection' => 'keep-alive',
  'user-agent' => 'Mozilla/5.0 (Windows NT 10.0; Win64; x64) AppleWebKit/537.36 (KHTML, like Gecko) Chrome/60.0.3112.101 Safari/537.36',
  'accept' => 'image/webp,image/apng,image/*,*/*;q=0.8',
  'referer' => 'http://www.sunaiwen.com/login/login.html',
  'accept-encoding' => 'gzip, deflate',
  'accept-language' => 'zh-CN,zh;q=0.8',
  'cookie' => 'thinkphp_show_page_trace=0|0; PHPSESSID=ldf58bqb226l084ihsv315gsf2; thinkphp_show_page_trace=0|0',
  'content-type' => '',
  'content-length' => '',
)
[ info ] [ PARAM ] array (
  'tm' => '0.5262013932915939?tm=0.9252396845589583',
)
[ info ] [ RUN ] app\admin\controller\Login->captcha[ /home/wwwroot/default/blog/blog/app/admin/controller/Login.php ]
[ info ] [ SESSION ] INIT array (
  'id' => '',
  'var_session_id' => '',
  'prefix' => 'think',
  'type' => '',
  'auto_start' => true,
)
[ info ] [ LOG ] INIT File

---------------------------------------------------------------
[ 2017-08-24T20:35:19+08:00 ] 45.76.170.105 112.10.170.172 POST /login/dologin
[ log ] www.sunaiwen.com/login/dologin [运行时间：0.065767s][吞吐率：15.21req/s] [内存消耗：3,311.38kb] [文件加载：59]
[ info ] [ LANG ] /home/wwwroot/default/blog/blog/thinkphp/lang/zh-cn.php
[ info ] [ BIND ] 'admin'
[ info ] [ ROUTE ] array (
  'type' => 'module',
  'module' => 
  array (
    0 => 'admin',
    1 => 'login',
    2 => 'dologin',
  ),
)
[ info ] [ HEADER ] array (
  'host' => 'www.sunaiwen.com',
  'connection' => 'keep-alive',
  'content-length' => '36',
  'cache-control' => 'max-age=0',
  'origin' => 'http://www.sunaiwen.com',
  'upgrade-insecure-requests' => '1',
  'user-agent' => 'Mozilla/5.0 (Windows NT 10.0; Win64; x64) AppleWebKit/537.36 (KHTML, like Gecko) Chrome/60.0.3112.101 Safari/537.36',
  'content-type' => 'application/x-www-form-urlencoded',
  'accept' => 'text/html,application/xhtml+xml,application/xml;q=0.9,image/webp,image/apng,*/*;q=0.8',
  'referer' => 'http://www.sunaiwen.com/login/login.html',
  'accept-encoding' => 'gzip, deflate',
  'accept-language' => 'zh-CN,zh;q=0.8',
  'cookie' => 'thinkphp_show_page_trace=0|0; PHPSESSID=ldf58bqb226l084ihsv315gsf2; thinkphp_show_page_trace=0|0',
)
[ info ] [ PARAM ] array (
  'username' => 'snw',
  'password' => '1234',
  'code' => 'efik',
)
[ info ] [ RUN ] app\admin\controller\Login->dologin[ /home/wwwroot/default/blog/blog/app/admin/controller/Login.php ]
[ info ] [ SESSION ] INIT array (
  'id' => '',
  'var_session_id' => '',
  'prefix' => 'think',
  'type' => '',
  'auto_start' => true,
)
[ info ] [ DB ] INIT mysql
[ info ] [ VIEW ] /home/wwwroot/default/blog/blog/public/../app/admin/view/public/success.html [ array (
  0 => 'code',
  1 => 'msg',
  2 => 'data',
  3 => 'url',
  4 => 'wait',
) ]
[ info ] [ LOG ] INIT File
[ sql ] [ DB ] CONNECT:[ UseTime:0.000951s ] mysql:dbname=blog;host=127.0.0.1;charset=utf8
[ sql ] [ SQL ] SHOW COLUMNS FROM `user` [ RunTime:0.001656s ]
[ sql ] [ SQL ] SELECT * FROM `user` WHERE  `username` = 'snw' LIMIT 1 [ RunTime:0.001277s ]

---------------------------------------------------------------
[ 2017-08-24T20:35:20+08:00 ] 45.76.170.105 112.10.170.172 GET /index/index.html
[ log ] www.sunaiwen.com/index/index.html [运行时间：0.038087s][吞吐率：26.26req/s] [内存消耗：3,245.63kb] [文件加载：57]
[ info ] [ LANG ] /home/wwwroot/default/blog/blog/thinkphp/lang/zh-cn.php
[ info ] [ BIND ] 'admin'
[ info ] [ ROUTE ] array (
  'type' => 'module',
  'module' => 
  array (
    0 => 'admin',
    1 => 'index',
    2 => 'index',
  ),
)
[ info ] [ HEADER ] array (
  'host' => 'www.sunaiwen.com',
  'connection' => 'keep-alive',
  'upgrade-insecure-requests' => '1',
  'user-agent' => 'Mozilla/5.0 (Windows NT 10.0; Win64; x64) AppleWebKit/537.36 (KHTML, like Gecko) Chrome/60.0.3112.101 Safari/537.36',
  'accept' => 'text/html,application/xhtml+xml,application/xml;q=0.9,image/webp,image/apng,*/*;q=0.8',
  'referer' => 'http://www.sunaiwen.com/login/dologin',
  'accept-encoding' => 'gzip, deflate',
  'accept-language' => 'zh-CN,zh;q=0.8',
  'cookie' => 'thinkphp_show_page_trace=0|0; PHPSESSID=ldf58bqb226l084ihsv315gsf2; thinkphp_show_page_trace=0|0',
  'content-type' => '',
  'content-length' => '',
)
[ info ] [ PARAM ] array (
)
[ info ] [ SESSION ] INIT array (
  'id' => '',
  'var_session_id' => '',
  'prefix' => 'think',
  'type' => '',
  'auto_start' => true,
)
[ info ] [ RUN ] app\admin\controller\Index->index[ /home/wwwroot/default/blog/blog/app/admin/controller/Index.php ]
[ info ] [ DB ] INIT mysql
[ info ] [ VIEW ] /home/wwwroot/default/blog/blog/public/../app/admin/view/index/index.html [ array (
  0 => 'article',
) ]
[ info ] [ LOG ] INIT File
[ sql ] [ DB ] CONNECT:[ UseTime:0.000481s ] mysql:dbname=blog;host=127.0.0.1;charset=utf8
[ sql ] [ SQL ] SHOW COLUMNS FROM `article` [ RunTime:0.000864s ]
[ sql ] [ SQL ] SELECT * FROM `article` ORDER BY create_time desc [ RunTime:0.000801s ]

---------------------------------------------------------------
[ 2017-08-24T20:35:35+08:00 ] 45.76.170.105 112.10.170.172 GET /User/user
[ log ] www.sunaiwen.com/User/user [运行时间：0.027751s][吞吐率：36.03req/s] [内存消耗：2,378.52kb] [文件加载：52]
[ info ] [ LANG ] /home/wwwroot/default/blog/blog/thinkphp/lang/zh-cn.php
[ info ] [ BIND ] 'admin'
[ info ] [ ROUTE ] array (
  'type' => 'module',
  'module' => 
  array (
    0 => 'admin',
    1 => 'User',
    2 => 'user',
  ),
)
[ info ] [ HEADER ] array (
  'host' => 'www.sunaiwen.com',
  'connection' => 'keep-alive',
  'upgrade-insecure-requests' => '1',
  'user-agent' => 'Mozilla/5.0 (Windows NT 10.0; Win64; x64) AppleWebKit/537.36 (KHTML, like Gecko) Chrome/60.0.3112.101 Safari/537.36',
  'accept' => 'text/html,application/xhtml+xml,application/xml;q=0.9,image/webp,image/apng,*/*;q=0.8',
  'referer' => 'http://www.sunaiwen.com/index/index.html',
  'accept-encoding' => 'gzip, deflate',
  'accept-language' => 'zh-CN,zh;q=0.8',
  'cookie' => 'thinkphp_show_page_trace=0|0; PHPSESSID=ldf58bqb226l084ihsv315gsf2; thinkphp_show_page_trace=0|0',
  'content-type' => '',
  'content-length' => '',
)
[ info ] [ PARAM ] array (
)
[ info ] [ SESSION ] INIT array (
  'id' => '',
  'var_session_id' => '',
  'prefix' => 'think',
  'type' => '',
  'auto_start' => true,
)
[ info ] [ RUN ] app\admin\controller\User->user[ /home/wwwroot/default/blog/blog/app/admin/controller/User.php ]
[ info ] [ VIEW ] /home/wwwroot/default/blog/blog/public/../app/admin/view/user/usermessage.html [ array (
  0 => 'username',
) ]
[ info ] [ LOG ] INIT File

---------------------------------------------------------------
[ 2017-08-24T20:35:42+08:00 ] 45.76.170.105 112.10.170.172 GET /User/adduser
[ log ] www.sunaiwen.com/User/adduser [运行时间：0.043904s][吞吐率：22.78req/s] [内存消耗：3,245.21kb] [文件加载：57]
[ info ] [ LANG ] /home/wwwroot/default/blog/blog/thinkphp/lang/zh-cn.php
[ info ] [ BIND ] 'admin'
[ info ] [ ROUTE ] array (
  'type' => 'module',
  'module' => 
  array (
    0 => 'admin',
    1 => 'User',
    2 => 'adduser',
  ),
)
[ info ] [ HEADER ] array (
  'host' => 'www.sunaiwen.com',
  'connection' => 'keep-alive',
  'upgrade-insecure-requests' => '1',
  'user-agent' => 'Mozilla/5.0 (Windows NT 10.0; Win64; x64) AppleWebKit/537.36 (KHTML, like Gecko) Chrome/60.0.3112.101 Safari/537.36',
  'accept' => 'text/html,application/xhtml+xml,application/xml;q=0.9,image/webp,image/apng,*/*;q=0.8',
  'referer' => 'http://www.sunaiwen.com/User/user',
  'accept-encoding' => 'gzip, deflate',
  'accept-language' => 'zh-CN,zh;q=0.8',
  'cookie' => 'thinkphp_show_page_trace=0|0; PHPSESSID=ldf58bqb226l084ihsv315gsf2; thinkphp_show_page_trace=0|0',
  'content-type' => '',
  'content-length' => '',
)
[ info ] [ PARAM ] array (
)
[ info ] [ SESSION ] INIT array (
  'id' => '',
  'var_session_id' => '',
  'prefix' => 'think',
  'type' => '',
  'auto_start' => true,
)
[ info ] [ RUN ] app\admin\controller\User->adduser[ /home/wwwroot/default/blog/blog/app/admin/controller/User.php ]
[ info ] [ DB ] INIT mysql
[ info ] [ VIEW ] /home/wwwroot/default/blog/blog/public/../app/admin/view/user/adduser.html [ array (
  0 => 'group',
) ]
[ info ] [ LOG ] INIT File
[ sql ] [ DB ] CONNECT:[ UseTime:0.000510s ] mysql:dbname=blog;host=127.0.0.1;charset=utf8
[ sql ] [ SQL ] SHOW COLUMNS FROM `group` [ RunTime:0.000859s ]
[ sql ] [ SQL ] SELECT * FROM `group` [ RunTime:0.007388s ]

---------------------------------------------------------------
[ 2017-08-24T21:09:32+08:00 ] 45.76.170.105 112.10.170.172 GET /?openid=E21A05DB480281485FB634CF7F4CA06F&openkey=6562DD9B444F5B6AD609E60C1C42A6B6&pf=qzone&pfkey=b35983dd3b3552ddd27701c872363970
[ log ] www.sunaiwen.com/?openid=E21A05DB480281485FB634CF7F4CA06F&openkey=6562DD9B444F5B6AD609E60C1C42A6B6&pf=qzone&pfkey=b35983dd3b3552ddd27701c872363970 [运行时间：0.057175s][吞吐率：17.49req/s] [内存消耗：3,247.10kb] [文件加载：57]
[ info ] [ LANG ] /home/wwwroot/default/blog/blog/thinkphp/lang/zh-cn.php
[ info ] [ BIND ] 'admin'
[ info ] [ ROUTE ] array (
  'type' => 'module',
  'module' => 
  array (
    0 => 'admin',
    1 => NULL,
    2 => NULL,
  ),
)
[ info ] [ HEADER ] array (
  'host' => 'www.sunaiwen.com',
  'connection' => 'keep-alive',
  'upgrade-insecure-requests' => '1',
  'user-agent' => 'Mozilla/5.0 (Windows NT 10.0; Win64; x64) AppleWebKit/537.36 (KHTML, like Gecko) Chrome/60.0.3112.101 Safari/537.36',
  'accept' => 'text/html,application/xhtml+xml,application/xml;q=0.9,image/webp,image/apng,*/*;q=0.8',
  'referer' => 'http://qzone.devapp.open.qq.com/cgi-bin/devapp?qz_height=1000&qz_width=760&uin=1872937640&via=&pfid=2&app_custom=&app_isfirst=1',
  'accept-encoding' => 'gzip, deflate',
  'accept-language' => 'zh-CN,zh;q=0.8',
  'cookie' => 'PHPSESSID=ldf58bqb226l084ihsv315gsf2; thinkphp_show_page_trace=0|0',
  'content-type' => '',
  'content-length' => '',
)
[ info ] [ PARAM ] array (
  'openid' => 'E21A05DB480281485FB634CF7F4CA06F',
  'openkey' => '6562DD9B444F5B6AD609E60C1C42A6B6',
  'pf' => 'qzone',
  'pfkey' => 'b35983dd3b3552ddd27701c872363970',
)
[ info ] [ SESSION ] INIT array (
  'id' => '',
  'var_session_id' => '',
  'prefix' => 'think',
  'type' => '',
  'auto_start' => true,
)
[ info ] [ RUN ] app\admin\controller\Index->index[ /home/wwwroot/default/blog/blog/app/admin/controller/Index.php ]
[ info ] [ DB ] INIT mysql
[ info ] [ VIEW ] /home/wwwroot/default/blog/blog/public/../app/admin/view/index/index.html [ array (
  0 => 'article',
) ]
[ info ] [ LOG ] INIT File
[ sql ] [ DB ] CONNECT:[ UseTime:0.000950s ] mysql:dbname=blog;host=127.0.0.1;charset=utf8
[ sql ] [ SQL ] SHOW COLUMNS FROM `article` [ RunTime:0.001686s ]
[ sql ] [ SQL ] SELECT * FROM `article` ORDER BY create_time desc [ RunTime:0.000260s ]

---------------------------------------------------------------
[ 2017-08-24T21:09:43+08:00 ] 45.76.170.105 112.10.170.172 GET /?openid=E21A05DB480281485FB634CF7F4CA06F&openkey=6562DD9B444F5B6A2B0E61EA6671C4B8&pf=qzone&pfkey=ebb60b1510a5abd136b815135bef6f06
[ log ] www.sunaiwen.com/?openid=E21A05DB480281485FB634CF7F4CA06F&openkey=6562DD9B444F5B6A2B0E61EA6671C4B8&pf=qzone&pfkey=ebb60b1510a5abd136b815135bef6f06 [运行时间：0.049327s][吞吐率：20.27req/s] [内存消耗：3,247.16kb] [文件加载：57]
[ info ] [ LANG ] /home/wwwroot/default/blog/blog/thinkphp/lang/zh-cn.php
[ info ] [ BIND ] 'admin'
[ info ] [ ROUTE ] array (
  'type' => 'module',
  'module' => 
  array (
    0 => 'admin',
    1 => NULL,
    2 => NULL,
  ),
)
[ info ] [ HEADER ] array (
  'host' => 'www.sunaiwen.com',
  'connection' => 'keep-alive',
  'upgrade-insecure-requests' => '1',
  'user-agent' => 'Mozilla/5.0 (Windows NT 10.0; Win64; x64) AppleWebKit/537.36 (KHTML, like Gecko) Chrome/60.0.3112.101 Safari/537.36',
  'accept' => 'text/html,application/xhtml+xml,application/xml;q=0.9,image/webp,image/apng,*/*;q=0.8',
  'referer' => 'http://qzs.qq.com/open/fusion/app_redirect.htm',
  'accept-encoding' => 'gzip, deflate',
  'accept-language' => 'zh-CN,zh;q=0.8',
  'cookie' => 'PHPSESSID=ldf58bqb226l084ihsv315gsf2; thinkphp_show_page_trace=0|0',
  'content-type' => '',
  'content-length' => '',
)
[ info ] [ PARAM ] array (
  'openid' => 'E21A05DB480281485FB634CF7F4CA06F',
  'openkey' => '6562DD9B444F5B6A2B0E61EA6671C4B8',
  'pf' => 'qzone',
  'pfkey' => 'ebb60b1510a5abd136b815135bef6f06',
)
[ info ] [ SESSION ] INIT array (
  'id' => '',
  'var_session_id' => '',
  'prefix' => 'think',
  'type' => '',
  'auto_start' => true,
)
[ info ] [ RUN ] app\admin\controller\Index->index[ /home/wwwroot/default/blog/blog/app/admin/controller/Index.php ]
[ info ] [ DB ] INIT mysql
[ info ] [ VIEW ] /home/wwwroot/default/blog/blog/public/../app/admin/view/index/index.html [ array (
  0 => 'article',
) ]
[ info ] [ LOG ] INIT File
[ sql ] [ DB ] CONNECT:[ UseTime:0.000546s ] mysql:dbname=blog;host=127.0.0.1;charset=utf8
[ sql ] [ SQL ] SHOW COLUMNS FROM `article` [ RunTime:0.000871s ]
[ sql ] [ SQL ] SELECT * FROM `article` ORDER BY create_time desc [ RunTime:0.000229s ]

---------------------------------------------------------------
[ 2017-08-24T21:09:48+08:00 ] 45.76.170.105 112.10.170.172 GET /User/adduser
[ log ] www.sunaiwen.com/User/adduser [运行时间：0.036065s][吞吐率：27.73req/s] [内存消耗：3,245.21kb] [文件加载：57]
[ info ] [ LANG ] /home/wwwroot/default/blog/blog/thinkphp/lang/zh-cn.php
[ info ] [ BIND ] 'admin'
[ info ] [ ROUTE ] array (
  'type' => 'module',
  'module' => 
  array (
    0 => 'admin',
    1 => 'User',
    2 => 'adduser',
  ),
)
[ info ] [ HEADER ] array (
  'host' => 'www.sunaiwen.com',
  'connection' => 'keep-alive',
  'upgrade-insecure-requests' => '1',
  'user-agent' => 'Mozilla/5.0 (Windows NT 10.0; Win64; x64) AppleWebKit/537.36 (KHTML, like Gecko) Chrome/60.0.3112.101 Safari/537.36',
  'accept' => 'text/html,application/xhtml+xml,application/xml;q=0.9,image/webp,image/apng,*/*;q=0.8',
  'referer' => 'http://www.sunaiwen.com/User/user',
  'accept-encoding' => 'gzip, deflate',
  'accept-language' => 'zh-CN,zh;q=0.8',
  'cookie' => 'thinkphp_show_page_trace=0|0; PHPSESSID=ldf58bqb226l084ihsv315gsf2; thinkphp_show_page_trace=0|0',
  'content-type' => '',
  'content-length' => '',
)
[ info ] [ PARAM ] array (
)
[ info ] [ SESSION ] INIT array (
  'id' => '',
  'var_session_id' => '',
  'prefix' => 'think',
  'type' => '',
  'auto_start' => true,
)
[ info ] [ RUN ] app\admin\controller\User->adduser[ /home/wwwroot/default/blog/blog/app/admin/controller/User.php ]
[ info ] [ DB ] INIT mysql
[ info ] [ VIEW ] /home/wwwroot/default/blog/blog/public/../app/admin/view/user/adduser.html [ array (
  0 => 'group',
) ]
[ info ] [ LOG ] INIT File
[ sql ] [ DB ] CONNECT:[ UseTime:0.000480s ] mysql:dbname=blog;host=127.0.0.1;charset=utf8
[ sql ] [ SQL ] SHOW COLUMNS FROM `group` [ RunTime:0.000875s ]
[ sql ] [ SQL ] SELECT * FROM `group` [ RunTime:0.000209s ]

---------------------------------------------------------------
[ 2017-08-24T21:09:49+08:00 ] 45.76.170.105 112.10.170.172 GET /User/user
[ log ] www.sunaiwen.com/User/user [运行时间：0.028895s][吞吐率：34.61req/s] [内存消耗：2,378.52kb] [文件加载：52]
[ info ] [ LANG ] /home/wwwroot/default/blog/blog/thinkphp/lang/zh-cn.php
[ info ] [ BIND ] 'admin'
[ info ] [ ROUTE ] array (
  'type' => 'module',
  'module' => 
  array (
    0 => 'admin',
    1 => 'User',
    2 => 'user',
  ),
)
[ info ] [ HEADER ] array (
  'host' => 'www.sunaiwen.com',
  'connection' => 'keep-alive',
  'upgrade-insecure-requests' => '1',
  'user-agent' => 'Mozilla/5.0 (Windows NT 10.0; Win64; x64) AppleWebKit/537.36 (KHTML, like Gecko) Chrome/60.0.3112.101 Safari/537.36',
  'accept' => 'text/html,application/xhtml+xml,application/xml;q=0.9,image/webp,image/apng,*/*;q=0.8',
  'referer' => 'http://www.sunaiwen.com/index/index.html',
  'accept-encoding' => 'gzip, deflate',
  'accept-language' => 'zh-CN,zh;q=0.8',
  'cookie' => 'thinkphp_show_page_trace=0|0; PHPSESSID=ldf58bqb226l084ihsv315gsf2; thinkphp_show_page_trace=0|0',
  'content-type' => '',
  'content-length' => '',
)
[ info ] [ PARAM ] array (
)
[ info ] [ SESSION ] INIT array (
  'id' => '',
  'var_session_id' => '',
  'prefix' => 'think',
  'type' => '',
  'auto_start' => true,
)
[ info ] [ RUN ] app\admin\controller\User->user[ /home/wwwroot/default/blog/blog/app/admin/controller/User.php ]
[ info ] [ VIEW ] /home/wwwroot/default/blog/blog/public/../app/admin/view/user/usermessage.html [ array (
  0 => 'username',
) ]
[ info ] [ LOG ] INIT File

---------------------------------------------------------------
[ 2017-08-24T23:42:15+08:00 ] 45.76.170.105 50.117.89.222 GET /
[ log ] www.SUNAIWEN.com/ [运行时间：0.038736s][吞吐率：25.82req/s] [内存消耗：2,356.38kb] [文件加载：53]
[ info ] [ LANG ] /home/wwwroot/default/blog/blog/thinkphp/lang/zh-cn.php
[ info ] [ ROUTE ] array (
  'type' => 'module',
  'module' => 
  array (
    0 => '',
    1 => NULL,
    2 => NULL,
  ),
)
[ info ] [ HEADER ] array (
  'host' => 'www.SUNAIWEN.com',
  'accept' => 'text/html, */*',
  'accept-encoding' => 'identity',
  'user-agent' => 'Mozilla/4.0 (compatible; MSIE 8.0; Windows NT 6.0)',
  'content-type' => '',
  'content-length' => '',
)
[ info ] [ PARAM ] array (
)
[ info ] [ SESSION ] INIT array (
  'id' => '',
  'var_session_id' => '',
  'prefix' => 'think',
  'type' => '',
  'auto_start' => true,
)
[ info ] [ VIEW ] /home/wwwroot/default/blog/blog/thinkphp/tpl/dispatch_jump.tpl [ array (
  0 => 'code',
  1 => 'msg',
  2 => 'data',
  3 => 'url',
  4 => 'wait',
) ]
[ info ] [ LOG ] INIT File

---------------------------------------------------------------
