[ 2017-07-22T00:01:40+08:00 ] ::1 ::1 GET /blog/public/index.php/admin/index/getallusers
[ log ] localhost/blog/public/index.php/admin/index/getallusers [运行时间：0.071790s][吞吐率：13.93req/s] [内存消耗：2,435.07kb] [文件加载：54]
[ info ] [ LANG ] D:\phpStudy\WWW\blog\thinkphp\lang\zh-cn.php
[ info ] [ ROUTE ] array (
  'type' => 'module',
  'module' => 
  array (
    0 => 'admin',
    1 => 'index',
    2 => 'getallusers',
  ),
)
[ info ] [ HEADER ] array (
  'host' => 'localhost',
  'connection' => 'keep-alive',
  'cache-control' => 'max-age=0',
  'upgrade-insecure-requests' => '1',
  'user-agent' => 'Mozilla/5.0 (Windows NT 10.0; Win64; x64) AppleWebKit/537.36 (KHTML, like Gecko) Chrome/59.0.3071.115 Safari/537.36',
  'accept' => 'text/html,application/xhtml+xml,application/xml;q=0.9,image/webp,image/apng,*/*;q=0.8',
  'referer' => 'http://localhost/blog/public/index.php/admin/index/publish.html',
  'accept-encoding' => 'gzip, deflate, br',
  'accept-language' => 'zh-CN,zh;q=0.8',
  'cookie' => 'pgv_pvi=1955047424; province_id=1; city_id=2; district_id=3; PHPSESSID=ckut24ifknura073l8egugubp1; pgv_si=s7624048640; workspaceParam=welcome%7CIndex',
)
[ info ] [ PARAM ] array (
)
[ info ] [ SESSION ] INIT array (
  'id' => '',
  'var_session_id' => '',
  'prefix' => 'think',
  'type' => '',
  'auto_start' => true,
)
[ info ] [ RUN ] app\admin\controller\Index->getallusers[ D:\phpStudy\WWW\blog\app\admin\controller\Index.php ]
[ info ] [ DB ] INIT mysql
[ info ] [ VIEW ] D:\phpStudy\WWW\blog\public/../app/admin\view\index\getallusers.html [ array (
  0 => 'allusers',
) ]
[ info ] [ LOG ] INIT File
[ sql ] [ DB ] CONNECT:[ UseTime:0.010800s ] mysql:dbname=blog;host=127.0.0.1;charset=utf8
[ sql ] [ SQL ] SHOW COLUMNS FROM `user` [ RunTime:0.010862s ]
[ sql ] [ SQL ] SELECT * FROM `user` [ RunTime:0.000285s ]

---------------------------------------------------------------
[ 2017-07-22T00:01:42+08:00 ] ::1 ::1 GET /blog/public/index.php/admin/index/getuserarticle?id=1
[ log ] localhost/blog/public/index.php/admin/index/getuserarticle?id=1 [运行时间：0.065054s][吞吐率：15.37req/s] [内存消耗：2,440.92kb] [文件加载：54]
[ info ] [ LANG ] D:\phpStudy\WWW\blog\thinkphp\lang\zh-cn.php
[ info ] [ ROUTE ] array (
  'type' => 'module',
  'module' => 
  array (
    0 => 'admin',
    1 => 'index',
    2 => 'getuserarticle',
  ),
)
[ info ] [ HEADER ] array (
  'host' => 'localhost',
  'connection' => 'keep-alive',
  'upgrade-insecure-requests' => '1',
  'user-agent' => 'Mozilla/5.0 (Windows NT 10.0; Win64; x64) AppleWebKit/537.36 (KHTML, like Gecko) Chrome/59.0.3071.115 Safari/537.36',
  'accept' => 'text/html,application/xhtml+xml,application/xml;q=0.9,image/webp,image/apng,*/*;q=0.8',
  'referer' => 'http://localhost/blog/public/index.php/admin/index/getallusers',
  'accept-encoding' => 'gzip, deflate, br',
  'accept-language' => 'zh-CN,zh;q=0.8',
  'cookie' => 'pgv_pvi=1955047424; province_id=1; city_id=2; district_id=3; PHPSESSID=ckut24ifknura073l8egugubp1; pgv_si=s7624048640; workspaceParam=welcome%7CIndex',
)
[ info ] [ PARAM ] array (
  'id' => '1',
)
[ info ] [ SESSION ] INIT array (
  'id' => '',
  'var_session_id' => '',
  'prefix' => 'think',
  'type' => '',
  'auto_start' => true,
)
[ info ] [ RUN ] app\admin\controller\Index->getuserarticle[ D:\phpStudy\WWW\blog\app\admin\controller\Index.php ]
[ info ] [ DB ] INIT mysql
[ info ] [ VIEW ] D:\phpStudy\WWW\blog\public/../app/admin\view\index\getuserarticle.html [ array (
  0 => 'userarticle',
) ]
[ info ] [ LOG ] INIT File
[ sql ] [ DB ] CONNECT:[ UseTime:0.002201s ] mysql:dbname=blog;host=127.0.0.1;charset=utf8
[ sql ] [ SQL ] SHOW COLUMNS FROM `article` [ RunTime:0.008851s ]
[ sql ] [ SQL ] SELECT * FROM `article` WHERE  `uid` = 1 [ RunTime:0.000774s ]

---------------------------------------------------------------
[ 2017-07-22T00:01:44+08:00 ] ::1 ::1 GET /blog/public/index.php/admin/index/deletearticle?title=%E5%95%8A%E6%89%93%E7%AE%97%E6%94%BE%E5%BC%83we
[ log ] localhost/blog/public/index.php/admin/index/deletearticle?title=%E5%95%8A%E6%89%93%E7%AE%97%E6%94%BE%E5%BC%83we [运行时间：0.066155s][吞吐率：15.12req/s] [内存消耗：2,438.87kb] [文件加载：55]
[ info ] [ LANG ] D:\phpStudy\WWW\blog\thinkphp\lang\zh-cn.php
[ info ] [ ROUTE ] array (
  'type' => 'module',
  'module' => 
  array (
    0 => 'admin',
    1 => 'index',
    2 => 'deletearticle',
  ),
)
[ info ] [ HEADER ] array (
  'host' => 'localhost',
  'connection' => 'keep-alive',
  'upgrade-insecure-requests' => '1',
  'user-agent' => 'Mozilla/5.0 (Windows NT 10.0; Win64; x64) AppleWebKit/537.36 (KHTML, like Gecko) Chrome/59.0.3071.115 Safari/537.36',
  'accept' => 'text/html,application/xhtml+xml,application/xml;q=0.9,image/webp,image/apng,*/*;q=0.8',
  'referer' => 'http://localhost/blog/public/index.php/admin/index/getuserarticle?id=1',
  'accept-encoding' => 'gzip, deflate, br',
  'accept-language' => 'zh-CN,zh;q=0.8',
  'cookie' => 'pgv_pvi=1955047424; province_id=1; city_id=2; district_id=3; PHPSESSID=ckut24ifknura073l8egugubp1; pgv_si=s7624048640; workspaceParam=welcome%7CIndex',
)
[ info ] [ PARAM ] array (
  'title' => '啊打算放弃we',
)
[ info ] [ SESSION ] INIT array (
  'id' => '',
  'var_session_id' => '',
  'prefix' => 'think',
  'type' => '',
  'auto_start' => true,
)
[ info ] [ RUN ] app\admin\controller\Index->deletearticle[ D:\phpStudy\WWW\blog\app\admin\controller\Index.php ]
[ info ] [ DB ] INIT mysql
[ info ] [ VIEW ] D:\phpStudy\WWW\blog\thinkphp\tpl\dispatch_jump.tpl [ array (
  0 => 'code',
  1 => 'msg',
  2 => 'data',
  3 => 'url',
  4 => 'wait',
) ]
[ info ] [ LOG ] INIT File
[ sql ] [ DB ] CONNECT:[ UseTime:0.002125s ] mysql:dbname=blog;host=127.0.0.1;charset=utf8
[ sql ] [ SQL ] SHOW COLUMNS FROM `article` [ RunTime:0.008654s ]
[ sql ] [ SQL ] DELETE FROM `article`    WHERE  `title` = '啊打算放弃we' [ RunTime:0.000463s ]

---------------------------------------------------------------
[ 2017-07-22T00:01:45+08:00 ] ::1 ::1 GET /blog/public/index.php/admin/index/history.back(-1);.html
[ log ] localhost/blog/public/index.php/admin/index/history.back(-1);.html [运行时间：0.214219s][吞吐率：4.67req/s] [内存消耗：1,708.81kb] [文件加载：48]
[ info ] [ LANG ] D:\phpStudy\WWW\blog\thinkphp\lang\zh-cn.php
[ info ] [ ROUTE ] array (
  'type' => 'module',
  'module' => 
  array (
    0 => 'admin',
    1 => 'index',
    2 => 'history.back(-1);',
  ),
)
[ info ] [ HEADER ] array (
  'host' => 'localhost',
  'connection' => 'keep-alive',
  'upgrade-insecure-requests' => '1',
  'user-agent' => 'Mozilla/5.0 (Windows NT 10.0; Win64; x64) AppleWebKit/537.36 (KHTML, like Gecko) Chrome/59.0.3071.115 Safari/537.36',
  'accept' => 'text/html,application/xhtml+xml,application/xml;q=0.9,image/webp,image/apng,*/*;q=0.8',
  'referer' => 'http://localhost/blog/public/index.php/admin/index/deletearticle?title=%E5%95%8A%E6%89%93%E7%AE%97%E6%94%BE%E5%BC%83we',
  'accept-encoding' => 'gzip, deflate, br',
  'accept-language' => 'zh-CN,zh;q=0.8',
  'cookie' => 'pgv_pvi=1955047424; province_id=1; city_id=2; district_id=3; PHPSESSID=ckut24ifknura073l8egugubp1; pgv_si=s7624048640; workspaceParam=welcome%7CIndex',
)
[ info ] [ PARAM ] array (
)
[ info ] [ SESSION ] INIT array (
  'id' => '',
  'var_session_id' => '',
  'prefix' => 'think',
  'type' => '',
  'auto_start' => true,
)
[ info ] [ LOG ] INIT File

---------------------------------------------------------------
[ 2017-07-22T00:05:31+08:00 ] ::1 ::1 GET /blog/public/index.php/admin/index/history.back(-1);.html
[ log ] localhost/blog/public/index.php/admin/index/history.back(-1);.html [运行时间：0.045437s][吞吐率：22.01req/s] [内存消耗：1,708.98kb] [文件加载：48]
[ info ] [ LANG ] D:\phpStudy\WWW\blog\thinkphp\lang\zh-cn.php
[ info ] [ ROUTE ] array (
  'type' => 'module',
  'module' => 
  array (
    0 => 'admin',
    1 => 'index',
    2 => 'history.back(-1);',
  ),
)
[ info ] [ HEADER ] array (
  'host' => 'localhost',
  'connection' => 'keep-alive',
  'cache-control' => 'max-age=0',
  'upgrade-insecure-requests' => '1',
  'user-agent' => 'Mozilla/5.0 (Windows NT 10.0; Win64; x64) AppleWebKit/537.36 (KHTML, like Gecko) Chrome/59.0.3071.115 Safari/537.36',
  'accept' => 'text/html,application/xhtml+xml,application/xml;q=0.9,image/webp,image/apng,*/*;q=0.8',
  'referer' => 'http://localhost/blog/public/index.php/admin/index/deletearticle?title=%E5%95%8A%E6%89%93%E7%AE%97%E6%94%BE%E5%BC%83we',
  'accept-encoding' => 'gzip, deflate, br',
  'accept-language' => 'zh-CN,zh;q=0.8',
  'cookie' => 'pgv_pvi=1955047424; province_id=1; city_id=2; district_id=3; PHPSESSID=ckut24ifknura073l8egugubp1; pgv_si=s7624048640; workspaceParam=welcome%7CIndex',
)
[ info ] [ PARAM ] array (
)
[ info ] [ SESSION ] INIT array (
  'id' => '',
  'var_session_id' => '',
  'prefix' => 'think',
  'type' => '',
  'auto_start' => true,
)
[ info ] [ LOG ] INIT File

---------------------------------------------------------------
[ 2017-07-22T00:05:32+08:00 ] ::1 ::1 GET /blog/public/index.php/admin/index/history.back(-1);.html
[ log ] localhost/blog/public/index.php/admin/index/history.back(-1);.html [运行时间：0.044470s][吞吐率：22.49req/s] [内存消耗：1,708.98kb] [文件加载：48]
[ info ] [ LANG ] D:\phpStudy\WWW\blog\thinkphp\lang\zh-cn.php
[ info ] [ ROUTE ] array (
  'type' => 'module',
  'module' => 
  array (
    0 => 'admin',
    1 => 'index',
    2 => 'history.back(-1);',
  ),
)
[ info ] [ HEADER ] array (
  'host' => 'localhost',
  'connection' => 'keep-alive',
  'cache-control' => 'max-age=0',
  'upgrade-insecure-requests' => '1',
  'user-agent' => 'Mozilla/5.0 (Windows NT 10.0; Win64; x64) AppleWebKit/537.36 (KHTML, like Gecko) Chrome/59.0.3071.115 Safari/537.36',
  'accept' => 'text/html,application/xhtml+xml,application/xml;q=0.9,image/webp,image/apng,*/*;q=0.8',
  'referer' => 'http://localhost/blog/public/index.php/admin/index/deletearticle?title=%E5%95%8A%E6%89%93%E7%AE%97%E6%94%BE%E5%BC%83we',
  'accept-encoding' => 'gzip, deflate, br',
  'accept-language' => 'zh-CN,zh;q=0.8',
  'cookie' => 'pgv_pvi=1955047424; province_id=1; city_id=2; district_id=3; PHPSESSID=ckut24ifknura073l8egugubp1; pgv_si=s7624048640; workspaceParam=welcome%7CIndex',
)
[ info ] [ PARAM ] array (
)
[ info ] [ SESSION ] INIT array (
  'id' => '',
  'var_session_id' => '',
  'prefix' => 'think',
  'type' => '',
  'auto_start' => true,
)
[ info ] [ LOG ] INIT File

---------------------------------------------------------------
[ 2017-07-22T00:05:32+08:00 ] ::1 ::1 GET /blog/public/index.php/admin/index/history.back(-1);.html
[ log ] localhost/blog/public/index.php/admin/index/history.back(-1);.html [运行时间：0.041430s][吞吐率：24.14req/s] [内存消耗：1,708.98kb] [文件加载：48]
[ info ] [ LANG ] D:\phpStudy\WWW\blog\thinkphp\lang\zh-cn.php
[ info ] [ ROUTE ] array (
  'type' => 'module',
  'module' => 
  array (
    0 => 'admin',
    1 => 'index',
    2 => 'history.back(-1);',
  ),
)
[ info ] [ HEADER ] array (
  'host' => 'localhost',
  'connection' => 'keep-alive',
  'cache-control' => 'max-age=0',
  'upgrade-insecure-requests' => '1',
  'user-agent' => 'Mozilla/5.0 (Windows NT 10.0; Win64; x64) AppleWebKit/537.36 (KHTML, like Gecko) Chrome/59.0.3071.115 Safari/537.36',
  'accept' => 'text/html,application/xhtml+xml,application/xml;q=0.9,image/webp,image/apng,*/*;q=0.8',
  'referer' => 'http://localhost/blog/public/index.php/admin/index/deletearticle?title=%E5%95%8A%E6%89%93%E7%AE%97%E6%94%BE%E5%BC%83we',
  'accept-encoding' => 'gzip, deflate, br',
  'accept-language' => 'zh-CN,zh;q=0.8',
  'cookie' => 'pgv_pvi=1955047424; province_id=1; city_id=2; district_id=3; PHPSESSID=ckut24ifknura073l8egugubp1; pgv_si=s7624048640; workspaceParam=welcome%7CIndex',
)
[ info ] [ PARAM ] array (
)
[ info ] [ SESSION ] INIT array (
  'id' => '',
  'var_session_id' => '',
  'prefix' => 'think',
  'type' => '',
  'auto_start' => true,
)
[ info ] [ LOG ] INIT File

---------------------------------------------------------------
[ 2017-07-22T00:05:33+08:00 ] ::1 ::1 GET /blog/public/index.php/admin/index/history.back(-1);.html
[ log ] localhost/blog/public/index.php/admin/index/history.back(-1);.html [运行时间：0.039404s][吞吐率：25.38req/s] [内存消耗：1,708.98kb] [文件加载：48]
[ info ] [ LANG ] D:\phpStudy\WWW\blog\thinkphp\lang\zh-cn.php
[ info ] [ ROUTE ] array (
  'type' => 'module',
  'module' => 
  array (
    0 => 'admin',
    1 => 'index',
    2 => 'history.back(-1);',
  ),
)
[ info ] [ HEADER ] array (
  'host' => 'localhost',
  'connection' => 'keep-alive',
  'cache-control' => 'max-age=0',
  'upgrade-insecure-requests' => '1',
  'user-agent' => 'Mozilla/5.0 (Windows NT 10.0; Win64; x64) AppleWebKit/537.36 (KHTML, like Gecko) Chrome/59.0.3071.115 Safari/537.36',
  'accept' => 'text/html,application/xhtml+xml,application/xml;q=0.9,image/webp,image/apng,*/*;q=0.8',
  'referer' => 'http://localhost/blog/public/index.php/admin/index/deletearticle?title=%E5%95%8A%E6%89%93%E7%AE%97%E6%94%BE%E5%BC%83we',
  'accept-encoding' => 'gzip, deflate, br',
  'accept-language' => 'zh-CN,zh;q=0.8',
  'cookie' => 'pgv_pvi=1955047424; province_id=1; city_id=2; district_id=3; PHPSESSID=ckut24ifknura073l8egugubp1; pgv_si=s7624048640; workspaceParam=welcome%7CIndex',
)
[ info ] [ PARAM ] array (
)
[ info ] [ SESSION ] INIT array (
  'id' => '',
  'var_session_id' => '',
  'prefix' => 'think',
  'type' => '',
  'auto_start' => true,
)
[ info ] [ LOG ] INIT File

---------------------------------------------------------------
[ 2017-07-22T00:05:33+08:00 ] ::1 ::1 GET /blog/public/index.php/admin/index/history.back(-1);.html
[ log ] localhost/blog/public/index.php/admin/index/history.back(-1);.html [运行时间：0.043458s][吞吐率：23.01req/s] [内存消耗：1,708.98kb] [文件加载：48]
[ info ] [ LANG ] D:\phpStudy\WWW\blog\thinkphp\lang\zh-cn.php
[ info ] [ ROUTE ] array (
  'type' => 'module',
  'module' => 
  array (
    0 => 'admin',
    1 => 'index',
    2 => 'history.back(-1);',
  ),
)
[ info ] [ HEADER ] array (
  'host' => 'localhost',
  'connection' => 'keep-alive',
  'cache-control' => 'max-age=0',
  'upgrade-insecure-requests' => '1',
  'user-agent' => 'Mozilla/5.0 (Windows NT 10.0; Win64; x64) AppleWebKit/537.36 (KHTML, like Gecko) Chrome/59.0.3071.115 Safari/537.36',
  'accept' => 'text/html,application/xhtml+xml,application/xml;q=0.9,image/webp,image/apng,*/*;q=0.8',
  'referer' => 'http://localhost/blog/public/index.php/admin/index/deletearticle?title=%E5%95%8A%E6%89%93%E7%AE%97%E6%94%BE%E5%BC%83we',
  'accept-encoding' => 'gzip, deflate, br',
  'accept-language' => 'zh-CN,zh;q=0.8',
  'cookie' => 'pgv_pvi=1955047424; province_id=1; city_id=2; district_id=3; PHPSESSID=ckut24ifknura073l8egugubp1; pgv_si=s7624048640; workspaceParam=welcome%7CIndex',
)
[ info ] [ PARAM ] array (
)
[ info ] [ SESSION ] INIT array (
  'id' => '',
  'var_session_id' => '',
  'prefix' => 'think',
  'type' => '',
  'auto_start' => true,
)
[ info ] [ LOG ] INIT File

---------------------------------------------------------------
[ 2017-07-22T00:05:37+08:00 ] ::1 ::1 GET /blog/public/index.php/admin/index/deletearticle?title=%E5%95%8A%E6%89%93%E7%AE%97%E6%94%BE%E5%BC%83we
[ log ] localhost/blog/public/index.php/admin/index/deletearticle?title=%E5%95%8A%E6%89%93%E7%AE%97%E6%94%BE%E5%BC%83we [运行时间：0.074619s][吞吐率：13.40req/s] [内存消耗：2,380.49kb] [文件加载：54]
[ info ] [ LANG ] D:\phpStudy\WWW\blog\thinkphp\lang\zh-cn.php
[ info ] [ ROUTE ] array (
  'type' => 'module',
  'module' => 
  array (
    0 => 'admin',
    1 => 'index',
    2 => 'deletearticle',
  ),
)
[ info ] [ HEADER ] array (
  'host' => 'localhost',
  'connection' => 'keep-alive',
  'upgrade-insecure-requests' => '1',
  'user-agent' => 'Mozilla/5.0 (Windows NT 10.0; Win64; x64) AppleWebKit/537.36 (KHTML, like Gecko) Chrome/59.0.3071.115 Safari/537.36',
  'accept' => 'text/html,application/xhtml+xml,application/xml;q=0.9,image/webp,image/apng,*/*;q=0.8',
  'referer' => 'http://localhost/blog/public/index.php/admin/index/getuserarticle?id=1',
  'accept-encoding' => 'gzip, deflate, br',
  'accept-language' => 'zh-CN,zh;q=0.8',
  'cookie' => 'pgv_pvi=1955047424; province_id=1; city_id=2; district_id=3; PHPSESSID=ckut24ifknura073l8egugubp1; pgv_si=s7624048640; workspaceParam=welcome%7CIndex',
)
[ info ] [ PARAM ] array (
  'title' => '啊打算放弃we',
)
[ info ] [ SESSION ] INIT array (
  'id' => '',
  'var_session_id' => '',
  'prefix' => 'think',
  'type' => '',
  'auto_start' => true,
)
[ info ] [ RUN ] app\admin\controller\Index->deletearticle[ D:\phpStudy\WWW\blog\app\admin\controller\Index.php ]
[ info ] [ DB ] INIT mysql
[ info ] [ VIEW ] D:\phpStudy\WWW\blog\thinkphp\tpl\dispatch_jump.tpl [ array (
  0 => 'code',
  1 => 'msg',
  2 => 'data',
  3 => 'url',
  4 => 'wait',
) ]
[ info ] [ LOG ] INIT File
[ sql ] [ DB ] CONNECT:[ UseTime:0.011657s ] mysql:dbname=blog;host=127.0.0.1;charset=utf8
[ sql ] [ SQL ] SHOW COLUMNS FROM `article` [ RunTime:0.010723s ]
[ sql ] [ SQL ] DELETE FROM `article`    WHERE  `title` = '啊打算放弃we' [ RunTime:0.000258s ]

---------------------------------------------------------------
[ 2017-07-22T00:05:38+08:00 ] ::1 ::1 GET /blog/public/index.php/admin/index/getuserarticle?id=1
[ log ] localhost/blog/public/index.php/admin/index/getuserarticle?id=1 [运行时间：0.079993s][吞吐率：12.50req/s] [内存消耗：2,439.72kb] [文件加载：54]
[ info ] [ LANG ] D:\phpStudy\WWW\blog\thinkphp\lang\zh-cn.php
[ info ] [ ROUTE ] array (
  'type' => 'module',
  'module' => 
  array (
    0 => 'admin',
    1 => 'index',
    2 => 'getuserarticle',
  ),
)
[ info ] [ HEADER ] array (
  'host' => 'localhost',
  'connection' => 'keep-alive',
  'upgrade-insecure-requests' => '1',
  'user-agent' => 'Mozilla/5.0 (Windows NT 10.0; Win64; x64) AppleWebKit/537.36 (KHTML, like Gecko) Chrome/59.0.3071.115 Safari/537.36',
  'accept' => 'text/html,application/xhtml+xml,application/xml;q=0.9,image/webp,image/apng,*/*;q=0.8',
  'referer' => 'http://localhost/blog/public/index.php/admin/index/getallusers',
  'accept-encoding' => 'gzip, deflate, br',
  'accept-language' => 'zh-CN,zh;q=0.8',
  'cookie' => 'pgv_pvi=1955047424; province_id=1; city_id=2; district_id=3; PHPSESSID=ckut24ifknura073l8egugubp1; pgv_si=s7624048640; workspaceParam=welcome%7CIndex',
)
[ info ] [ PARAM ] array (
  'id' => '1',
)
[ info ] [ SESSION ] INIT array (
  'id' => '',
  'var_session_id' => '',
  'prefix' => 'think',
  'type' => '',
  'auto_start' => true,
)
[ info ] [ RUN ] app\admin\controller\Index->getuserarticle[ D:\phpStudy\WWW\blog\app\admin\controller\Index.php ]
[ info ] [ DB ] INIT mysql
[ info ] [ VIEW ] D:\phpStudy\WWW\blog\public/../app/admin\view\index\getuserarticle.html [ array (
  0 => 'userarticle',
) ]
[ info ] [ LOG ] INIT File
[ sql ] [ DB ] CONNECT:[ UseTime:0.002387s ] mysql:dbname=blog;host=127.0.0.1;charset=utf8
[ sql ] [ SQL ] SHOW COLUMNS FROM `article` [ RunTime:0.007547s ]
[ sql ] [ SQL ] SELECT * FROM `article` WHERE  `uid` = 1 [ RunTime:0.000371s ]

---------------------------------------------------------------
[ 2017-07-22T00:05:40+08:00 ] ::1 ::1 GET /blog/public/index.php/admin/index/deletearticle?title=%E5%95%8A%E7%AC%AC%E4%B8%89%E6%96%B9%E6%9D%83%E5%A8%81
[ log ] localhost/blog/public/index.php/admin/index/deletearticle?title=%E5%95%8A%E7%AC%AC%E4%B8%89%E6%96%B9%E6%9D%83%E5%A8%81 [运行时间：0.068361s][吞吐率：14.63req/s] [内存消耗：2,438.91kb] [文件加载：55]
[ info ] [ LANG ] D:\phpStudy\WWW\blog\thinkphp\lang\zh-cn.php
[ info ] [ ROUTE ] array (
  'type' => 'module',
  'module' => 
  array (
    0 => 'admin',
    1 => 'index',
    2 => 'deletearticle',
  ),
)
[ info ] [ HEADER ] array (
  'host' => 'localhost',
  'connection' => 'keep-alive',
  'upgrade-insecure-requests' => '1',
  'user-agent' => 'Mozilla/5.0 (Windows NT 10.0; Win64; x64) AppleWebKit/537.36 (KHTML, like Gecko) Chrome/59.0.3071.115 Safari/537.36',
  'accept' => 'text/html,application/xhtml+xml,application/xml;q=0.9,image/webp,image/apng,*/*;q=0.8',
  'referer' => 'http://localhost/blog/public/index.php/admin/index/getuserarticle?id=1',
  'accept-encoding' => 'gzip, deflate, br',
  'accept-language' => 'zh-CN,zh;q=0.8',
  'cookie' => 'pgv_pvi=1955047424; province_id=1; city_id=2; district_id=3; PHPSESSID=ckut24ifknura073l8egugubp1; pgv_si=s7624048640; workspaceParam=welcome%7CIndex',
)
[ info ] [ PARAM ] array (
  'title' => '啊第三方权威',
)
[ info ] [ SESSION ] INIT array (
  'id' => '',
  'var_session_id' => '',
  'prefix' => 'think',
  'type' => '',
  'auto_start' => true,
)
[ info ] [ RUN ] app\admin\controller\Index->deletearticle[ D:\phpStudy\WWW\blog\app\admin\controller\Index.php ]
[ info ] [ DB ] INIT mysql
[ info ] [ VIEW ] D:\phpStudy\WWW\blog\thinkphp\tpl\dispatch_jump.tpl [ array (
  0 => 'code',
  1 => 'msg',
  2 => 'data',
  3 => 'url',
  4 => 'wait',
) ]
[ info ] [ LOG ] INIT File
[ sql ] [ DB ] CONNECT:[ UseTime:0.001824s ] mysql:dbname=blog;host=127.0.0.1;charset=utf8
[ sql ] [ SQL ] SHOW COLUMNS FROM `article` [ RunTime:0.008601s ]
[ sql ] [ SQL ] DELETE FROM `article`    WHERE  `title` = '啊第三方权威' [ RunTime:0.000284s ]

---------------------------------------------------------------
[ 2017-07-22T00:05:41+08:00 ] ::1 ::1 GET /blog/public/index.php/admin/index/history.back(-1);.html
[ log ] localhost/blog/public/index.php/admin/index/history.back(-1);.html [运行时间：0.048862s][吞吐率：20.47req/s] [内存消耗：1,708.90kb] [文件加载：48]
[ info ] [ LANG ] D:\phpStudy\WWW\blog\thinkphp\lang\zh-cn.php
[ info ] [ ROUTE ] array (
  'type' => 'module',
  'module' => 
  array (
    0 => 'admin',
    1 => 'index',
    2 => 'history.back(-1);',
  ),
)
[ info ] [ HEADER ] array (
  'host' => 'localhost',
  'connection' => 'keep-alive',
  'upgrade-insecure-requests' => '1',
  'user-agent' => 'Mozilla/5.0 (Windows NT 10.0; Win64; x64) AppleWebKit/537.36 (KHTML, like Gecko) Chrome/59.0.3071.115 Safari/537.36',
  'accept' => 'text/html,application/xhtml+xml,application/xml;q=0.9,image/webp,image/apng,*/*;q=0.8',
  'referer' => 'http://localhost/blog/public/index.php/admin/index/deletearticle?title=%E5%95%8A%E7%AC%AC%E4%B8%89%E6%96%B9%E6%9D%83%E5%A8%81',
  'accept-encoding' => 'gzip, deflate, br',
  'accept-language' => 'zh-CN,zh;q=0.8',
  'cookie' => 'pgv_pvi=1955047424; province_id=1; city_id=2; district_id=3; PHPSESSID=ckut24ifknura073l8egugubp1; pgv_si=s7624048640; workspaceParam=welcome%7CIndex',
)
[ info ] [ PARAM ] array (
)
[ info ] [ SESSION ] INIT array (
  'id' => '',
  'var_session_id' => '',
  'prefix' => 'think',
  'type' => '',
  'auto_start' => true,
)
[ info ] [ LOG ] INIT File

---------------------------------------------------------------
[ 2017-07-22T00:07:20+08:00 ] ::1 ::1 GET /blog/public/index.php/admin/index/deletearticle?title=%E5%95%8A%E7%AC%AC%E4%B8%89%E6%96%B9%E6%9D%83%E5%A8%81
[ log ] localhost/blog/public/index.php/admin/index/deletearticle?title=%E5%95%8A%E7%AC%AC%E4%B8%89%E6%96%B9%E6%9D%83%E5%A8%81 [运行时间：0.063172s][吞吐率：15.83req/s] [内存消耗：2,380.00kb] [文件加载：54]
[ info ] [ LANG ] D:\phpStudy\WWW\blog\thinkphp\lang\zh-cn.php
[ info ] [ ROUTE ] array (
  'type' => 'module',
  'module' => 
  array (
    0 => 'admin',
    1 => 'index',
    2 => 'deletearticle',
  ),
)
[ info ] [ HEADER ] array (
  'host' => 'localhost',
  'connection' => 'keep-alive',
  'upgrade-insecure-requests' => '1',
  'user-agent' => 'Mozilla/5.0 (Windows NT 10.0; Win64; x64) AppleWebKit/537.36 (KHTML, like Gecko) Chrome/59.0.3071.115 Safari/537.36',
  'accept' => 'text/html,application/xhtml+xml,application/xml;q=0.9,image/webp,image/apng,*/*;q=0.8',
  'referer' => 'http://localhost/blog/public/index.php/admin/index/getuserarticle?id=1',
  'accept-encoding' => 'gzip, deflate, br',
  'accept-language' => 'zh-CN,zh;q=0.8',
  'cookie' => 'pgv_pvi=1955047424; province_id=1; city_id=2; district_id=3; PHPSESSID=ckut24ifknura073l8egugubp1; pgv_si=s7624048640; workspaceParam=welcome%7CIndex',
)
[ info ] [ PARAM ] array (
  'title' => '啊第三方权威',
)
[ info ] [ SESSION ] INIT array (
  'id' => '',
  'var_session_id' => '',
  'prefix' => 'think',
  'type' => '',
  'auto_start' => true,
)
[ info ] [ RUN ] app\admin\controller\Index->deletearticle[ D:\phpStudy\WWW\blog\app\admin\controller\Index.php ]
[ info ] [ DB ] INIT mysql
[ info ] [ VIEW ] D:\phpStudy\WWW\blog\thinkphp\tpl\dispatch_jump.tpl [ array (
  0 => 'code',
  1 => 'msg',
  2 => 'data',
  3 => 'url',
  4 => 'wait',
) ]
[ info ] [ LOG ] INIT File
[ sql ] [ DB ] CONNECT:[ UseTime:0.002061s ] mysql:dbname=blog;host=127.0.0.1;charset=utf8
[ sql ] [ SQL ] SHOW COLUMNS FROM `article` [ RunTime:0.009483s ]
[ sql ] [ SQL ] DELETE FROM `article`    WHERE  `title` = '啊第三方权威' [ RunTime:0.000316s ]

---------------------------------------------------------------
[ 2017-07-22T00:07:21+08:00 ] ::1 ::1 GET /blog/public/index.php/admin/index/getuserarticle?id=1
[ log ] localhost/blog/public/index.php/admin/index/getuserarticle?id=1 [运行时间：0.159403s][吞吐率：6.27req/s] [内存消耗：2,438.06kb] [文件加载：54]
[ info ] [ LANG ] D:\phpStudy\WWW\blog\thinkphp\lang\zh-cn.php
[ info ] [ ROUTE ] array (
  'type' => 'module',
  'module' => 
  array (
    0 => 'admin',
    1 => 'index',
    2 => 'getuserarticle',
  ),
)
[ info ] [ HEADER ] array (
  'host' => 'localhost',
  'connection' => 'keep-alive',
  'upgrade-insecure-requests' => '1',
  'user-agent' => 'Mozilla/5.0 (Windows NT 10.0; Win64; x64) AppleWebKit/537.36 (KHTML, like Gecko) Chrome/59.0.3071.115 Safari/537.36',
  'accept' => 'text/html,application/xhtml+xml,application/xml;q=0.9,image/webp,image/apng,*/*;q=0.8',
  'referer' => 'http://localhost/blog/public/index.php/admin/index/getallusers',
  'accept-encoding' => 'gzip, deflate, br',
  'accept-language' => 'zh-CN,zh;q=0.8',
  'cookie' => 'pgv_pvi=1955047424; province_id=1; city_id=2; district_id=3; PHPSESSID=ckut24ifknura073l8egugubp1; pgv_si=s7624048640; workspaceParam=welcome%7CIndex',
)
[ info ] [ PARAM ] array (
  'id' => '1',
)
[ info ] [ SESSION ] INIT array (
  'id' => '',
  'var_session_id' => '',
  'prefix' => 'think',
  'type' => '',
  'auto_start' => true,
)
[ info ] [ RUN ] app\admin\controller\Index->getuserarticle[ D:\phpStudy\WWW\blog\app\admin\controller\Index.php ]
[ info ] [ DB ] INIT mysql
[ info ] [ VIEW ] D:\phpStudy\WWW\blog\public/../app/admin\view\index\getuserarticle.html [ array (
  0 => 'userarticle',
) ]
[ info ] [ LOG ] INIT File
[ sql ] [ DB ] CONNECT:[ UseTime:0.001927s ] mysql:dbname=blog;host=127.0.0.1;charset=utf8
[ sql ] [ SQL ] SHOW COLUMNS FROM `article` [ RunTime:0.106752s ]
[ sql ] [ SQL ] SELECT * FROM `article` WHERE  `uid` = 1 [ RunTime:0.000475s ]

---------------------------------------------------------------
[ 2017-07-22T00:07:23+08:00 ] ::1 ::1 GET /blog/public/index.php/admin/index/publish
[ log ] localhost/blog/public/index.php/admin/index/publish [运行时间：0.076481s][吞吐率：13.08req/s] [内存消耗：1,732.60kb] [文件加载：47]
[ info ] [ LANG ] D:\phpStudy\WWW\blog\thinkphp\lang\zh-cn.php
[ info ] [ ROUTE ] array (
  'type' => 'module',
  'module' => 
  array (
    0 => 'admin',
    1 => 'index',
    2 => 'publish',
  ),
)
[ info ] [ HEADER ] array (
  'host' => 'localhost',
  'connection' => 'keep-alive',
  'upgrade-insecure-requests' => '1',
  'user-agent' => 'Mozilla/5.0 (Windows NT 10.0; Win64; x64) AppleWebKit/537.36 (KHTML, like Gecko) Chrome/59.0.3071.115 Safari/537.36',
  'accept' => 'text/html,application/xhtml+xml,application/xml;q=0.9,image/webp,image/apng,*/*;q=0.8',
  'referer' => 'http://localhost/blog/public/index.php/admin/index/getuserarticle?id=1',
  'accept-encoding' => 'gzip, deflate, br',
  'accept-language' => 'zh-CN,zh;q=0.8',
  'cookie' => 'pgv_pvi=1955047424; province_id=1; city_id=2; district_id=3; PHPSESSID=ckut24ifknura073l8egugubp1; pgv_si=s7624048640; workspaceParam=welcome%7CIndex',
)
[ info ] [ PARAM ] array (
)
[ info ] [ SESSION ] INIT array (
  'id' => '',
  'var_session_id' => '',
  'prefix' => 'think',
  'type' => '',
  'auto_start' => true,
)
[ info ] [ RUN ] app\admin\controller\Index->publish[ D:\phpStudy\WWW\blog\app\admin\controller\Index.php ]
[ info ] [ VIEW ] D:\phpStudy\WWW\blog\public/../app/admin\view\Index\publish.html [ array (
) ]
[ info ] [ LOG ] INIT File

---------------------------------------------------------------
[ 2017-07-22T00:07:28+08:00 ] ::1 ::1 POST /blog/public/index.php/admin/index/add
[ log ] localhost/blog/public/index.php/admin/index/add [运行时间：0.145536s][吞吐率：6.87req/s] [内存消耗：2,441.69kb] [文件加载：55]
[ info ] [ LANG ] D:\phpStudy\WWW\blog\thinkphp\lang\zh-cn.php
[ info ] [ ROUTE ] array (
  'type' => 'module',
  'module' => 
  array (
    0 => 'admin',
    1 => 'index',
    2 => 'add',
  ),
)
[ info ] [ HEADER ] array (
  'host' => 'localhost',
  'connection' => 'keep-alive',
  'content-length' => '178',
  'cache-control' => 'max-age=0',
  'origin' => 'http://localhost',
  'upgrade-insecure-requests' => '1',
  'user-agent' => 'Mozilla/5.0 (Windows NT 10.0; Win64; x64) AppleWebKit/537.36 (KHTML, like Gecko) Chrome/59.0.3071.115 Safari/537.36',
  'content-type' => 'application/x-www-form-urlencoded',
  'accept' => 'text/html,application/xhtml+xml,application/xml;q=0.9,image/webp,image/apng,*/*;q=0.8',
  'referer' => 'http://localhost/blog/public/index.php/admin/index/publish',
  'accept-encoding' => 'gzip, deflate, br',
  'accept-language' => 'zh-CN,zh;q=0.8',
  'cookie' => 'pgv_pvi=1955047424; province_id=1; city_id=2; district_id=3; PHPSESSID=ckut24ifknura073l8egugubp1; pgv_si=s7624048640; workspaceParam=welcome%7CIndex',
)
[ info ] [ PARAM ] array (
  'title' => '微软热反射的',
  'content' => '内容倒萨犯得上',
  'tag' => 'css',
  '提交' => '提交',
)
[ info ] [ SESSION ] INIT array (
  'id' => '',
  'var_session_id' => '',
  'prefix' => 'think',
  'type' => '',
  'auto_start' => true,
)
[ info ] [ RUN ] app\admin\controller\Index->add[ D:\phpStudy\WWW\blog\app\admin\controller\Index.php ]
[ info ] [ DB ] INIT mysql
[ info ] [ VIEW ] D:\phpStudy\WWW\blog\thinkphp\tpl\dispatch_jump.tpl [ array (
  0 => 'code',
  1 => 'msg',
  2 => 'data',
  3 => 'url',
  4 => 'wait',
) ]
[ info ] [ LOG ] INIT File
[ sql ] [ DB ] CONNECT:[ UseTime:0.002164s ] mysql:dbname=blog;host=127.0.0.1;charset=utf8
[ sql ] [ SQL ] SHOW COLUMNS FROM `article` [ RunTime:0.081124s ]
[ sql ] [ SQL ] INSERT INTO `article` (`title` , `content` , `tag` , `author` , `time` , `uid`) VALUES ('微软热反射的' , '内容倒萨犯得上' , 'css' , 'snw' , '1500653248' , 1) [ RunTime:0.000733s ]

---------------------------------------------------------------
[ 2017-07-22T00:07:29+08:00 ] ::1 ::1 GET /blog/public/index.php/admin/index/publish.html
[ log ] localhost/blog/public/index.php/admin/index/publish.html [运行时间：0.052625s][吞吐率：19.00req/s] [内存消耗：1,732.52kb] [文件加载：47]
[ info ] [ LANG ] D:\phpStudy\WWW\blog\thinkphp\lang\zh-cn.php
[ info ] [ ROUTE ] array (
  'type' => 'module',
  'module' => 
  array (
    0 => 'admin',
    1 => 'index',
    2 => 'publish',
  ),
)
[ info ] [ HEADER ] array (
  'host' => 'localhost',
  'connection' => 'keep-alive',
  'upgrade-insecure-requests' => '1',
  'user-agent' => 'Mozilla/5.0 (Windows NT 10.0; Win64; x64) AppleWebKit/537.36 (KHTML, like Gecko) Chrome/59.0.3071.115 Safari/537.36',
  'accept' => 'text/html,application/xhtml+xml,application/xml;q=0.9,image/webp,image/apng,*/*;q=0.8',
  'referer' => 'http://localhost/blog/public/index.php/admin/index/add',
  'accept-encoding' => 'gzip, deflate, br',
  'accept-language' => 'zh-CN,zh;q=0.8',
  'cookie' => 'pgv_pvi=1955047424; province_id=1; city_id=2; district_id=3; PHPSESSID=ckut24ifknura073l8egugubp1; pgv_si=s7624048640; workspaceParam=welcome%7CIndex',
)
[ info ] [ PARAM ] array (
)
[ info ] [ SESSION ] INIT array (
  'id' => '',
  'var_session_id' => '',
  'prefix' => 'think',
  'type' => '',
  'auto_start' => true,
)
[ info ] [ RUN ] app\admin\controller\Index->publish[ D:\phpStudy\WWW\blog\app\admin\controller\Index.php ]
[ info ] [ VIEW ] D:\phpStudy\WWW\blog\public/../app/admin\view\Index\publish.html [ array (
) ]
[ info ] [ LOG ] INIT File

---------------------------------------------------------------
[ 2017-07-22T00:07:34+08:00 ] ::1 ::1 POST /blog/public/index.php/admin/index/add
[ log ] localhost/blog/public/index.php/admin/index/add [运行时间：0.169598s][吞吐率：5.90req/s] [内存消耗：2,441.56kb] [文件加载：55]
[ info ] [ LANG ] D:\phpStudy\WWW\blog\thinkphp\lang\zh-cn.php
[ info ] [ ROUTE ] array (
  'type' => 'module',
  'module' => 
  array (
    0 => 'admin',
    1 => 'index',
    2 => 'add',
  ),
)
[ info ] [ HEADER ] array (
  'host' => 'localhost',
  'connection' => 'keep-alive',
  'content-length' => '143',
  'cache-control' => 'max-age=0',
  'origin' => 'http://localhost',
  'upgrade-insecure-requests' => '1',
  'user-agent' => 'Mozilla/5.0 (Windows NT 10.0; Win64; x64) AppleWebKit/537.36 (KHTML, like Gecko) Chrome/59.0.3071.115 Safari/537.36',
  'content-type' => 'application/x-www-form-urlencoded',
  'accept' => 'text/html,application/xhtml+xml,application/xml;q=0.9,image/webp,image/apng,*/*;q=0.8',
  'referer' => 'http://localhost/blog/public/index.php/admin/index/publish.html',
  'accept-encoding' => 'gzip, deflate, br',
  'accept-language' => 'zh-CN,zh;q=0.8',
  'cookie' => 'pgv_pvi=1955047424; province_id=1; city_id=2; district_id=3; PHPSESSID=ckut24ifknura073l8egugubp1; pgv_si=s7624048640; workspaceParam=welcome%7CIndex',
)
[ info ] [ PARAM ] array (
  'title' => '的事发生的',
  'content' => '内容嘎是v',
  'tag' => 'css',
  '提交' => '提交',
)
[ info ] [ SESSION ] INIT array (
  'id' => '',
  'var_session_id' => '',
  'prefix' => 'think',
  'type' => '',
  'auto_start' => true,
)
[ info ] [ RUN ] app\admin\controller\Index->add[ D:\phpStudy\WWW\blog\app\admin\controller\Index.php ]
[ info ] [ DB ] INIT mysql
[ info ] [ VIEW ] D:\phpStudy\WWW\blog\thinkphp\tpl\dispatch_jump.tpl [ array (
  0 => 'code',
  1 => 'msg',
  2 => 'data',
  3 => 'url',
  4 => 'wait',
) ]
[ info ] [ LOG ] INIT File
[ sql ] [ DB ] CONNECT:[ UseTime:0.002156s ] mysql:dbname=blog;host=127.0.0.1;charset=utf8
[ sql ] [ SQL ] SHOW COLUMNS FROM `article` [ RunTime:0.114593s ]
[ sql ] [ SQL ] INSERT INTO `article` (`title` , `content` , `tag` , `author` , `time` , `uid`) VALUES ('的事发生的' , '内容嘎是v' , 'css' , 'snw' , '1500653254' , 1) [ RunTime:0.000355s ]

---------------------------------------------------------------
[ 2017-07-22T00:07:35+08:00 ] ::1 ::1 GET /blog/public/index.php/admin/index/publish.html
[ log ] localhost/blog/public/index.php/admin/index/publish.html [运行时间：0.056535s][吞吐率：17.69req/s] [内存消耗：1,732.52kb] [文件加载：47]
[ info ] [ LANG ] D:\phpStudy\WWW\blog\thinkphp\lang\zh-cn.php
[ info ] [ ROUTE ] array (
  'type' => 'module',
  'module' => 
  array (
    0 => 'admin',
    1 => 'index',
    2 => 'publish',
  ),
)
[ info ] [ HEADER ] array (
  'host' => 'localhost',
  'connection' => 'keep-alive',
  'upgrade-insecure-requests' => '1',
  'user-agent' => 'Mozilla/5.0 (Windows NT 10.0; Win64; x64) AppleWebKit/537.36 (KHTML, like Gecko) Chrome/59.0.3071.115 Safari/537.36',
  'accept' => 'text/html,application/xhtml+xml,application/xml;q=0.9,image/webp,image/apng,*/*;q=0.8',
  'referer' => 'http://localhost/blog/public/index.php/admin/index/add',
  'accept-encoding' => 'gzip, deflate, br',
  'accept-language' => 'zh-CN,zh;q=0.8',
  'cookie' => 'pgv_pvi=1955047424; province_id=1; city_id=2; district_id=3; PHPSESSID=ckut24ifknura073l8egugubp1; pgv_si=s7624048640; workspaceParam=welcome%7CIndex',
)
[ info ] [ PARAM ] array (
)
[ info ] [ SESSION ] INIT array (
  'id' => '',
  'var_session_id' => '',
  'prefix' => 'think',
  'type' => '',
  'auto_start' => true,
)
[ info ] [ RUN ] app\admin\controller\Index->publish[ D:\phpStudy\WWW\blog\app\admin\controller\Index.php ]
[ info ] [ VIEW ] D:\phpStudy\WWW\blog\public/../app/admin\view\Index\publish.html [ array (
) ]
[ info ] [ LOG ] INIT File

---------------------------------------------------------------
[ 2017-07-22T00:07:38+08:00 ] ::1 ::1 GET /blog/public/index.php/admin/index/getallusers
[ log ] localhost/blog/public/index.php/admin/index/getallusers [运行时间：0.062697s][吞吐率：15.95req/s] [内存消耗：2,434.54kb] [文件加载：54]
[ info ] [ LANG ] D:\phpStudy\WWW\blog\thinkphp\lang\zh-cn.php
[ info ] [ ROUTE ] array (
  'type' => 'module',
  'module' => 
  array (
    0 => 'admin',
    1 => 'index',
    2 => 'getallusers',
  ),
)
[ info ] [ HEADER ] array (
  'host' => 'localhost',
  'connection' => 'keep-alive',
  'upgrade-insecure-requests' => '1',
  'user-agent' => 'Mozilla/5.0 (Windows NT 10.0; Win64; x64) AppleWebKit/537.36 (KHTML, like Gecko) Chrome/59.0.3071.115 Safari/537.36',
  'accept' => 'text/html,application/xhtml+xml,application/xml;q=0.9,image/webp,image/apng,*/*;q=0.8',
  'referer' => 'http://localhost/blog/public/index.php/admin/index/publish.html',
  'accept-encoding' => 'gzip, deflate, br',
  'accept-language' => 'zh-CN,zh;q=0.8',
  'cookie' => 'pgv_pvi=1955047424; province_id=1; city_id=2; district_id=3; PHPSESSID=ckut24ifknura073l8egugubp1; pgv_si=s7624048640; workspaceParam=welcome%7CIndex',
)
[ info ] [ PARAM ] array (
)
[ info ] [ SESSION ] INIT array (
  'id' => '',
  'var_session_id' => '',
  'prefix' => 'think',
  'type' => '',
  'auto_start' => true,
)
[ info ] [ RUN ] app\admin\controller\Index->getallusers[ D:\phpStudy\WWW\blog\app\admin\controller\Index.php ]
[ info ] [ DB ] INIT mysql
[ info ] [ VIEW ] D:\phpStudy\WWW\blog\public/../app/admin\view\index\getallusers.html [ array (
  0 => 'allusers',
) ]
[ info ] [ LOG ] INIT File
[ sql ] [ DB ] CONNECT:[ UseTime:0.002082s ] mysql:dbname=blog;host=127.0.0.1;charset=utf8
[ sql ] [ SQL ] SHOW COLUMNS FROM `user` [ RunTime:0.007954s ]
[ sql ] [ SQL ] SELECT * FROM `user` [ RunTime:0.000475s ]

---------------------------------------------------------------
[ 2017-07-22T00:07:39+08:00 ] ::1 ::1 GET /blog/public/index.php/admin/index/getuserarticle?id=1
[ log ] localhost/blog/public/index.php/admin/index/getuserarticle?id=1 [运行时间：0.060887s][吞吐率：16.42req/s] [内存消耗：2,440.51kb] [文件加载：54]
[ info ] [ LANG ] D:\phpStudy\WWW\blog\thinkphp\lang\zh-cn.php
[ info ] [ ROUTE ] array (
  'type' => 'module',
  'module' => 
  array (
    0 => 'admin',
    1 => 'index',
    2 => 'getuserarticle',
  ),
)
[ info ] [ HEADER ] array (
  'host' => 'localhost',
  'connection' => 'keep-alive',
  'upgrade-insecure-requests' => '1',
  'user-agent' => 'Mozilla/5.0 (Windows NT 10.0; Win64; x64) AppleWebKit/537.36 (KHTML, like Gecko) Chrome/59.0.3071.115 Safari/537.36',
  'accept' => 'text/html,application/xhtml+xml,application/xml;q=0.9,image/webp,image/apng,*/*;q=0.8',
  'referer' => 'http://localhost/blog/public/index.php/admin/index/getallusers',
  'accept-encoding' => 'gzip, deflate, br',
  'accept-language' => 'zh-CN,zh;q=0.8',
  'cookie' => 'pgv_pvi=1955047424; province_id=1; city_id=2; district_id=3; PHPSESSID=ckut24ifknura073l8egugubp1; pgv_si=s7624048640; workspaceParam=welcome%7CIndex',
)
[ info ] [ PARAM ] array (
  'id' => '1',
)
[ info ] [ SESSION ] INIT array (
  'id' => '',
  'var_session_id' => '',
  'prefix' => 'think',
  'type' => '',
  'auto_start' => true,
)
[ info ] [ RUN ] app\admin\controller\Index->getuserarticle[ D:\phpStudy\WWW\blog\app\admin\controller\Index.php ]
[ info ] [ DB ] INIT mysql
[ info ] [ VIEW ] D:\phpStudy\WWW\blog\public/../app/admin\view\index\getuserarticle.html [ array (
  0 => 'userarticle',
) ]
[ info ] [ LOG ] INIT File
[ sql ] [ DB ] CONNECT:[ UseTime:0.001815s ] mysql:dbname=blog;host=127.0.0.1;charset=utf8
[ sql ] [ SQL ] SHOW COLUMNS FROM `article` [ RunTime:0.008556s ]
[ sql ] [ SQL ] SELECT * FROM `article` WHERE  `uid` = 1 [ RunTime:0.000445s ]

---------------------------------------------------------------
[ 2017-07-22T00:07:40+08:00 ] ::1 ::1 GET /blog/public/index.php/admin/index/deletearticle?title=%E7%9A%84%E4%BA%8B%E5%8F%91%E7%94%9F%E7%9A%84
[ log ] localhost/blog/public/index.php/admin/index/deletearticle?title=%E7%9A%84%E4%BA%8B%E5%8F%91%E7%94%9F%E7%9A%84 [运行时间：0.075115s][吞吐率：13.31req/s] [内存消耗：2,380.05kb] [文件加载：54]
[ info ] [ LANG ] D:\phpStudy\WWW\blog\thinkphp\lang\zh-cn.php
[ info ] [ ROUTE ] array (
  'type' => 'module',
  'module' => 
  array (
    0 => 'admin',
    1 => 'index',
    2 => 'deletearticle',
  ),
)
[ info ] [ HEADER ] array (
  'host' => 'localhost',
  'connection' => 'keep-alive',
  'upgrade-insecure-requests' => '1',
  'user-agent' => 'Mozilla/5.0 (Windows NT 10.0; Win64; x64) AppleWebKit/537.36 (KHTML, like Gecko) Chrome/59.0.3071.115 Safari/537.36',
  'accept' => 'text/html,application/xhtml+xml,application/xml;q=0.9,image/webp,image/apng,*/*;q=0.8',
  'referer' => 'http://localhost/blog/public/index.php/admin/index/getuserarticle?id=1',
  'accept-encoding' => 'gzip, deflate, br',
  'accept-language' => 'zh-CN,zh;q=0.8',
  'cookie' => 'pgv_pvi=1955047424; province_id=1; city_id=2; district_id=3; PHPSESSID=ckut24ifknura073l8egugubp1; pgv_si=s7624048640; workspaceParam=welcome%7CIndex',
)
[ info ] [ PARAM ] array (
  'title' => '的事发生的',
)
[ info ] [ SESSION ] INIT array (
  'id' => '',
  'var_session_id' => '',
  'prefix' => 'think',
  'type' => '',
  'auto_start' => true,
)
[ info ] [ RUN ] app\admin\controller\Index->deletearticle[ D:\phpStudy\WWW\blog\app\admin\controller\Index.php ]
[ info ] [ DB ] INIT mysql
[ info ] [ VIEW ] D:\phpStudy\WWW\blog\thinkphp\tpl\dispatch_jump.tpl [ array (
  0 => 'code',
  1 => 'msg',
  2 => 'data',
  3 => 'url',
  4 => 'wait',
) ]
[ info ] [ LOG ] INIT File
[ sql ] [ DB ] CONNECT:[ UseTime:0.002212s ] mysql:dbname=blog;host=127.0.0.1;charset=utf8
[ sql ] [ SQL ] SHOW COLUMNS FROM `article` [ RunTime:0.007644s ]
[ sql ] [ SQL ] DELETE FROM `article`    WHERE  `title` = '的事发生的' [ RunTime:0.000296s ]

---------------------------------------------------------------
[ 2017-07-22T00:07:41+08:00 ] ::1 ::1 GET /blog/public/index.php/admin/index/getuserarticle?id=1
[ log ] localhost/blog/public/index.php/admin/index/getuserarticle?id=1 [运行时间：0.067726s][吞吐率：14.77req/s] [内存消耗：2,439.34kb] [文件加载：54]
[ info ] [ LANG ] D:\phpStudy\WWW\blog\thinkphp\lang\zh-cn.php
[ info ] [ ROUTE ] array (
  'type' => 'module',
  'module' => 
  array (
    0 => 'admin',
    1 => 'index',
    2 => 'getuserarticle',
  ),
)
[ info ] [ HEADER ] array (
  'host' => 'localhost',
  'connection' => 'keep-alive',
  'upgrade-insecure-requests' => '1',
  'user-agent' => 'Mozilla/5.0 (Windows NT 10.0; Win64; x64) AppleWebKit/537.36 (KHTML, like Gecko) Chrome/59.0.3071.115 Safari/537.36',
  'accept' => 'text/html,application/xhtml+xml,application/xml;q=0.9,image/webp,image/apng,*/*;q=0.8',
  'referer' => 'http://localhost/blog/public/index.php/admin/index/getallusers',
  'accept-encoding' => 'gzip, deflate, br',
  'accept-language' => 'zh-CN,zh;q=0.8',
  'cookie' => 'pgv_pvi=1955047424; province_id=1; city_id=2; district_id=3; PHPSESSID=ckut24ifknura073l8egugubp1; pgv_si=s7624048640; workspaceParam=welcome%7CIndex',
)
[ info ] [ PARAM ] array (
  'id' => '1',
)
[ info ] [ SESSION ] INIT array (
  'id' => '',
  'var_session_id' => '',
  'prefix' => 'think',
  'type' => '',
  'auto_start' => true,
)
[ info ] [ RUN ] app\admin\controller\Index->getuserarticle[ D:\phpStudy\WWW\blog\app\admin\controller\Index.php ]
[ info ] [ DB ] INIT mysql
[ info ] [ VIEW ] D:\phpStudy\WWW\blog\public/../app/admin\view\index\getuserarticle.html [ array (
  0 => 'userarticle',
) ]
[ info ] [ LOG ] INIT File
[ sql ] [ DB ] CONNECT:[ UseTime:0.001991s ] mysql:dbname=blog;host=127.0.0.1;charset=utf8
[ sql ] [ SQL ] SHOW COLUMNS FROM `article` [ RunTime:0.007986s ]
[ sql ] [ SQL ] SELECT * FROM `article` WHERE  `uid` = 1 [ RunTime:0.000343s ]

---------------------------------------------------------------
[ 2017-07-22T00:07:43+08:00 ] ::1 ::1 GET /blog/public/index.php/admin/index/deletearticle?title=%E5%BE%AE%E8%BD%AF%E7%83%AD%E5%8F%8D%E5%B0%84%E7%9A%84
[ log ] localhost/blog/public/index.php/admin/index/deletearticle?title=%E5%BE%AE%E8%BD%AF%E7%83%AD%E5%8F%8D%E5%B0%84%E7%9A%84 [运行时间：0.138040s][吞吐率：7.24req/s] [内存消耗：2,380.03kb] [文件加载：54]
[ info ] [ LANG ] D:\phpStudy\WWW\blog\thinkphp\lang\zh-cn.php
[ info ] [ ROUTE ] array (
  'type' => 'module',
  'module' => 
  array (
    0 => 'admin',
    1 => 'index',
    2 => 'deletearticle',
  ),
)
[ info ] [ HEADER ] array (
  'host' => 'localhost',
  'connection' => 'keep-alive',
  'upgrade-insecure-requests' => '1',
  'user-agent' => 'Mozilla/5.0 (Windows NT 10.0; Win64; x64) AppleWebKit/537.36 (KHTML, like Gecko) Chrome/59.0.3071.115 Safari/537.36',
  'accept' => 'text/html,application/xhtml+xml,application/xml;q=0.9,image/webp,image/apng,*/*;q=0.8',
  'referer' => 'http://localhost/blog/public/index.php/admin/index/getuserarticle?id=1',
  'accept-encoding' => 'gzip, deflate, br',
  'accept-language' => 'zh-CN,zh;q=0.8',
  'cookie' => 'pgv_pvi=1955047424; province_id=1; city_id=2; district_id=3; PHPSESSID=ckut24ifknura073l8egugubp1; pgv_si=s7624048640; workspaceParam=welcome%7CIndex',
)
[ info ] [ PARAM ] array (
  'title' => '微软热反射的',
)
[ info ] [ SESSION ] INIT array (
  'id' => '',
  'var_session_id' => '',
  'prefix' => 'think',
  'type' => '',
  'auto_start' => true,
)
[ info ] [ RUN ] app\admin\controller\Index->deletearticle[ D:\phpStudy\WWW\blog\app\admin\controller\Index.php ]
[ info ] [ DB ] INIT mysql
[ info ] [ VIEW ] D:\phpStudy\WWW\blog\thinkphp\tpl\dispatch_jump.tpl [ array (
  0 => 'code',
  1 => 'msg',
  2 => 'data',
  3 => 'url',
  4 => 'wait',
) ]
[ info ] [ LOG ] INIT File
[ sql ] [ DB ] CONNECT:[ UseTime:0.001958s ] mysql:dbname=blog;host=127.0.0.1;charset=utf8
[ sql ] [ SQL ] SHOW COLUMNS FROM `article` [ RunTime:0.085571s ]
[ sql ] [ SQL ] DELETE FROM `article`    WHERE  `title` = '微软热反射的' [ RunTime:0.000322s ]

---------------------------------------------------------------
[ 2017-07-22T00:07:44+08:00 ] ::1 ::1 GET /blog/public/index.php/admin/index/getuserarticle?id=1
[ log ] localhost/blog/public/index.php/admin/index/getuserarticle?id=1 [运行时间：0.066460s][吞吐率：15.05req/s] [内存消耗：2,438.06kb] [文件加载：54]
[ info ] [ LANG ] D:\phpStudy\WWW\blog\thinkphp\lang\zh-cn.php
[ info ] [ ROUTE ] array (
  'type' => 'module',
  'module' => 
  array (
    0 => 'admin',
    1 => 'index',
    2 => 'getuserarticle',
  ),
)
[ info ] [ HEADER ] array (
  'host' => 'localhost',
  'connection' => 'keep-alive',
  'upgrade-insecure-requests' => '1',
  'user-agent' => 'Mozilla/5.0 (Windows NT 10.0; Win64; x64) AppleWebKit/537.36 (KHTML, like Gecko) Chrome/59.0.3071.115 Safari/537.36',
  'accept' => 'text/html,application/xhtml+xml,application/xml;q=0.9,image/webp,image/apng,*/*;q=0.8',
  'referer' => 'http://localhost/blog/public/index.php/admin/index/getallusers',
  'accept-encoding' => 'gzip, deflate, br',
  'accept-language' => 'zh-CN,zh;q=0.8',
  'cookie' => 'pgv_pvi=1955047424; province_id=1; city_id=2; district_id=3; PHPSESSID=ckut24ifknura073l8egugubp1; pgv_si=s7624048640; workspaceParam=welcome%7CIndex',
)
[ info ] [ PARAM ] array (
  'id' => '1',
)
[ info ] [ SESSION ] INIT array (
  'id' => '',
  'var_session_id' => '',
  'prefix' => 'think',
  'type' => '',
  'auto_start' => true,
)
[ info ] [ RUN ] app\admin\controller\Index->getuserarticle[ D:\phpStudy\WWW\blog\app\admin\controller\Index.php ]
[ info ] [ DB ] INIT mysql
[ info ] [ VIEW ] D:\phpStudy\WWW\blog\public/../app/admin\view\index\getuserarticle.html [ array (
  0 => 'userarticle',
) ]
[ info ] [ LOG ] INIT File
[ sql ] [ DB ] CONNECT:[ UseTime:0.001730s ] mysql:dbname=blog;host=127.0.0.1;charset=utf8
[ sql ] [ SQL ] SHOW COLUMNS FROM `article` [ RunTime:0.011504s ]
[ sql ] [ SQL ] SELECT * FROM `article` WHERE  `uid` = 1 [ RunTime:0.000487s ]

---------------------------------------------------------------
[ 2017-07-22T00:12:53+08:00 ] ::1 ::1 GET /blog/public/index.php/admin/index/publish
[ log ] localhost/blog/public/index.php/admin/index/publish [运行时间：0.039915s][吞吐率：25.05req/s] [内存消耗：1,733.21kb] [文件加载：47]
[ info ] [ LANG ] D:\phpStudy\WWW\blog\thinkphp\lang\zh-cn.php
[ info ] [ ROUTE ] array (
  'type' => 'module',
  'module' => 
  array (
    0 => 'admin',
    1 => 'index',
    2 => 'publish',
  ),
)
[ info ] [ HEADER ] array (
  'host' => 'localhost',
  'connection' => 'keep-alive',
  'upgrade-insecure-requests' => '1',
  'user-agent' => 'Mozilla/5.0 (Windows NT 10.0; Win64; x64) AppleWebKit/537.36 (KHTML, like Gecko) Chrome/59.0.3071.115 Safari/537.36',
  'accept' => 'text/html,application/xhtml+xml,application/xml;q=0.9,image/webp,image/apng,*/*;q=0.8',
  'referer' => 'http://localhost/blog/public/index.php/admin/index/getuserarticle?id=1',
  'accept-encoding' => 'gzip, deflate, br',
  'accept-language' => 'zh-CN,zh;q=0.8',
  'cookie' => 'pgv_pvi=1955047424; province_id=1; city_id=2; district_id=3; PHPSESSID=ckut24ifknura073l8egugubp1; pgv_si=s7624048640; workspaceParam=welcome%7CIndex',
)
[ info ] [ PARAM ] array (
)
[ info ] [ SESSION ] INIT array (
  'id' => '',
  'var_session_id' => '',
  'prefix' => 'think',
  'type' => '',
  'auto_start' => true,
)
[ info ] [ RUN ] app\admin\controller\Index->publish[ D:\phpStudy\WWW\blog\app\admin\controller\Index.php ]
[ info ] [ VIEW ] D:\phpStudy\WWW\blog\public/../app/admin\view\Index\publish.html [ array (
) ]
[ info ] [ LOG ] INIT File

---------------------------------------------------------------
[ 2017-07-22T00:12:59+08:00 ] ::1 ::1 POST /blog/public/index.php/admin/index/add
[ log ] localhost/blog/public/index.php/admin/index/add [运行时间：0.168377s][吞吐率：5.94req/s] [内存消耗：2,442.06kb] [文件加载：55]
[ info ] [ LANG ] D:\phpStudy\WWW\blog\thinkphp\lang\zh-cn.php
[ info ] [ ROUTE ] array (
  'type' => 'module',
  'module' => 
  array (
    0 => 'admin',
    1 => 'index',
    2 => 'add',
  ),
)
[ info ] [ HEADER ] array (
  'host' => 'localhost',
  'connection' => 'keep-alive',
  'content-length' => '136',
  'cache-control' => 'max-age=0',
  'origin' => 'http://localhost',
  'upgrade-insecure-requests' => '1',
  'user-agent' => 'Mozilla/5.0 (Windows NT 10.0; Win64; x64) AppleWebKit/537.36 (KHTML, like Gecko) Chrome/59.0.3071.115 Safari/537.36',
  'content-type' => 'application/x-www-form-urlencoded',
  'accept' => 'text/html,application/xhtml+xml,application/xml;q=0.9,image/webp,image/apng,*/*;q=0.8',
  'referer' => 'http://localhost/blog/public/index.php/admin/index/publish',
  'accept-encoding' => 'gzip, deflate, br',
  'accept-language' => 'zh-CN,zh;q=0.8',
  'cookie' => 'pgv_pvi=1955047424; province_id=1; city_id=2; district_id=3; PHPSESSID=ckut24ifknura073l8egugubp1; pgv_si=s7624048640; workspaceParam=welcome%7CIndex',
)
[ info ] [ PARAM ] array (
  'title' => '是否过热个',
  'content' => '的vs地方v',
  'tag' => 'css',
  '提交' => '提交',
)
[ info ] [ SESSION ] INIT array (
  'id' => '',
  'var_session_id' => '',
  'prefix' => 'think',
  'type' => '',
  'auto_start' => true,
)
[ info ] [ RUN ] app\admin\controller\Index->add[ D:\phpStudy\WWW\blog\app\admin\controller\Index.php ]
[ info ] [ DB ] INIT mysql
[ info ] [ VIEW ] D:\phpStudy\WWW\blog\thinkphp\tpl\dispatch_jump.tpl [ array (
  0 => 'code',
  1 => 'msg',
  2 => 'data',
  3 => 'url',
  4 => 'wait',
) ]
[ info ] [ LOG ] INIT File
[ sql ] [ DB ] CONNECT:[ UseTime:0.002240s ] mysql:dbname=blog;host=127.0.0.1;charset=utf8
[ sql ] [ SQL ] SHOW COLUMNS FROM `article` [ RunTime:0.107964s ]
[ sql ] [ SQL ] INSERT INTO `article` (`title` , `content` , `tag` , `author` , `time` , `uid`) VALUES ('是否过热个' , '的vs地方v' , 'css' , 'snw' , '1500653578' , 1) [ RunTime:0.000408s ]

---------------------------------------------------------------
[ 2017-07-22T00:13:00+08:00 ] ::1 ::1 GET /blog/public/index.php/admin/index/publish.html
[ log ] localhost/blog/public/index.php/admin/index/publish.html [运行时间：0.044126s][吞吐率：22.66req/s] [内存消耗：1,733.16kb] [文件加载：47]
[ info ] [ LANG ] D:\phpStudy\WWW\blog\thinkphp\lang\zh-cn.php
[ info ] [ ROUTE ] array (
  'type' => 'module',
  'module' => 
  array (
    0 => 'admin',
    1 => 'index',
    2 => 'publish',
  ),
)
[ info ] [ HEADER ] array (
  'host' => 'localhost',
  'connection' => 'keep-alive',
  'upgrade-insecure-requests' => '1',
  'user-agent' => 'Mozilla/5.0 (Windows NT 10.0; Win64; x64) AppleWebKit/537.36 (KHTML, like Gecko) Chrome/59.0.3071.115 Safari/537.36',
  'accept' => 'text/html,application/xhtml+xml,application/xml;q=0.9,image/webp,image/apng,*/*;q=0.8',
  'referer' => 'http://localhost/blog/public/index.php/admin/index/add',
  'accept-encoding' => 'gzip, deflate, br',
  'accept-language' => 'zh-CN,zh;q=0.8',
  'cookie' => 'pgv_pvi=1955047424; province_id=1; city_id=2; district_id=3; PHPSESSID=ckut24ifknura073l8egugubp1; pgv_si=s7624048640; workspaceParam=welcome%7CIndex',
)
[ info ] [ PARAM ] array (
)
[ info ] [ SESSION ] INIT array (
  'id' => '',
  'var_session_id' => '',
  'prefix' => 'think',
  'type' => '',
  'auto_start' => true,
)
[ info ] [ RUN ] app\admin\controller\Index->publish[ D:\phpStudy\WWW\blog\app\admin\controller\Index.php ]
[ info ] [ VIEW ] D:\phpStudy\WWW\blog\public/../app/admin\view\Index\publish.html [ array (
) ]
[ info ] [ LOG ] INIT File

---------------------------------------------------------------
[ 2017-07-22T00:13:05+08:00 ] ::1 ::1 POST /blog/public/index.php/admin/index/add
[ log ] localhost/blog/public/index.php/admin/index/add [运行时间：0.158417s][吞吐率：6.31req/s] [内存消耗：2,442.20kb] [文件加载：55]
[ info ] [ LANG ] D:\phpStudy\WWW\blog\thinkphp\lang\zh-cn.php
[ info ] [ ROUTE ] array (
  'type' => 'module',
  'module' => 
  array (
    0 => 'admin',
    1 => 'index',
    2 => 'add',
  ),
)
[ info ] [ HEADER ] array (
  'host' => 'localhost',
  'connection' => 'keep-alive',
  'content-length' => '147',
  'cache-control' => 'max-age=0',
  'origin' => 'http://localhost',
  'upgrade-insecure-requests' => '1',
  'user-agent' => 'Mozilla/5.0 (Windows NT 10.0; Win64; x64) AppleWebKit/537.36 (KHTML, like Gecko) Chrome/59.0.3071.115 Safari/537.36',
  'content-type' => 'application/x-www-form-urlencoded',
  'accept' => 'text/html,application/xhtml+xml,application/xml;q=0.9,image/webp,image/apng,*/*;q=0.8',
  'referer' => 'http://localhost/blog/public/index.php/admin/index/publish.html',
  'accept-encoding' => 'gzip, deflate, br',
  'accept-language' => 'zh-CN,zh;q=0.8',
  'cookie' => 'pgv_pvi=1955047424; province_id=1; city_id=2; district_id=3; PHPSESSID=ckut24ifknura073l8egugubp1; pgv_si=s7624048640; workspaceParam=welcome%7CIndex',
)
[ info ] [ PARAM ] array (
  'title' => '下次vfda',
  'content' => '内容啊v阿斯蒂芬',
  'tag' => 'css',
  '提交' => '提交',
)
[ info ] [ SESSION ] INIT array (
  'id' => '',
  'var_session_id' => '',
  'prefix' => 'think',
  'type' => '',
  'auto_start' => true,
)
[ info ] [ RUN ] app\admin\controller\Index->add[ D:\phpStudy\WWW\blog\app\admin\controller\Index.php ]
[ info ] [ DB ] INIT mysql
[ info ] [ VIEW ] D:\phpStudy\WWW\blog\thinkphp\tpl\dispatch_jump.tpl [ array (
  0 => 'code',
  1 => 'msg',
  2 => 'data',
  3 => 'url',
  4 => 'wait',
) ]
[ info ] [ LOG ] INIT File
[ sql ] [ DB ] CONNECT:[ UseTime:0.001967s ] mysql:dbname=blog;host=127.0.0.1;charset=utf8
[ sql ] [ SQL ] SHOW COLUMNS FROM `article` [ RunTime:0.101378s ]
[ sql ] [ SQL ] INSERT INTO `article` (`title` , `content` , `tag` , `author` , `time` , `uid`) VALUES ('下次vfda' , '内容啊v阿斯蒂芬' , 'css' , 'snw' , '1500653585' , 1) [ RunTime:0.000422s ]

---------------------------------------------------------------
[ 2017-07-22T00:13:06+08:00 ] ::1 ::1 GET /blog/public/index.php/admin/index/publish.html
[ log ] localhost/blog/public/index.php/admin/index/publish.html [运行时间：0.054675s][吞吐率：18.29req/s] [内存消耗：1,733.16kb] [文件加载：47]
[ info ] [ LANG ] D:\phpStudy\WWW\blog\thinkphp\lang\zh-cn.php
[ info ] [ ROUTE ] array (
  'type' => 'module',
  'module' => 
  array (
    0 => 'admin',
    1 => 'index',
    2 => 'publish',
  ),
)
[ info ] [ HEADER ] array (
  'host' => 'localhost',
  'connection' => 'keep-alive',
  'upgrade-insecure-requests' => '1',
  'user-agent' => 'Mozilla/5.0 (Windows NT 10.0; Win64; x64) AppleWebKit/537.36 (KHTML, like Gecko) Chrome/59.0.3071.115 Safari/537.36',
  'accept' => 'text/html,application/xhtml+xml,application/xml;q=0.9,image/webp,image/apng,*/*;q=0.8',
  'referer' => 'http://localhost/blog/public/index.php/admin/index/add',
  'accept-encoding' => 'gzip, deflate, br',
  'accept-language' => 'zh-CN,zh;q=0.8',
  'cookie' => 'pgv_pvi=1955047424; province_id=1; city_id=2; district_id=3; PHPSESSID=ckut24ifknura073l8egugubp1; pgv_si=s7624048640; workspaceParam=welcome%7CIndex',
)
[ info ] [ PARAM ] array (
)
[ info ] [ SESSION ] INIT array (
  'id' => '',
  'var_session_id' => '',
  'prefix' => 'think',
  'type' => '',
  'auto_start' => true,
)
[ info ] [ RUN ] app\admin\controller\Index->publish[ D:\phpStudy\WWW\blog\app\admin\controller\Index.php ]
[ info ] [ VIEW ] D:\phpStudy\WWW\blog\public/../app/admin\view\Index\publish.html [ array (
) ]
[ info ] [ LOG ] INIT File

---------------------------------------------------------------
[ 2017-07-22T00:13:11+08:00 ] ::1 ::1 POST /blog/public/index.php/admin/index/add
[ log ] localhost/blog/public/index.php/admin/index/add [运行时间：0.134140s][吞吐率：7.45req/s] [内存消耗：2,442.21kb] [文件加载：55]
[ info ] [ LANG ] D:\phpStudy\WWW\blog\thinkphp\lang\zh-cn.php
[ info ] [ ROUTE ] array (
  'type' => 'module',
  'module' => 
  array (
    0 => 'admin',
    1 => 'index',
    2 => 'add',
  ),
)
[ info ] [ HEADER ] array (
  'host' => 'localhost',
  'connection' => 'keep-alive',
  'content-length' => '135',
  'cache-control' => 'max-age=0',
  'origin' => 'http://localhost',
  'upgrade-insecure-requests' => '1',
  'user-agent' => 'Mozilla/5.0 (Windows NT 10.0; Win64; x64) AppleWebKit/537.36 (KHTML, like Gecko) Chrome/59.0.3071.115 Safari/537.36',
  'content-type' => 'application/x-www-form-urlencoded',
  'accept' => 'text/html,application/xhtml+xml,application/xml;q=0.9,image/webp,image/apng,*/*;q=0.8',
  'referer' => 'http://localhost/blog/public/index.php/admin/index/publish.html',
  'accept-encoding' => 'gzip, deflate, br',
  'accept-language' => 'zh-CN,zh;q=0.8',
  'cookie' => 'pgv_pvi=1955047424; province_id=1; city_id=2; district_id=3; PHPSESSID=ckut24ifknura073l8egugubp1; pgv_si=s7624048640; workspaceParam=welcome%7CIndex',
)
[ info ] [ PARAM ] array (
  'title' => '大v啊擦',
  'content' => '内容v自动发',
  'tag' => 'css',
  '提交' => '提交',
)
[ info ] [ SESSION ] INIT array (
  'id' => '',
  'var_session_id' => '',
  'prefix' => 'think',
  'type' => '',
  'auto_start' => true,
)
[ info ] [ RUN ] app\admin\controller\Index->add[ D:\phpStudy\WWW\blog\app\admin\controller\Index.php ]
[ info ] [ DB ] INIT mysql
[ info ] [ VIEW ] D:\phpStudy\WWW\blog\thinkphp\tpl\dispatch_jump.tpl [ array (
  0 => 'code',
  1 => 'msg',
  2 => 'data',
  3 => 'url',
  4 => 'wait',
) ]
[ info ] [ LOG ] INIT File
[ sql ] [ DB ] CONNECT:[ UseTime:0.001951s ] mysql:dbname=blog;host=127.0.0.1;charset=utf8
[ sql ] [ SQL ] SHOW COLUMNS FROM `article` [ RunTime:0.069695s ]
[ sql ] [ SQL ] INSERT INTO `article` (`title` , `content` , `tag` , `author` , `time` , `uid`) VALUES ('大v啊擦' , '内容v自动发' , 'css' , 'snw' , '1500653591' , 1) [ RunTime:0.000817s ]

---------------------------------------------------------------
[ 2017-07-22T00:13:12+08:00 ] ::1 ::1 GET /blog/public/index.php/admin/index/publish.html
[ log ] localhost/blog/public/index.php/admin/index/publish.html [运行时间：0.050668s][吞吐率：19.74req/s] [内存消耗：1,733.16kb] [文件加载：47]
[ info ] [ LANG ] D:\phpStudy\WWW\blog\thinkphp\lang\zh-cn.php
[ info ] [ ROUTE ] array (
  'type' => 'module',
  'module' => 
  array (
    0 => 'admin',
    1 => 'index',
    2 => 'publish',
  ),
)
[ info ] [ HEADER ] array (
  'host' => 'localhost',
  'connection' => 'keep-alive',
  'upgrade-insecure-requests' => '1',
  'user-agent' => 'Mozilla/5.0 (Windows NT 10.0; Win64; x64) AppleWebKit/537.36 (KHTML, like Gecko) Chrome/59.0.3071.115 Safari/537.36',
  'accept' => 'text/html,application/xhtml+xml,application/xml;q=0.9,image/webp,image/apng,*/*;q=0.8',
  'referer' => 'http://localhost/blog/public/index.php/admin/index/add',
  'accept-encoding' => 'gzip, deflate, br',
  'accept-language' => 'zh-CN,zh;q=0.8',
  'cookie' => 'pgv_pvi=1955047424; province_id=1; city_id=2; district_id=3; PHPSESSID=ckut24ifknura073l8egugubp1; pgv_si=s7624048640; workspaceParam=welcome%7CIndex',
)
[ info ] [ PARAM ] array (
)
[ info ] [ SESSION ] INIT array (
  'id' => '',
  'var_session_id' => '',
  'prefix' => 'think',
  'type' => '',
  'auto_start' => true,
)
[ info ] [ RUN ] app\admin\controller\Index->publish[ D:\phpStudy\WWW\blog\app\admin\controller\Index.php ]
[ info ] [ VIEW ] D:\phpStudy\WWW\blog\public/../app/admin\view\Index\publish.html [ array (
) ]
[ info ] [ LOG ] INIT File

---------------------------------------------------------------
[ 2017-07-22T00:13:15+08:00 ] ::1 ::1 GET /blog/public/index.php/admin/index/getallusers
[ log ] localhost/blog/public/index.php/admin/index/getallusers [运行时间：0.067339s][吞吐率：14.85req/s] [内存消耗：2,435.15kb] [文件加载：54]
[ info ] [ LANG ] D:\phpStudy\WWW\blog\thinkphp\lang\zh-cn.php
[ info ] [ ROUTE ] array (
  'type' => 'module',
  'module' => 
  array (
    0 => 'admin',
    1 => 'index',
    2 => 'getallusers',
  ),
)
[ info ] [ HEADER ] array (
  'host' => 'localhost',
  'connection' => 'keep-alive',
  'upgrade-insecure-requests' => '1',
  'user-agent' => 'Mozilla/5.0 (Windows NT 10.0; Win64; x64) AppleWebKit/537.36 (KHTML, like Gecko) Chrome/59.0.3071.115 Safari/537.36',
  'accept' => 'text/html,application/xhtml+xml,application/xml;q=0.9,image/webp,image/apng,*/*;q=0.8',
  'referer' => 'http://localhost/blog/public/index.php/admin/index/publish.html',
  'accept-encoding' => 'gzip, deflate, br',
  'accept-language' => 'zh-CN,zh;q=0.8',
  'cookie' => 'pgv_pvi=1955047424; province_id=1; city_id=2; district_id=3; PHPSESSID=ckut24ifknura073l8egugubp1; pgv_si=s7624048640; workspaceParam=welcome%7CIndex',
)
[ info ] [ PARAM ] array (
)
[ info ] [ SESSION ] INIT array (
  'id' => '',
  'var_session_id' => '',
  'prefix' => 'think',
  'type' => '',
  'auto_start' => true,
)
[ info ] [ RUN ] app\admin\controller\Index->getallusers[ D:\phpStudy\WWW\blog\app\admin\controller\Index.php ]
[ info ] [ DB ] INIT mysql
[ info ] [ VIEW ] D:\phpStudy\WWW\blog\public/../app/admin\view\index\getallusers.html [ array (
  0 => 'allusers',
) ]
[ info ] [ LOG ] INIT File
[ sql ] [ DB ] CONNECT:[ UseTime:0.002256s ] mysql:dbname=blog;host=127.0.0.1;charset=utf8
[ sql ] [ SQL ] SHOW COLUMNS FROM `user` [ RunTime:0.011435s ]
[ sql ] [ SQL ] SELECT * FROM `user` [ RunTime:0.000343s ]

---------------------------------------------------------------
[ 2017-07-22T00:13:16+08:00 ] ::1 ::1 GET /blog/public/index.php/admin/index/getuserarticle?id=1
[ log ] localhost/blog/public/index.php/admin/index/getuserarticle?id=1 [运行时间：0.074890s][吞吐率：13.35req/s] [内存消耗：2,442.30kb] [文件加载：54]
[ info ] [ LANG ] D:\phpStudy\WWW\blog\thinkphp\lang\zh-cn.php
[ info ] [ ROUTE ] array (
  'type' => 'module',
  'module' => 
  array (
    0 => 'admin',
    1 => 'index',
    2 => 'getuserarticle',
  ),
)
[ info ] [ HEADER ] array (
  'host' => 'localhost',
  'connection' => 'keep-alive',
  'upgrade-insecure-requests' => '1',
  'user-agent' => 'Mozilla/5.0 (Windows NT 10.0; Win64; x64) AppleWebKit/537.36 (KHTML, like Gecko) Chrome/59.0.3071.115 Safari/537.36',
  'accept' => 'text/html,application/xhtml+xml,application/xml;q=0.9,image/webp,image/apng,*/*;q=0.8',
  'referer' => 'http://localhost/blog/public/index.php/admin/index/getallusers',
  'accept-encoding' => 'gzip, deflate, br',
  'accept-language' => 'zh-CN,zh;q=0.8',
  'cookie' => 'pgv_pvi=1955047424; province_id=1; city_id=2; district_id=3; PHPSESSID=ckut24ifknura073l8egugubp1; pgv_si=s7624048640; workspaceParam=welcome%7CIndex',
)
[ info ] [ PARAM ] array (
  'id' => '1',
)
[ info ] [ SESSION ] INIT array (
  'id' => '',
  'var_session_id' => '',
  'prefix' => 'think',
  'type' => '',
  'auto_start' => true,
)
[ info ] [ RUN ] app\admin\controller\Index->getuserarticle[ D:\phpStudy\WWW\blog\app\admin\controller\Index.php ]
[ info ] [ DB ] INIT mysql
[ info ] [ VIEW ] D:\phpStudy\WWW\blog\public/../app/admin\view\index\getuserarticle.html [ array (
  0 => 'userarticle',
) ]
[ info ] [ LOG ] INIT File
[ sql ] [ DB ] CONNECT:[ UseTime:0.002448s ] mysql:dbname=blog;host=127.0.0.1;charset=utf8
[ sql ] [ SQL ] SHOW COLUMNS FROM `article` [ RunTime:0.013376s ]
[ sql ] [ SQL ] SELECT * FROM `article` WHERE  `uid` = 1 [ RunTime:0.000521s ]

---------------------------------------------------------------
[ 2017-07-22T00:13:17+08:00 ] ::1 ::1 GET /blog/public/index.php/admin/index/deletearticle?title=%E5%A4%A7v%E5%95%8A%E6%93%A6
[ log ] localhost/blog/public/index.php/admin/index/deletearticle?title=%E5%A4%A7v%E5%95%8A%E6%93%A6 [运行时间：0.090600s][吞吐率：11.04req/s] [内存消耗：2,373.91kb] [文件加载：53]
[ info ] [ LANG ] D:\phpStudy\WWW\blog\thinkphp\lang\zh-cn.php
[ info ] [ ROUTE ] array (
  'type' => 'module',
  'module' => 
  array (
    0 => 'admin',
    1 => 'index',
    2 => 'deletearticle',
  ),
)
[ info ] [ HEADER ] array (
  'host' => 'localhost',
  'connection' => 'keep-alive',
  'upgrade-insecure-requests' => '1',
  'user-agent' => 'Mozilla/5.0 (Windows NT 10.0; Win64; x64) AppleWebKit/537.36 (KHTML, like Gecko) Chrome/59.0.3071.115 Safari/537.36',
  'accept' => 'text/html,application/xhtml+xml,application/xml;q=0.9,image/webp,image/apng,*/*;q=0.8',
  'referer' => 'http://localhost/blog/public/index.php/admin/index/getuserarticle?id=1',
  'accept-encoding' => 'gzip, deflate, br',
  'accept-language' => 'zh-CN,zh;q=0.8',
  'cookie' => 'pgv_pvi=1955047424; province_id=1; city_id=2; district_id=3; PHPSESSID=ckut24ifknura073l8egugubp1; pgv_si=s7624048640; workspaceParam=welcome%7CIndex',
)
[ info ] [ PARAM ] array (
  'title' => '大v啊擦',
)
[ info ] [ SESSION ] INIT array (
  'id' => '',
  'var_session_id' => '',
  'prefix' => 'think',
  'type' => '',
  'auto_start' => true,
)
[ info ] [ RUN ] app\admin\controller\Index->deletearticle[ D:\phpStudy\WWW\blog\app\admin\controller\Index.php ]
[ info ] [ DB ] INIT mysql
[ info ] [ LOG ] INIT File
[ sql ] [ DB ] CONNECT:[ UseTime:0.002143s ] mysql:dbname=blog;host=127.0.0.1;charset=utf8
[ sql ] [ SQL ] SHOW COLUMNS FROM `article` [ RunTime:0.010376s ]
[ sql ] [ SQL ] DELETE FROM `article`    WHERE  `title` = '大v啊擦' [ RunTime:0.000339s ]

---------------------------------------------------------------
[ 2017-07-22T00:14:07+08:00 ] ::1 ::1 GET /blog/public/index.php/admin/index/deletearticle?title=%E5%A4%A7v%E5%95%8A%E6%93%A6
[ log ] localhost/blog/public/index.php/admin/index/deletearticle?title=%E5%A4%A7v%E5%95%8A%E6%93%A6 [运行时间：0.063362s][吞吐率：15.78req/s] [内存消耗：2,380.77kb] [文件加载：54]
[ info ] [ LANG ] D:\phpStudy\WWW\blog\thinkphp\lang\zh-cn.php
[ info ] [ ROUTE ] array (
  'type' => 'module',
  'module' => 
  array (
    0 => 'admin',
    1 => 'index',
    2 => 'deletearticle',
  ),
)
[ info ] [ HEADER ] array (
  'host' => 'localhost',
  'connection' => 'keep-alive',
  'cache-control' => 'max-age=0',
  'upgrade-insecure-requests' => '1',
  'user-agent' => 'Mozilla/5.0 (Windows NT 10.0; Win64; x64) AppleWebKit/537.36 (KHTML, like Gecko) Chrome/59.0.3071.115 Safari/537.36',
  'accept' => 'text/html,application/xhtml+xml,application/xml;q=0.9,image/webp,image/apng,*/*;q=0.8',
  'referer' => 'http://localhost/blog/public/index.php/admin/index/getuserarticle?id=1',
  'accept-encoding' => 'gzip, deflate, br',
  'accept-language' => 'zh-CN,zh;q=0.8',
  'cookie' => 'pgv_pvi=1955047424; province_id=1; city_id=2; district_id=3; PHPSESSID=ckut24ifknura073l8egugubp1; pgv_si=s7624048640; workspaceParam=welcome%7CIndex',
)
[ info ] [ PARAM ] array (
  'title' => '大v啊擦',
)
[ info ] [ SESSION ] INIT array (
  'id' => '',
  'var_session_id' => '',
  'prefix' => 'think',
  'type' => '',
  'auto_start' => true,
)
[ info ] [ RUN ] app\admin\controller\Index->deletearticle[ D:\phpStudy\WWW\blog\app\admin\controller\Index.php ]
[ info ] [ DB ] INIT mysql
[ info ] [ VIEW ] D:\phpStudy\WWW\blog\thinkphp\tpl\dispatch_jump.tpl [ array (
  0 => 'code',
  1 => 'msg',
  2 => 'data',
  3 => 'url',
  4 => 'wait',
) ]
[ info ] [ LOG ] INIT File
[ sql ] [ DB ] CONNECT:[ UseTime:0.002203s ] mysql:dbname=blog;host=127.0.0.1;charset=utf8
[ sql ] [ SQL ] SHOW COLUMNS FROM `article` [ RunTime:0.008670s ]
[ sql ] [ SQL ] DELETE FROM `article`    WHERE  `title` = '大v啊擦' [ RunTime:0.000279s ]

---------------------------------------------------------------
[ 2017-07-22T00:14:08+08:00 ] ::1 ::1 GET /blog/public/index.php/admin/index/getuserarticle?id=1
[ log ] localhost/blog/public/index.php/admin/index/getuserarticle?id=1 [运行时间：0.063457s][吞吐率：15.76req/s] [内存消耗：2,441.12kb] [文件加载：54]
[ info ] [ LANG ] D:\phpStudy\WWW\blog\thinkphp\lang\zh-cn.php
[ info ] [ ROUTE ] array (
  'type' => 'module',
  'module' => 
  array (
    0 => 'admin',
    1 => 'index',
    2 => 'getuserarticle',
  ),
)
[ info ] [ HEADER ] array (
  'host' => 'localhost',
  'connection' => 'keep-alive',
  'upgrade-insecure-requests' => '1',
  'user-agent' => 'Mozilla/5.0 (Windows NT 10.0; Win64; x64) AppleWebKit/537.36 (KHTML, like Gecko) Chrome/59.0.3071.115 Safari/537.36',
  'accept' => 'text/html,application/xhtml+xml,application/xml;q=0.9,image/webp,image/apng,*/*;q=0.8',
  'referer' => 'http://localhost/blog/public/index.php/admin/index/getallusers',
  'accept-encoding' => 'gzip, deflate, br',
  'accept-language' => 'zh-CN,zh;q=0.8',
  'cookie' => 'pgv_pvi=1955047424; province_id=1; city_id=2; district_id=3; PHPSESSID=ckut24ifknura073l8egugubp1; pgv_si=s7624048640; workspaceParam=welcome%7CIndex',
)
[ info ] [ PARAM ] array (
  'id' => '1',
)
[ info ] [ SESSION ] INIT array (
  'id' => '',
  'var_session_id' => '',
  'prefix' => 'think',
  'type' => '',
  'auto_start' => true,
)
[ info ] [ RUN ] app\admin\controller\Index->getuserarticle[ D:\phpStudy\WWW\blog\app\admin\controller\Index.php ]
[ info ] [ DB ] INIT mysql
[ info ] [ VIEW ] D:\phpStudy\WWW\blog\public/../app/admin\view\index\getuserarticle.html [ array (
  0 => 'userarticle',
) ]
[ info ] [ LOG ] INIT File
[ sql ] [ DB ] CONNECT:[ UseTime:0.002061s ] mysql:dbname=blog;host=127.0.0.1;charset=utf8
[ sql ] [ SQL ] SHOW COLUMNS FROM `article` [ RunTime:0.007420s ]
[ sql ] [ SQL ] SELECT * FROM `article` WHERE  `uid` = 1 [ RunTime:0.000393s ]

---------------------------------------------------------------
[ 2017-07-22T00:14:09+08:00 ] ::1 ::1 GET /blog/public/index.php/admin/index/deletearticle?title=%E4%B8%8B%E6%AC%A1vfda
[ log ] localhost/blog/public/index.php/admin/index/deletearticle?title=%E4%B8%8B%E6%AC%A1vfda [运行时间：0.074528s][吞吐率：13.42req/s] [内存消耗：2,373.90kb] [文件加载：53]
[ info ] [ LANG ] D:\phpStudy\WWW\blog\thinkphp\lang\zh-cn.php
[ info ] [ ROUTE ] array (
  'type' => 'module',
  'module' => 
  array (
    0 => 'admin',
    1 => 'index',
    2 => 'deletearticle',
  ),
)
[ info ] [ HEADER ] array (
  'host' => 'localhost',
  'connection' => 'keep-alive',
  'upgrade-insecure-requests' => '1',
  'user-agent' => 'Mozilla/5.0 (Windows NT 10.0; Win64; x64) AppleWebKit/537.36 (KHTML, like Gecko) Chrome/59.0.3071.115 Safari/537.36',
  'accept' => 'text/html,application/xhtml+xml,application/xml;q=0.9,image/webp,image/apng,*/*;q=0.8',
  'referer' => 'http://localhost/blog/public/index.php/admin/index/getuserarticle?id=1',
  'accept-encoding' => 'gzip, deflate, br',
  'accept-language' => 'zh-CN,zh;q=0.8',
  'cookie' => 'pgv_pvi=1955047424; province_id=1; city_id=2; district_id=3; PHPSESSID=ckut24ifknura073l8egugubp1; pgv_si=s7624048640; workspaceParam=welcome%7CIndex',
)
[ info ] [ PARAM ] array (
  'title' => '下次vfda',
)
[ info ] [ SESSION ] INIT array (
  'id' => '',
  'var_session_id' => '',
  'prefix' => 'think',
  'type' => '',
  'auto_start' => true,
)
[ info ] [ RUN ] app\admin\controller\Index->deletearticle[ D:\phpStudy\WWW\blog\app\admin\controller\Index.php ]
[ info ] [ DB ] INIT mysql
[ info ] [ LOG ] INIT File
[ sql ] [ DB ] CONNECT:[ UseTime:0.001801s ] mysql:dbname=blog;host=127.0.0.1;charset=utf8
[ sql ] [ SQL ] SHOW COLUMNS FROM `article` [ RunTime:0.007170s ]
[ sql ] [ SQL ] DELETE FROM `article`    WHERE  `title` = '下次vfda' [ RunTime:0.000367s ]

---------------------------------------------------------------
[ 2017-07-22T00:14:13+08:00 ] ::1 ::1 GET /blog/public/index.php/admin/index/deletearticle?title=%E4%B8%8B%E6%AC%A1vfda
[ log ] localhost/blog/public/index.php/admin/index/deletearticle?title=%E4%B8%8B%E6%AC%A1vfda [运行时间：0.070159s][吞吐率：14.25req/s] [内存消耗：2,380.81kb] [文件加载：54]
[ info ] [ LANG ] D:\phpStudy\WWW\blog\thinkphp\lang\zh-cn.php
[ info ] [ ROUTE ] array (
  'type' => 'module',
  'module' => 
  array (
    0 => 'admin',
    1 => 'index',
    2 => 'deletearticle',
  ),
)
[ info ] [ HEADER ] array (
  'host' => 'localhost',
  'connection' => 'keep-alive',
  'cache-control' => 'max-age=0',
  'upgrade-insecure-requests' => '1',
  'user-agent' => 'Mozilla/5.0 (Windows NT 10.0; Win64; x64) AppleWebKit/537.36 (KHTML, like Gecko) Chrome/59.0.3071.115 Safari/537.36',
  'accept' => 'text/html,application/xhtml+xml,application/xml;q=0.9,image/webp,image/apng,*/*;q=0.8',
  'referer' => 'http://localhost/blog/public/index.php/admin/index/getuserarticle?id=1',
  'accept-encoding' => 'gzip, deflate, br',
  'accept-language' => 'zh-CN,zh;q=0.8',
  'cookie' => 'pgv_pvi=1955047424; province_id=1; city_id=2; district_id=3; PHPSESSID=ckut24ifknura073l8egugubp1; pgv_si=s7624048640; workspaceParam=welcome%7CIndex',
)
[ info ] [ PARAM ] array (
  'title' => '下次vfda',
)
[ info ] [ SESSION ] INIT array (
  'id' => '',
  'var_session_id' => '',
  'prefix' => 'think',
  'type' => '',
  'auto_start' => true,
)
[ info ] [ RUN ] app\admin\controller\Index->deletearticle[ D:\phpStudy\WWW\blog\app\admin\controller\Index.php ]
[ info ] [ DB ] INIT mysql
[ info ] [ VIEW ] D:\phpStudy\WWW\blog\thinkphp\tpl\dispatch_jump.tpl [ array (
  0 => 'code',
  1 => 'msg',
  2 => 'data',
  3 => 'url',
  4 => 'wait',
) ]
[ info ] [ LOG ] INIT File
[ sql ] [ DB ] CONNECT:[ UseTime:0.002414s ] mysql:dbname=blog;host=127.0.0.1;charset=utf8
[ sql ] [ SQL ] SHOW COLUMNS FROM `article` [ RunTime:0.010226s ]
[ sql ] [ SQL ] DELETE FROM `article`    WHERE  `title` = '下次vfda' [ RunTime:0.000365s ]

---------------------------------------------------------------
[ 2017-07-22T00:14:14+08:00 ] ::1 ::1 GET /blog/public/index.php/admin/index/getuserarticle?id=1
[ log ] localhost/blog/public/index.php/admin/index/getuserarticle?id=1 [运行时间：0.073819s][吞吐率：13.55req/s] [内存消耗：2,439.86kb] [文件加载：54]
[ info ] [ LANG ] D:\phpStudy\WWW\blog\thinkphp\lang\zh-cn.php
[ info ] [ ROUTE ] array (
  'type' => 'module',
  'module' => 
  array (
    0 => 'admin',
    1 => 'index',
    2 => 'getuserarticle',
  ),
)
[ info ] [ HEADER ] array (
  'host' => 'localhost',
  'connection' => 'keep-alive',
  'upgrade-insecure-requests' => '1',
  'user-agent' => 'Mozilla/5.0 (Windows NT 10.0; Win64; x64) AppleWebKit/537.36 (KHTML, like Gecko) Chrome/59.0.3071.115 Safari/537.36',
  'accept' => 'text/html,application/xhtml+xml,application/xml;q=0.9,image/webp,image/apng,*/*;q=0.8',
  'referer' => 'http://localhost/blog/public/index.php/admin/index/getallusers',
  'accept-encoding' => 'gzip, deflate, br',
  'accept-language' => 'zh-CN,zh;q=0.8',
  'cookie' => 'pgv_pvi=1955047424; province_id=1; city_id=2; district_id=3; PHPSESSID=ckut24ifknura073l8egugubp1; pgv_si=s7624048640; workspaceParam=welcome%7CIndex',
)
[ info ] [ PARAM ] array (
  'id' => '1',
)
[ info ] [ SESSION ] INIT array (
  'id' => '',
  'var_session_id' => '',
  'prefix' => 'think',
  'type' => '',
  'auto_start' => true,
)
[ info ] [ RUN ] app\admin\controller\Index->getuserarticle[ D:\phpStudy\WWW\blog\app\admin\controller\Index.php ]
[ info ] [ DB ] INIT mysql
[ info ] [ VIEW ] D:\phpStudy\WWW\blog\public/../app/admin\view\index\getuserarticle.html [ array (
  0 => 'userarticle',
) ]
[ info ] [ LOG ] INIT File
[ sql ] [ DB ] CONNECT:[ UseTime:0.002225s ] mysql:dbname=blog;host=127.0.0.1;charset=utf8
[ sql ] [ SQL ] SHOW COLUMNS FROM `article` [ RunTime:0.007471s ]
[ sql ] [ SQL ] SELECT * FROM `article` WHERE  `uid` = 1 [ RunTime:0.000408s ]

---------------------------------------------------------------
[ 2017-07-22T11:27:10+08:00 ] ::1 ::1 GET /blog/public/index.php/admin/index/getuserarticle?id=1
[ log ] localhost/blog/public/index.php/admin/index/getuserarticle?id=1 [运行时间：2.577234s][吞吐率：0.39req/s] [内存消耗：2,439.30kb] [文件加载：54]
[ info ] [ LANG ] D:\phpStudy\WWW\blog\thinkphp\lang\zh-cn.php
[ info ] [ ROUTE ] array (
  'type' => 'module',
  'module' => 
  array (
    0 => 'admin',
    1 => 'index',
    2 => 'getuserarticle',
  ),
)
[ info ] [ HEADER ] array (
  'host' => 'localhost',
  'connection' => 'keep-alive',
  'upgrade-insecure-requests' => '1',
  'user-agent' => 'Mozilla/5.0 (Windows NT 10.0; Win64; x64) AppleWebKit/537.36 (KHTML, like Gecko) Chrome/59.0.3071.115 Safari/537.36',
  'accept' => 'text/html,application/xhtml+xml,application/xml;q=0.9,image/webp,image/apng,*/*;q=0.8',
  'referer' => 'http://localhost/blog/public/index.php/admin/index/getallusers',
  'accept-encoding' => 'gzip, deflate, br',
  'accept-language' => 'zh-CN,zh;q=0.8',
  'cookie' => 'pgv_pvi=1955047424; province_id=1; city_id=2; district_id=3; PHPSESSID=ckut24ifknura073l8egugubp1; pgv_si=s7624048640; workspaceParam=welcome%7CIndex',
)
[ info ] [ PARAM ] array (
  'id' => '1',
)
[ info ] [ SESSION ] INIT array (
  'id' => '',
  'var_session_id' => '',
  'prefix' => 'think',
  'type' => '',
  'auto_start' => true,
)
[ info ] [ RUN ] app\admin\controller\Index->getuserarticle[ D:\phpStudy\WWW\blog\app\admin\controller\Index.php ]
[ info ] [ DB ] INIT mysql
[ info ] [ VIEW ] D:\phpStudy\WWW\blog\public/../app/admin\view\index\getuserarticle.html [ array (
  0 => 'userarticle',
) ]
[ info ] [ LOG ] INIT File
[ sql ] [ DB ] CONNECT:[ UseTime:0.021983s ] mysql:dbname=blog;host=127.0.0.1;charset=utf8
[ sql ] [ SQL ] SHOW COLUMNS FROM `article` [ RunTime:0.057002s ]
[ sql ] [ SQL ] SELECT * FROM `article` WHERE  `uid` = 1 [ RunTime:0.000580s ]

---------------------------------------------------------------
[ 2017-07-22T11:27:28+08:00 ] ::1 ::1 GET /blog/public/index.php/admin/index/getuserarticle?id=1
[ log ] localhost/blog/public/index.php/admin/index/getuserarticle?id=1 [运行时间：0.084079s][吞吐率：11.89req/s] [内存消耗：2,439.30kb] [文件加载：54]
[ info ] [ LANG ] D:\phpStudy\WWW\blog\thinkphp\lang\zh-cn.php
[ info ] [ ROUTE ] array (
  'type' => 'module',
  'module' => 
  array (
    0 => 'admin',
    1 => 'index',
    2 => 'getuserarticle',
  ),
)
[ info ] [ HEADER ] array (
  'host' => 'localhost',
  'connection' => 'keep-alive',
  'upgrade-insecure-requests' => '1',
  'user-agent' => 'Mozilla/5.0 (Windows NT 10.0; Win64; x64) AppleWebKit/537.36 (KHTML, like Gecko) Chrome/59.0.3071.115 Safari/537.36',
  'accept' => 'text/html,application/xhtml+xml,application/xml;q=0.9,image/webp,image/apng,*/*;q=0.8',
  'referer' => 'http://localhost/blog/public/index.php/admin/index/getallusers',
  'accept-encoding' => 'gzip, deflate, br',
  'accept-language' => 'zh-CN,zh;q=0.8',
  'cookie' => 'pgv_pvi=1955047424; province_id=1; city_id=2; district_id=3; PHPSESSID=ckut24ifknura073l8egugubp1; pgv_si=s7624048640; workspaceParam=welcome%7CIndex',
)
[ info ] [ PARAM ] array (
  'id' => '1',
)
[ info ] [ SESSION ] INIT array (
  'id' => '',
  'var_session_id' => '',
  'prefix' => 'think',
  'type' => '',
  'auto_start' => true,
)
[ info ] [ RUN ] app\admin\controller\Index->getuserarticle[ D:\phpStudy\WWW\blog\app\admin\controller\Index.php ]
[ info ] [ DB ] INIT mysql
[ info ] [ VIEW ] D:\phpStudy\WWW\blog\public/../app/admin\view\index\getuserarticle.html [ array (
  0 => 'userarticle',
) ]
[ info ] [ LOG ] INIT File
[ sql ] [ DB ] CONNECT:[ UseTime:0.004024s ] mysql:dbname=blog;host=127.0.0.1;charset=utf8
[ sql ] [ SQL ] SHOW COLUMNS FROM `article` [ RunTime:0.016649s ]
[ sql ] [ SQL ] SELECT * FROM `article` WHERE  `uid` = 1 [ RunTime:0.000749s ]

---------------------------------------------------------------
[ 2017-07-22T11:27:28+08:00 ] ::1 ::1 GET /blog/public/index.php/index/index/index
[ log ] localhost/blog/public/index.php/index/index/index [运行时间：0.146865s][吞吐率：6.81req/s] [内存消耗：2,340.25kb] [文件加载：52]
[ info ] [ LANG ] D:\phpStudy\WWW\blog\thinkphp\lang\zh-cn.php
[ info ] [ ROUTE ] array (
  'type' => 'module',
  'module' => 
  array (
    0 => 'index',
    1 => 'index',
    2 => 'index',
  ),
)
[ info ] [ HEADER ] array (
  'host' => 'localhost',
  'connection' => 'keep-alive',
  'upgrade-insecure-requests' => '1',
  'user-agent' => 'Mozilla/5.0 (Windows NT 10.0; Win64; x64) AppleWebKit/537.36 (KHTML, like Gecko) Chrome/59.0.3071.115 Safari/537.36',
  'accept' => 'text/html,application/xhtml+xml,application/xml;q=0.9,image/webp,image/apng,*/*;q=0.8',
  'referer' => 'http://localhost/blog/public/index.php/index/index/index',
  'accept-encoding' => 'gzip, deflate, br',
  'accept-language' => 'zh-CN,zh;q=0.8',
  'cookie' => 'pgv_pvi=1955047424; province_id=1; city_id=2; district_id=3; PHPSESSID=ckut24ifknura073l8egugubp1; pgv_si=s7624048640; workspaceParam=welcome%7CIndex',
)
[ info ] [ PARAM ] array (
)
[ info ] [ RUN ] app\index\controller\Index->index[ D:\phpStudy\WWW\blog\app\index\controller\Index.php ]
[ info ] [ DB ] INIT mysql
[ info ] [ VIEW ] D:\phpStudy\WWW\blog\public/../app/index\view\index\index.html [ array (
  0 => 'article',
) ]
[ info ] [ LOG ] INIT File
[ sql ] [ DB ] CONNECT:[ UseTime:0.002821s ] mysql:dbname=blog;host=127.0.0.1;charset=utf8
[ sql ] [ SQL ] SHOW COLUMNS FROM `article` [ RunTime:0.011132s ]
[ sql ] [ SQL ] SELECT * FROM `article` WHERE  `id` = 1 [ RunTime:0.000451s ]

---------------------------------------------------------------
[ 2017-07-22T11:27:28+08:00 ] ::1 ::1 GET /blog/public/index.php/admin/index/getallusers
[ log ] localhost/blog/public/index.php/admin/index/getallusers [运行时间：0.143078s][吞吐率：6.99req/s] [内存消耗：2,434.51kb] [文件加载：54]
[ info ] [ LANG ] D:\phpStudy\WWW\blog\thinkphp\lang\zh-cn.php
[ info ] [ ROUTE ] array (
  'type' => 'module',
  'module' => 
  array (
    0 => 'admin',
    1 => 'index',
    2 => 'getallusers',
  ),
)
[ info ] [ HEADER ] array (
  'host' => 'localhost',
  'connection' => 'keep-alive',
  'upgrade-insecure-requests' => '1',
  'user-agent' => 'Mozilla/5.0 (Windows NT 10.0; Win64; x64) AppleWebKit/537.36 (KHTML, like Gecko) Chrome/59.0.3071.115 Safari/537.36',
  'accept' => 'text/html,application/xhtml+xml,application/xml;q=0.9,image/webp,image/apng,*/*;q=0.8',
  'referer' => 'http://localhost/blog/public/index.php/admin/index/edit',
  'accept-encoding' => 'gzip, deflate, br',
  'accept-language' => 'zh-CN,zh;q=0.8',
  'cookie' => 'pgv_pvi=1955047424; province_id=1; city_id=2; district_id=3; PHPSESSID=ckut24ifknura073l8egugubp1; pgv_si=s7624048640; workspaceParam=welcome%7CIndex',
)
[ info ] [ PARAM ] array (
)
[ info ] [ SESSION ] INIT array (
  'id' => '',
  'var_session_id' => '',
  'prefix' => 'think',
  'type' => '',
  'auto_start' => true,
)
[ info ] [ RUN ] app\admin\controller\Index->getallusers[ D:\phpStudy\WWW\blog\app\admin\controller\Index.php ]
[ info ] [ DB ] INIT mysql
[ info ] [ VIEW ] D:\phpStudy\WWW\blog\public/../app/admin\view\index\getallusers.html [ array (
  0 => 'allusers',
) ]
[ info ] [ LOG ] INIT File
[ sql ] [ DB ] CONNECT:[ UseTime:0.002629s ] mysql:dbname=blog;host=127.0.0.1;charset=utf8
[ sql ] [ SQL ] SHOW COLUMNS FROM `user` [ RunTime:0.073010s ]
[ sql ] [ SQL ] SELECT * FROM `user` [ RunTime:0.000461s ]

---------------------------------------------------------------
[ 2017-07-22T11:27:29+08:00 ] ::1 ::1 GET /blog/public/index/index/demo
[ log ] localhost/blog/public/index/index/demo [运行时间：0.093981s][吞吐率：10.64req/s] [内存消耗：1,634.88kb] [文件加载：45]
[ info ] [ LANG ] D:\phpStudy\WWW\blog\thinkphp\lang\zh-cn.php
[ info ] [ ROUTE ] array (
  'type' => 'module',
  'module' => 
  array (
    0 => 'index',
    1 => 'index',
    2 => 'demo',
  ),
)
[ info ] [ HEADER ] array (
  'host' => 'localhost',
  'connection' => 'keep-alive',
  'upgrade-insecure-requests' => '1',
  'user-agent' => 'Mozilla/5.0 (Windows NT 10.0; Win64; x64) AppleWebKit/537.36 (KHTML, like Gecko) Chrome/59.0.3071.115 Safari/537.36',
  'accept' => 'text/html,application/xhtml+xml,application/xml;q=0.9,image/webp,image/apng,*/*;q=0.8',
  'accept-encoding' => 'gzip, deflate, br',
  'accept-language' => 'zh-CN,zh;q=0.8',
  'cookie' => 'pgv_pvi=1955047424; province_id=1; city_id=2; district_id=3; PHPSESSID=ckut24ifknura073l8egugubp1; pgv_si=s7624048640; workspaceParam=welcome%7CIndex',
)
[ info ] [ PARAM ] array (
)
[ info ] [ RUN ] app\index\controller\Index->demo[ D:\phpStudy\WWW\blog\app\index\controller\Index.php ]
[ info ] [ VIEW ] D:\phpStudy\WWW\blog\public/../app/index\view\index\demo.html [ array (
) ]
[ info ] [ LOG ] INIT File

---------------------------------------------------------------
