[ 2017-07-31T21:47:03+08:00 ] ::1 ::1 GET /blog/public/index.php/admin/index/adduser
[ log ] localhost/blog/public/index.php/admin/index/adduser [运行时间：0.741557s][吞吐率：1.35req/s] [内存消耗：2,021.60kb] [文件加载：54]
[ info ] [ LANG ] D:\phpStudy\WWW\blog\thinkphp\lang\zh-cn.php
[ info ] [ ROUTE ] array (
  'type' => 'module',
  'module' => 
  array (
    0 => 'admin',
    1 => 'index',
    2 => 'adduser',
  ),
)
[ info ] [ HEADER ] array (
  'host' => 'localhost',
  'connection' => 'keep-alive',
  'upgrade-insecure-requests' => '1',
  'user-agent' => 'Mozilla/5.0 (Windows NT 10.0; Win64; x64) AppleWebKit/537.36 (KHTML, like Gecko) Chrome/59.0.3071.115 Safari/537.36',
  'accept' => 'text/html,application/xhtml+xml,application/xml;q=0.9,image/webp,image/apng,*/*;q=0.8',
  'referer' => 'http://localhost/blog/public/index.php/admin/index/index',
  'accept-encoding' => 'gzip, deflate, br',
  'accept-language' => 'zh-CN,zh;q=0.8',
  'cookie' => 'thinkphp_show_page_trace=0|0; thinkphp_show_page_trace=0|0; thinkphp_show_page_trace=0|0; thinkphp_show_page_trace=0|0; pgv_pvi=1955047424; PHPSESSID=ckut24ifknura073l8egugubp1; pgv_si=s7624048640; cn=0; province_id=1; city_id=2; district_id=3; autocodeigniter_com=518ffe3fa90637ae71905652dd19dc41d77b410b',
)
[ info ] [ PARAM ] array (
)
[ info ] [ SESSION ] INIT array (
  'id' => '',
  'var_session_id' => '',
  'prefix' => 'think',
  'type' => '',
  'auto_start' => true,
)
[ info ] [ RUN ] app\admin\controller\Index->adduser[ D:\phpStudy\WWW\blog\app\admin\controller\Index.php ]
[ info ] [ VIEW ] D:\phpStudy\WWW\blog\public/../app/admin\view\index\adduser.html [ array (
) ]
[ info ] [ LOG ] INIT File

---------------------------------------------------------------
[ 2017-07-31T21:47:29+08:00 ] ::1 ::1 GET /blog/public/index.php/admin/index/getallusers
[ log ] localhost/blog/public/index.php/admin/index/getallusers [运行时间：0.386074s][吞吐率：2.59req/s] [内存消耗：2,698.80kb] [文件加载：60]
[ info ] [ LANG ] D:\phpStudy\WWW\blog\thinkphp\lang\zh-cn.php
[ info ] [ ROUTE ] array (
  'type' => 'module',
  'module' => 
  array (
    0 => 'admin',
    1 => 'index',
    2 => 'getallusers',
  ),
)
[ info ] [ HEADER ] array (
  'host' => 'localhost',
  'connection' => 'keep-alive',
  'upgrade-insecure-requests' => '1',
  'user-agent' => 'Mozilla/5.0 (Windows NT 10.0; Win64; x64) AppleWebKit/537.36 (KHTML, like Gecko) Chrome/59.0.3071.115 Safari/537.36',
  'accept' => 'text/html,application/xhtml+xml,application/xml;q=0.9,image/webp,image/apng,*/*;q=0.8',
  'referer' => 'http://localhost/blog/public/index.php/admin/index/adduser',
  'accept-encoding' => 'gzip, deflate, br',
  'accept-language' => 'zh-CN,zh;q=0.8',
  'cookie' => 'thinkphp_show_page_trace=0|0; thinkphp_show_page_trace=0|0; thinkphp_show_page_trace=0|0; thinkphp_show_page_trace=0|0; pgv_pvi=1955047424; PHPSESSID=ckut24ifknura073l8egugubp1; pgv_si=s7624048640; cn=0; province_id=1; city_id=2; district_id=3; autocodeigniter_com=518ffe3fa90637ae71905652dd19dc41d77b410b',
)
[ info ] [ PARAM ] array (
)
[ info ] [ SESSION ] INIT array (
  'id' => '',
  'var_session_id' => '',
  'prefix' => 'think',
  'type' => '',
  'auto_start' => true,
)
[ info ] [ RUN ] app\admin\controller\Index->getallusers[ D:\phpStudy\WWW\blog\app\admin\controller\Index.php ]
[ info ] [ DB ] INIT mysql
[ info ] [ VIEW ] D:\phpStudy\WWW\blog\public/../app/admin\view\index\getallusers.html [ array (
  0 => 'fenye',
  1 => 'allusers',
) ]
[ info ] [ LOG ] INIT File
[ sql ] [ DB ] CONNECT:[ UseTime:0.039037s ] mysql:dbname=blog;host=127.0.0.1;charset=utf8
[ sql ] [ SQL ] SHOW COLUMNS FROM `user` [ RunTime:0.068942s ]
[ sql ] [ SQL ] SELECT * FROM `user` [ RunTime:0.015441s ]
[ sql ] [ SQL ] SELECT * FROM `user` LIMIT 0,7 [ RunTime:0.000596s ]

---------------------------------------------------------------
[ 2017-07-31T21:48:48+08:00 ] ::1 ::1 GET /blog/public/index.php/admin/index/index
[ log ] localhost/blog/public/index.php/admin/index/index [运行时间：0.178386s][吞吐率：5.61req/s] [内存消耗：2,550.88kb] [文件加载：57]
[ info ] [ LANG ] D:\phpStudy\WWW\blog\thinkphp\lang\zh-cn.php
[ info ] [ ROUTE ] array (
  'type' => 'module',
  'module' => 
  array (
    0 => 'admin',
    1 => 'index',
    2 => 'index',
  ),
)
[ info ] [ HEADER ] array (
  'host' => 'localhost',
  'connection' => 'keep-alive',
  'upgrade-insecure-requests' => '1',
  'user-agent' => 'Mozilla/5.0 (Windows NT 10.0; Win64; x64) AppleWebKit/537.36 (KHTML, like Gecko) Chrome/59.0.3071.115 Safari/537.36',
  'accept' => 'text/html,application/xhtml+xml,application/xml;q=0.9,image/webp,image/apng,*/*;q=0.8',
  'referer' => 'http://localhost/blog/public/index.php/admin/index/getallusers',
  'accept-encoding' => 'gzip, deflate, br',
  'accept-language' => 'zh-CN,zh;q=0.8',
  'cookie' => 'thinkphp_show_page_trace=0|0; thinkphp_show_page_trace=0|0; thinkphp_show_page_trace=0|0; thinkphp_show_page_trace=0|0; pgv_pvi=1955047424; PHPSESSID=ckut24ifknura073l8egugubp1; pgv_si=s7624048640; cn=0; province_id=1; city_id=2; district_id=3; autocodeigniter_com=518ffe3fa90637ae71905652dd19dc41d77b410b',
)
[ info ] [ PARAM ] array (
)
[ info ] [ SESSION ] INIT array (
  'id' => '',
  'var_session_id' => '',
  'prefix' => 'think',
  'type' => '',
  'auto_start' => true,
)
[ info ] [ RUN ] app\admin\controller\Index->index[ D:\phpStudy\WWW\blog\app\admin\controller\Index.php ]
[ info ] [ DB ] INIT mysql
[ info ] [ VIEW ] D:\phpStudy\WWW\blog\public/../app/admin\view\index\index.html [ array (
  0 => 'article',
) ]
[ info ] [ LOG ] INIT File
[ sql ] [ DB ] CONNECT:[ UseTime:0.001912s ] mysql:dbname=blog;host=127.0.0.1;charset=utf8
[ sql ] [ SQL ] SHOW COLUMNS FROM `article` [ RunTime:0.103348s ]
[ sql ] [ SQL ] SELECT * FROM `article` ORDER BY create_time desc [ RunTime:0.002400s ]

---------------------------------------------------------------
[ 2017-07-31T21:49:47+08:00 ] ::1 ::1 GET /blog/public/index.php/admin/index/adduser
[ log ] localhost/blog/public/index.php/admin/index/adduser [运行时间：0.048468s][吞吐率：20.63req/s] [内存消耗：1,856.20kb] [文件加载：52]
[ info ] [ LANG ] D:\phpStudy\WWW\blog\thinkphp\lang\zh-cn.php
[ info ] [ ROUTE ] array (
  'type' => 'module',
  'module' => 
  array (
    0 => 'admin',
    1 => 'index',
    2 => 'adduser',
  ),
)
[ info ] [ HEADER ] array (
  'host' => 'localhost',
  'connection' => 'keep-alive',
  'upgrade-insecure-requests' => '1',
  'user-agent' => 'Mozilla/5.0 (Windows NT 10.0; Win64; x64) AppleWebKit/537.36 (KHTML, like Gecko) Chrome/59.0.3071.115 Safari/537.36',
  'accept' => 'text/html,application/xhtml+xml,application/xml;q=0.9,image/webp,image/apng,*/*;q=0.8',
  'referer' => 'http://localhost/blog/public/index.php/admin/index/index',
  'accept-encoding' => 'gzip, deflate, br',
  'accept-language' => 'zh-CN,zh;q=0.8',
  'cookie' => 'thinkphp_show_page_trace=0|0; thinkphp_show_page_trace=0|0; thinkphp_show_page_trace=0|0; thinkphp_show_page_trace=0|0; pgv_pvi=1955047424; PHPSESSID=ckut24ifknura073l8egugubp1; pgv_si=s7624048640; cn=0; province_id=1; city_id=2; district_id=3; autocodeigniter_com=518ffe3fa90637ae71905652dd19dc41d77b410b',
)
[ info ] [ PARAM ] array (
)
[ info ] [ SESSION ] INIT array (
  'id' => '',
  'var_session_id' => '',
  'prefix' => 'think',
  'type' => '',
  'auto_start' => true,
)
[ info ] [ RUN ] app\admin\controller\Index->adduser[ D:\phpStudy\WWW\blog\app\admin\controller\Index.php ]
[ info ] [ VIEW ] D:\phpStudy\WWW\blog\public/../app/admin\view\index\adduser.html [ array (
) ]
[ info ] [ LOG ] INIT File

---------------------------------------------------------------
